#
# A fatal error has been detected by the Java Runtime Environment:
#
#  Internal Error (t:/workspace/open/src/hotspot/os_cpu/windows_x86/os_windows_x86.cpp:145), pid=11364, tid=2636
#  guarantee(result == EXCEPTION_CONTINUE_EXECUTION) failed: Unexpected result from topLevelExceptionFilter
#
# JRE version: OpenJDK Runtime Environment (11.0.1+13) (build 11.0.1+13)
# Java VM: OpenJDK 64-Bit Server VM (11.0.1+13, mixed mode, tiered, compressed oops, g1 gc, windows-amd64)
# No core dump will be written. Minidumps are not enabled by default on client versions of Windows
#
# If you would like to submit a bug report, please visit:
#   http://bugreport.java.com/bugreport/crash.jsp
# The crash happened outside the Java Virtual Machine in native code.
# See problematic frame for where to report the bug.
#

---------------  S U M M A R Y ------------

Command Line: -Dfile.encoding=UTF8 -ea -Xmx1024m 

Host: Intel(R) Core(TM) i3-9100F CPU @ 3.60GHz, 4 cores, 15G,  Windows 10 , 64 bit Build 18362 (10.0.18362.1082)
Time: Fri Sep 11 12:29:47 2020 ¢¥eCN©öI¡¾©ö C¡ÍA¨ª¨öA elapsed time: 10 seconds (0d 0h 0m 10s)

---------------  T H R E A D  ---------------

Current thread (0x000002494efb1000):  JavaThread "Python Reference Queue" daemon [_thread_in_native, id=2636, stack(0x0000009128b30000,0x0000009128d20000)]

Stack: [0x0000009128b30000,0x0000009128d20000]
Native frames: (J=compiled Java code, j=interpreted, Vv=VM code, C=native code)
C  0x00007ffa200ead9a
C  0x00007ffa2022851f
C  0x00007ffa20229b08
C  0x00007ffa2022a177
C  0x00007ffa1fd1241c
C  0x00007ffa200ea88c
C  [ntdll.dll+0xa11cf]
C  [ntdll.dll+0x6a209]
C  [ntdll.dll+0x9fe3e]
C  [tcl86t.dll+0xe0dcb]
C  [tcl86t.dll+0xe0e0b]
C  [tcl86t.dll+0x121b3]
C  [tcl86t.dll+0x1439c]
C  [_tkinter.pyd+0x443c]
C  [python36.dll+0xd790]
C  [python36.dll+0xd381]
C  [python36.dll+0xd7a5]
C  [python36.dll+0x8dfad]
C  [python36.dll+0xb54b]
C  [python36.dll+0x1a88]
C  [python36.dll+0x16a8]
C  [python36.dll+0x1031]
C  0x00007ffa2322bee0  Java_jpype_ref_JPypeReferenceQueue_wake+0x40  (jp_reference_queue.cpp:60)
C  0x0000024a03bef037

Java frames: (J=compiled Java code, j=interpreted, Vv=VM code)
j  org.jpype.ref.JPypeReferenceQueue.wake(J)V+0
j  org.jpype.ref.JPypeReferenceQueue$Worker.run()V+49
j  java.lang.Thread.run()V+11 java.base@11.0.1
v  ~StubRoutines::call_stub

---------------  P R O C E S S  ---------------

Threads class SMR info:
_java_thread_list=0x000002495cde17e0, length=11, elements={
0x0000024954147800, 0x000002494d837800, 0x000002494815a000, 0x000002495c890800,
0x0000024953678800, 0x000002494eb9e000, 0x0000024947eaf800, 0x000002494814b000,
0x00000249f6a5b800, 0x0000024956b79800, 0x000002494efb1000
}

Java Threads: ( => current thread )
  0x0000024954147800 JavaThread "main" [_thread_in_native, id=1564, stack(0x0000009123400000,0x00000091235f0000)]
  0x000002494d837800 JavaThread "Reference Handler" daemon [_thread_blocked, id=4708, stack(0x00000091277d0000,0x00000091279c0000)]
  0x000002494815a000 JavaThread "Finalizer" daemon [_thread_blocked, id=1544, stack(0x00000091279c0000,0x0000009127bb0000)]
  0x000002495c890800 JavaThread "Signal Dispatcher" daemon [_thread_blocked, id=12476, stack(0x0000009127bb0000,0x0000009127da0000)]
  0x0000024953678800 JavaThread "Attach Listener" daemon [_thread_blocked, id=1232, stack(0x0000009127da0000,0x0000009127f90000)]
  0x000002494eb9e000 JavaThread "C2 CompilerThread0" daemon [_thread_blocked, id=15936, stack(0x0000009127f90000,0x0000009128180000)]
  0x0000024947eaf800 JavaThread "C1 CompilerThread0" daemon [_thread_blocked, id=14500, stack(0x0000009128180000,0x0000009128370000)]
  0x000002494814b000 JavaThread "Sweeper thread" daemon [_thread_blocked, id=4452, stack(0x0000009128370000,0x0000009128560000)]
  0x00000249f6a5b800 JavaThread "Service Thread" daemon [_thread_blocked, id=13440, stack(0x0000009128560000,0x0000009128750000)]
  0x0000024956b79800 JavaThread "Common-Cleaner" daemon [_thread_blocked, id=6608, stack(0x0000009128940000,0x0000009128b30000)]
=>0x000002494efb1000 JavaThread "Python Reference Queue" daemon [_thread_in_native, id=2636, stack(0x0000009128b30000,0x0000009128d20000)]

Other Threads:
  0x0000024956d1e000 VMThread "VM Thread" [stack: 0x00000091275e0000,0x00000091277d0000] [id=4928]
  0x000002495c15c000 WatcherThread [stack: 0x0000009128750000,0x0000009128940000] [id=9588]
  0x0000024959983800 GCTaskThread "GC Thread#0" [stack: 0x0000009126c30000,0x0000009126e20000] [id=14936]
  0x00000249f692b800 GCTaskThread "GC Thread#1" [stack: 0x0000009128d20000,0x0000009128f10000] [id=2276]
  0x0000024956d18000 GCTaskThread "GC Thread#2" [stack: 0x0000009128f10000,0x0000009129100000] [id=6836]
  0x0000024956d1f800 GCTaskThread "GC Thread#3" [stack: 0x0000009129100000,0x00000091292f0000] [id=6780]
  0x000002494eda3000 ConcurrentGCThread "G1 Main Marker" [stack: 0x0000009126e20000,0x0000009127010000] [id=14748]
  0x0000024953eda800 ConcurrentGCThread "G1 Conc#0" [stack: 0x0000009127010000,0x0000009127200000] [id=12472]
  0x00000249f69ad800 ConcurrentGCThread "G1 Refine#0" [stack: 0x0000009127200000,0x00000091273f0000] [id=14532]
  0x000002495935f000 ConcurrentGCThread "G1 Refine#1" [stack: 0x00000091294e0000,0x00000091296d0000] [id=8288]
  0x0000024a17fc6000 ConcurrentGCThread "G1 Refine#2" [stack: 0x00000091296d0000,0x00000091298c0000] [id=6984]
  0x000002494e89e800 ConcurrentGCThread "G1 Young RemSet Sampling" [stack: 0x00000091273f0000,0x00000091275e0000] [id=7852]

Threads with active compile tasks:

VM state:not at safepoint (normal execution)

VM Mutex/Monitor currently owned by a thread: None

Heap address: 0x00000000c0000000, size: 1024 MB, Compressed Oops mode: 32-bit
Narrow klass base: 0x0000000000000000, Narrow klass shift: 3
Compressed class space size: 1073741824 Address: 0x0000000100000000

Heap:
 garbage-first heap   total 329728K, used 179029K [0x00000000c0000000, 0x0000000100000000)
  region size 1024K, 105 young (107520K), 15 survivors (15360K)
 Metaspace       used 17083K, capacity 17492K, committed 17792K, reserved 1064960K
  class space    used 2209K, capacity 2376K, committed 2432K, reserved 1048576K
Heap Regions: E=young(eden), S=young(survivor), O=old, HS=humongous(starts), HC=humongous(continues), CS=collection set, F=free, A=archive, TAMS=top-at-mark-start (previous, next)
|   0|0x00000000c0000000, 0x00000000c0085cb0, 0x00000000c0100000| 52%| O|  |TAMS 0x00000000c0085cb0, 0x00000000c0000000| Untracked 
|   1|0x00000000c0100000, 0x00000000c01d06a8, 0x00000000c0200000| 81%| O|  |TAMS 0x00000000c01d06a8, 0x00000000c0100000| Untracked 
|   2|0x00000000c0200000, 0x00000000c0227a30, 0x00000000c0300000| 15%| O|  |TAMS 0x00000000c0227a30, 0x00000000c0200000| Untracked 
|   3|0x00000000c0300000, 0x00000000c0357a60, 0x00000000c0400000| 34%| O|  |TAMS 0x00000000c0357a60, 0x00000000c0300000| Untracked 
|   4|0x00000000c0400000, 0x00000000c0500000, 0x00000000c0500000|100%| O|  |TAMS 0x00000000c0500000, 0x00000000c0400000| Untracked 
|   5|0x00000000c0500000, 0x00000000c0600000, 0x00000000c0600000|100%| O|  |TAMS 0x00000000c0600000, 0x00000000c0500000| Untracked 
|   6|0x00000000c0600000, 0x00000000c0700000, 0x00000000c0700000|100%| O|  |TAMS 0x00000000c066fc00, 0x00000000c0600000| Untracked 
|   7|0x00000000c0700000, 0x00000000c0800000, 0x00000000c0800000|100%|HS|  |TAMS 0x00000000c0700000, 0x00000000c0700000| Complete 
|   8|0x00000000c0800000, 0x00000000c0900000, 0x00000000c0900000|100%|HS|  |TAMS 0x00000000c0800000, 0x00000000c0800000| Complete 
|   9|0x00000000c0900000, 0x00000000c0a00000, 0x00000000c0a00000|100%|HS|  |TAMS 0x00000000c0900000, 0x00000000c0900000| Complete 
|  10|0x00000000c0a00000, 0x00000000c0b00000, 0x00000000c0b00000|100%|HC|  |TAMS 0x00000000c0a00000, 0x00000000c0a00000| Complete 
|  11|0x00000000c0b00000, 0x00000000c0c00000, 0x00000000c0c00000|100%| O|  |TAMS 0x00000000c0b00000, 0x00000000c0b00000| Untracked 
|  12|0x00000000c0c00000, 0x00000000c0d00000, 0x00000000c0d00000|100%|HS|  |TAMS 0x00000000c0c00000, 0x00000000c0c00000| Complete 
|  13|0x00000000c0d00000, 0x00000000c0e00000, 0x00000000c0e00000|100%|HC|  |TAMS 0x00000000c0d00000, 0x00000000c0d00000| Complete 
|  14|0x00000000c0e00000, 0x00000000c0f00000, 0x00000000c0f00000|100%| O|  |TAMS 0x00000000c0e00000, 0x00000000c0e00000| Untracked 
|  15|0x00000000c0f00000, 0x00000000c1000000, 0x00000000c1000000|100%| O|  |TAMS 0x00000000c0f00000, 0x00000000c0f00000| Untracked 
|  16|0x00000000c1000000, 0x00000000c1100000, 0x00000000c1100000|100%| O|  |TAMS 0x00000000c1000000, 0x00000000c1000000| Untracked 
|  17|0x00000000c1100000, 0x00000000c1200000, 0x00000000c1200000|100%| O|  |TAMS 0x00000000c1100000, 0x00000000c1100000| Untracked 
|  18|0x00000000c1200000, 0x00000000c1300000, 0x00000000c1300000|100%| O|  |TAMS 0x00000000c1200000, 0x00000000c1200000| Untracked 
|  19|0x00000000c1300000, 0x00000000c1400000, 0x00000000c1400000|100%| O|  |TAMS 0x00000000c1300000, 0x00000000c1300000| Untracked 
|  20|0x00000000c1400000, 0x00000000c1500000, 0x00000000c1500000|100%| O|  |TAMS 0x00000000c1400000, 0x00000000c1400000| Untracked 
|  21|0x00000000c1500000, 0x00000000c1600000, 0x00000000c1600000|100%| O|  |TAMS 0x00000000c1500000, 0x00000000c1500000| Untracked 
|  22|0x00000000c1600000, 0x00000000c1700000, 0x00000000c1700000|100%|HS|  |TAMS 0x00000000c1600000, 0x00000000c1600000| Complete 
|  23|0x00000000c1700000, 0x00000000c1800000, 0x00000000c1800000|100%|HS|  |TAMS 0x00000000c1700000, 0x00000000c1700000| Complete 
|  24|0x00000000c1800000, 0x00000000c1900000, 0x00000000c1900000|100%|HS|  |TAMS 0x00000000c1800000, 0x00000000c1800000| Complete 
|  25|0x00000000c1900000, 0x00000000c1a00000, 0x00000000c1a00000|100%|HS|  |TAMS 0x00000000c1900000, 0x00000000c1900000| Complete 
|  26|0x00000000c1a00000, 0x00000000c1b00000, 0x00000000c1b00000|100%|HS|  |TAMS 0x00000000c1a00000, 0x00000000c1a00000| Complete 
|  27|0x00000000c1b00000, 0x00000000c1c00000, 0x00000000c1c00000|100%|HC|  |TAMS 0x00000000c1b00000, 0x00000000c1b00000| Complete 
|  28|0x00000000c1c00000, 0x00000000c1d00000, 0x00000000c1d00000|100%|HS|  |TAMS 0x00000000c1c00000, 0x00000000c1c00000| Complete 
|  29|0x00000000c1d00000, 0x00000000c1e00000, 0x00000000c1e00000|100%|HC|  |TAMS 0x00000000c1d00000, 0x00000000c1d00000| Complete 
|  30|0x00000000c1e00000, 0x00000000c1f00000, 0x00000000c1f00000|100%|HS|  |TAMS 0x00000000c1e00000, 0x00000000c1e00000| Complete 
|  31|0x00000000c1f00000, 0x00000000c2000000, 0x00000000c2000000|100%|HS|  |TAMS 0x00000000c1f00000, 0x00000000c1f00000| Complete 
|  32|0x00000000c2000000, 0x00000000c2100000, 0x00000000c2100000|100%|HS|  |TAMS 0x00000000c2000000, 0x00000000c2000000| Complete 
|  33|0x00000000c2100000, 0x00000000c2200000, 0x00000000c2200000|100%|HC|  |TAMS 0x00000000c2100000, 0x00000000c2100000| Complete 
|  34|0x00000000c2200000, 0x00000000c2300000, 0x00000000c2300000|100%|HS|  |TAMS 0x00000000c2200000, 0x00000000c2200000| Complete 
|  35|0x00000000c2300000, 0x00000000c2400000, 0x00000000c2400000|100%|HC|  |TAMS 0x00000000c2300000, 0x00000000c2300000| Complete 
|  36|0x00000000c2400000, 0x00000000c2500000, 0x00000000c2500000|100%| O|  |TAMS 0x00000000c2400000, 0x00000000c2400000| Untracked 
|  37|0x00000000c2500000, 0x00000000c2600000, 0x00000000c2600000|100%| O|  |TAMS 0x00000000c2500000, 0x00000000c2500000| Untracked 
|  38|0x00000000c2600000, 0x00000000c2700000, 0x00000000c2700000|100%| O|  |TAMS 0x00000000c2600000, 0x00000000c2600000| Untracked 
|  39|0x00000000c2700000, 0x00000000c2800000, 0x00000000c2800000|100%| O|  |TAMS 0x00000000c2700000, 0x00000000c2700000| Untracked 
|  40|0x00000000c2800000, 0x00000000c2900000, 0x00000000c2900000|100%|HS|  |TAMS 0x00000000c2800000, 0x00000000c2800000| Complete 
|  41|0x00000000c2900000, 0x00000000c2a00000, 0x00000000c2a00000|100%| O|  |TAMS 0x00000000c2900000, 0x00000000c2900000| Untracked 
|  42|0x00000000c2a00000, 0x00000000c2b00000, 0x00000000c2b00000|100%| O|  |TAMS 0x00000000c2a00000, 0x00000000c2a00000| Untracked 
|  43|0x00000000c2b00000, 0x00000000c2c00000, 0x00000000c2c00000|100%| O|  |TAMS 0x00000000c2b00000, 0x00000000c2b00000| Untracked 
|  44|0x00000000c2c00000, 0x00000000c2d00000, 0x00000000c2d00000|100%| O|  |TAMS 0x00000000c2c00000, 0x00000000c2c00000| Untracked 
|  45|0x00000000c2d00000, 0x00000000c2e00000, 0x00000000c2e00000|100%| O|  |TAMS 0x00000000c2d00000, 0x00000000c2d00000| Untracked 
|  46|0x00000000c2e00000, 0x00000000c2f00000, 0x00000000c2f00000|100%| O|  |TAMS 0x00000000c2e00000, 0x00000000c2e00000| Untracked 
|  47|0x00000000c2f00000, 0x00000000c3000000, 0x00000000c3000000|100%| O|  |TAMS 0x00000000c2f00000, 0x00000000c2f00000| Untracked 
|  48|0x00000000c3000000, 0x00000000c3100000, 0x00000000c3100000|100%| O|  |TAMS 0x00000000c3000000, 0x00000000c3000000| Untracked 
|  49|0x00000000c3100000, 0x00000000c3200000, 0x00000000c3200000|100%| O|  |TAMS 0x00000000c3100000, 0x00000000c3100000| Untracked 
|  50|0x00000000c3200000, 0x00000000c3300000, 0x00000000c3300000|100%| O|  |TAMS 0x00000000c3200000, 0x00000000c3200000| Untracked 
|  51|0x00000000c3300000, 0x00000000c3400000, 0x00000000c3400000|100%| O|  |TAMS 0x00000000c3300000, 0x00000000c3300000| Untracked 
|  52|0x00000000c3400000, 0x00000000c3500000, 0x00000000c3500000|100%| O|  |TAMS 0x00000000c3400000, 0x00000000c3400000| Untracked 
|  53|0x00000000c3500000, 0x00000000c3600000, 0x00000000c3600000|100%| O|  |TAMS 0x00000000c3500000, 0x00000000c3500000| Untracked 
|  54|0x00000000c3600000, 0x00000000c3700000, 0x00000000c3700000|100%| O|  |TAMS 0x00000000c3600000, 0x00000000c3600000| Untracked 
|  55|0x00000000c3700000, 0x00000000c3800000, 0x00000000c3800000|100%| O|  |TAMS 0x00000000c3700000, 0x00000000c3700000| Untracked 
|  56|0x00000000c3800000, 0x00000000c3900000, 0x00000000c3900000|100%| O|  |TAMS 0x00000000c3800000, 0x00000000c3800000| Untracked 
|  57|0x00000000c3900000, 0x00000000c3a00000, 0x00000000c3a00000|100%| O|  |TAMS 0x00000000c3900000, 0x00000000c3900000| Untracked 
|  58|0x00000000c3a00000, 0x00000000c3b00000, 0x00000000c3b00000|100%| O|  |TAMS 0x00000000c3a00000, 0x00000000c3a00000| Untracked 
|  59|0x00000000c3b00000, 0x00000000c3c00000, 0x00000000c3c00000|100%| O|  |TAMS 0x00000000c3b00000, 0x00000000c3b00000| Untracked 
|  60|0x00000000c3c00000, 0x00000000c3d00000, 0x00000000c3d00000|100%| O|  |TAMS 0x00000000c3c00000, 0x00000000c3c00000| Untracked 
|  61|0x00000000c3d00000, 0x00000000c3e00000, 0x00000000c3e00000|100%| O|  |TAMS 0x00000000c3d00000, 0x00000000c3d00000| Untracked 
|  62|0x00000000c3e00000, 0x00000000c3f00000, 0x00000000c3f00000|100%| O|  |TAMS 0x00000000c3e00000, 0x00000000c3e00000| Untracked 
|  63|0x00000000c3f00000, 0x00000000c4000000, 0x00000000c4000000|100%| O|  |TAMS 0x00000000c3f00000, 0x00000000c3f00000| Untracked 
|  64|0x00000000c4000000, 0x00000000c4100000, 0x00000000c4100000|100%| O|  |TAMS 0x00000000c4000000, 0x00000000c4000000| Untracked 
|  65|0x00000000c4100000, 0x00000000c4200000, 0x00000000c4200000|100%| O|  |TAMS 0x00000000c4100000, 0x00000000c4100000| Untracked 
|  66|0x00000000c4200000, 0x00000000c4300000, 0x00000000c4300000|100%| O|  |TAMS 0x00000000c4200000, 0x00000000c4200000| Untracked 
|  67|0x00000000c4300000, 0x00000000c4400000, 0x00000000c4400000|100%| O|  |TAMS 0x00000000c4300000, 0x00000000c4300000| Untracked 
|  68|0x00000000c4400000, 0x00000000c4500000, 0x00000000c4500000|100%| O|  |TAMS 0x00000000c4400000, 0x00000000c4400000| Untracked 
|  69|0x00000000c4500000, 0x00000000c4600000, 0x00000000c4600000|100%| O|  |TAMS 0x00000000c4500000, 0x00000000c4500000| Untracked 
|  70|0x00000000c4600000, 0x00000000c4700000, 0x00000000c4700000|100%| O|  |TAMS 0x00000000c4600000, 0x00000000c4600000| Untracked 
|  71|0x00000000c4700000, 0x00000000c4800000, 0x00000000c4800000|100%| O|  |TAMS 0x00000000c4700000, 0x00000000c4700000| Untracked 
|  72|0x00000000c4800000, 0x00000000c4900000, 0x00000000c4900000|100%| O|  |TAMS 0x00000000c4800000, 0x00000000c4800000| Untracked 
|  73|0x00000000c4900000, 0x00000000c4980000, 0x00000000c4a00000| 50%| O|  |TAMS 0x00000000c4900000, 0x00000000c4900000| Untracked 
|  74|0x00000000c4a00000, 0x00000000c4a00000, 0x00000000c4b00000|  0%| F|  |TAMS 0x00000000c4a00000, 0x00000000c4a00000| Untracked 
|  75|0x00000000c4b00000, 0x00000000c4b00000, 0x00000000c4c00000|  0%| F|  |TAMS 0x00000000c4b00000, 0x00000000c4b00000| Untracked 
|  76|0x00000000c4c00000, 0x00000000c4c00000, 0x00000000c4d00000|  0%| F|  |TAMS 0x00000000c4c00000, 0x00000000c4c00000| Untracked 
|  77|0x00000000c4d00000, 0x00000000c4d00000, 0x00000000c4e00000|  0%| F|  |TAMS 0x00000000c4d00000, 0x00000000c4d00000| Untracked 
|  78|0x00000000c4e00000, 0x00000000c4e00000, 0x00000000c4f00000|  0%| F|  |TAMS 0x00000000c4e00000, 0x00000000c4e00000| Untracked 
|  79|0x00000000c4f00000, 0x00000000c4f00000, 0x00000000c5000000|  0%| F|  |TAMS 0x00000000c4f00000, 0x00000000c4f00000| Untracked 
|  80|0x00000000c5000000, 0x00000000c5000000, 0x00000000c5100000|  0%| F|  |TAMS 0x00000000c5000000, 0x00000000c5000000| Untracked 
|  81|0x00000000c5100000, 0x00000000c5100000, 0x00000000c5200000|  0%| F|  |TAMS 0x00000000c5100000, 0x00000000c5100000| Untracked 
|  82|0x00000000c5200000, 0x00000000c5200000, 0x00000000c5300000|  0%| F|  |TAMS 0x00000000c5200000, 0x00000000c5200000| Untracked 
|  83|0x00000000c5300000, 0x00000000c5300000, 0x00000000c5400000|  0%| F|  |TAMS 0x00000000c5300000, 0x00000000c5300000| Untracked 
|  84|0x00000000c5400000, 0x00000000c5400000, 0x00000000c5500000|  0%| F|  |TAMS 0x00000000c5400000, 0x00000000c5400000| Untracked 
|  85|0x00000000c5500000, 0x00000000c5500000, 0x00000000c5600000|  0%| F|  |TAMS 0x00000000c5500000, 0x00000000c5500000| Untracked 
|  86|0x00000000c5600000, 0x00000000c5600000, 0x00000000c5700000|  0%| F|  |TAMS 0x00000000c5600000, 0x00000000c5600000| Untracked 
|  87|0x00000000c5700000, 0x00000000c5700000, 0x00000000c5800000|  0%| F|  |TAMS 0x00000000c5700000, 0x00000000c5700000| Untracked 
|  88|0x00000000c5800000, 0x00000000c5800000, 0x00000000c5900000|  0%| F|  |TAMS 0x00000000c5800000, 0x00000000c5800000| Untracked 
|  89|0x00000000c5900000, 0x00000000c5900000, 0x00000000c5a00000|  0%| F|  |TAMS 0x00000000c5900000, 0x00000000c5900000| Untracked 
|  90|0x00000000c5a00000, 0x00000000c5a00000, 0x00000000c5b00000|  0%| F|  |TAMS 0x00000000c5a00000, 0x00000000c5a00000| Untracked 
|  91|0x00000000c5b00000, 0x00000000c5b00000, 0x00000000c5c00000|  0%| F|  |TAMS 0x00000000c5b00000, 0x00000000c5b00000| Untracked 
|  92|0x00000000c5c00000, 0x00000000c5c00000, 0x00000000c5d00000|  0%| F|  |TAMS 0x00000000c5c00000, 0x00000000c5c00000| Untracked 
|  93|0x00000000c5d00000, 0x00000000c5d00000, 0x00000000c5e00000|  0%| F|  |TAMS 0x00000000c5d00000, 0x00000000c5d00000| Untracked 
|  94|0x00000000c5e00000, 0x00000000c5e00000, 0x00000000c5f00000|  0%| F|  |TAMS 0x00000000c5e00000, 0x00000000c5e00000| Untracked 
|  95|0x00000000c5f00000, 0x00000000c5f00000, 0x00000000c6000000|  0%| F|  |TAMS 0x00000000c5f00000, 0x00000000c5f00000| Untracked 
|  96|0x00000000c6000000, 0x00000000c6000000, 0x00000000c6100000|  0%| F|  |TAMS 0x00000000c6000000, 0x00000000c6000000| Untracked 
|  97|0x00000000c6100000, 0x00000000c6100000, 0x00000000c6200000|  0%| F|  |TAMS 0x00000000c6100000, 0x00000000c6100000| Untracked 
|  98|0x00000000c6200000, 0x00000000c6200000, 0x00000000c6300000|  0%| F|  |TAMS 0x00000000c6200000, 0x00000000c6200000| Untracked 
|  99|0x00000000c6300000, 0x00000000c6300000, 0x00000000c6400000|  0%| F|  |TAMS 0x00000000c6300000, 0x00000000c6300000| Untracked 
| 100|0x00000000c6400000, 0x00000000c6400000, 0x00000000c6500000|  0%| F|  |TAMS 0x00000000c6400000, 0x00000000c6400000| Untracked 
| 101|0x00000000c6500000, 0x00000000c6500000, 0x00000000c6600000|  0%| F|  |TAMS 0x00000000c6500000, 0x00000000c6500000| Untracked 
| 102|0x00000000c6600000, 0x00000000c6600000, 0x00000000c6700000|  0%| F|  |TAMS 0x00000000c6600000, 0x00000000c6600000| Untracked 
| 103|0x00000000c6700000, 0x00000000c6700000, 0x00000000c6800000|  0%| F|  |TAMS 0x00000000c6700000, 0x00000000c6700000| Untracked 
| 104|0x00000000c6800000, 0x00000000c6800000, 0x00000000c6900000|  0%| F|  |TAMS 0x00000000c6800000, 0x00000000c6800000| Untracked 
| 105|0x00000000c6900000, 0x00000000c6900000, 0x00000000c6a00000|  0%| F|  |TAMS 0x00000000c6900000, 0x00000000c6900000| Untracked 
| 106|0x00000000c6a00000, 0x00000000c6a00000, 0x00000000c6b00000|  0%| F|  |TAMS 0x00000000c6a00000, 0x00000000c6a00000| Untracked 
| 107|0x00000000c6b00000, 0x00000000c6b00000, 0x00000000c6c00000|  0%| F|  |TAMS 0x00000000c6b00000, 0x00000000c6b00000| Untracked 
| 108|0x00000000c6c00000, 0x00000000c6c00000, 0x00000000c6d00000|  0%| F|  |TAMS 0x00000000c6c00000, 0x00000000c6c00000| Untracked 
| 109|0x00000000c6d00000, 0x00000000c6d00000, 0x00000000c6e00000|  0%| F|  |TAMS 0x00000000c6d00000, 0x00000000c6d00000| Untracked 
| 110|0x00000000c6e00000, 0x00000000c6e00000, 0x00000000c6f00000|  0%| F|  |TAMS 0x00000000c6e00000, 0x00000000c6e00000| Untracked 
| 111|0x00000000c6f00000, 0x00000000c6f00000, 0x00000000c7000000|  0%| F|  |TAMS 0x00000000c6f00000, 0x00000000c6f00000| Untracked 
| 112|0x00000000c7000000, 0x00000000c7000000, 0x00000000c7100000|  0%| F|  |TAMS 0x00000000c7000000, 0x00000000c7000000| Untracked 
| 113|0x00000000c7100000, 0x00000000c7100000, 0x00000000c7200000|  0%| F|  |TAMS 0x00000000c7100000, 0x00000000c7100000| Untracked 
| 114|0x00000000c7200000, 0x00000000c7200000, 0x00000000c7300000|  0%| F|  |TAMS 0x00000000c7200000, 0x00000000c7200000| Untracked 
| 115|0x00000000c7300000, 0x00000000c7300000, 0x00000000c7400000|  0%| F|  |TAMS 0x00000000c7300000, 0x00000000c7300000| Untracked 
| 116|0x00000000c7400000, 0x00000000c7400000, 0x00000000c7500000|  0%| F|  |TAMS 0x00000000c7400000, 0x00000000c7400000| Untracked 
| 117|0x00000000c7500000, 0x00000000c7500000, 0x00000000c7600000|  0%| F|  |TAMS 0x00000000c7500000, 0x00000000c7500000| Untracked 
| 118|0x00000000c7600000, 0x00000000c7600000, 0x00000000c7700000|  0%| F|  |TAMS 0x00000000c7600000, 0x00000000c7600000| Untracked 
| 119|0x00000000c7700000, 0x00000000c7700000, 0x00000000c7800000|  0%| F|  |TAMS 0x00000000c7700000, 0x00000000c7700000| Untracked 
| 120|0x00000000c7800000, 0x00000000c7800000, 0x00000000c7900000|  0%| F|  |TAMS 0x00000000c7800000, 0x00000000c7800000| Untracked 
| 121|0x00000000c7900000, 0x00000000c7900000, 0x00000000c7a00000|  0%| F|  |TAMS 0x00000000c7900000, 0x00000000c7900000| Untracked 
| 122|0x00000000c7a00000, 0x00000000c7a00000, 0x00000000c7b00000|  0%| F|  |TAMS 0x00000000c7a00000, 0x00000000c7a00000| Untracked 
| 123|0x00000000c7b00000, 0x00000000c7b00000, 0x00000000c7c00000|  0%| F|  |TAMS 0x00000000c7b00000, 0x00000000c7b00000| Untracked 
| 124|0x00000000c7c00000, 0x00000000c7c00000, 0x00000000c7d00000|  0%| F|  |TAMS 0x00000000c7c00000, 0x00000000c7c00000| Untracked 
| 125|0x00000000c7d00000, 0x00000000c7d00000, 0x00000000c7e00000|  0%| F|  |TAMS 0x00000000c7d00000, 0x00000000c7d00000| Untracked 
| 126|0x00000000c7e00000, 0x00000000c7e00000, 0x00000000c7f00000|  0%| F|  |TAMS 0x00000000c7e00000, 0x00000000c7e00000| Untracked 
| 127|0x00000000c7f00000, 0x00000000c7f00000, 0x00000000c8000000|  0%| F|  |TAMS 0x00000000c7f00000, 0x00000000c7f00000| Untracked 
| 128|0x00000000c8000000, 0x00000000c8000000, 0x00000000c8100000|  0%| F|  |TAMS 0x00000000c8000000, 0x00000000c8000000| Untracked 
| 129|0x00000000c8100000, 0x00000000c8100000, 0x00000000c8200000|  0%| F|  |TAMS 0x00000000c8100000, 0x00000000c8100000| Untracked 
| 130|0x00000000c8200000, 0x00000000c8200000, 0x00000000c8300000|  0%| F|  |TAMS 0x00000000c8200000, 0x00000000c8200000| Untracked 
| 131|0x00000000c8300000, 0x00000000c8300000, 0x00000000c8400000|  0%| F|  |TAMS 0x00000000c8300000, 0x00000000c8300000| Untracked 
| 132|0x00000000c8400000, 0x00000000c8400000, 0x00000000c8500000|  0%| F|  |TAMS 0x00000000c8400000, 0x00000000c8400000| Untracked 
| 133|0x00000000c8500000, 0x00000000c8500000, 0x00000000c8600000|  0%| F|  |TAMS 0x00000000c8500000, 0x00000000c8500000| Untracked 
| 134|0x00000000c8600000, 0x00000000c8600000, 0x00000000c8700000|  0%| F|  |TAMS 0x00000000c8600000, 0x00000000c8600000| Untracked 
| 135|0x00000000c8700000, 0x00000000c8700000, 0x00000000c8800000|  0%| F|  |TAMS 0x00000000c8700000, 0x00000000c8700000| Untracked 
| 136|0x00000000c8800000, 0x00000000c8800000, 0x00000000c8900000|  0%| F|  |TAMS 0x00000000c8800000, 0x00000000c8800000| Untracked 
| 137|0x00000000c8900000, 0x00000000c8900000, 0x00000000c8a00000|  0%| F|  |TAMS 0x00000000c8900000, 0x00000000c8900000| Untracked 
| 138|0x00000000c8a00000, 0x00000000c8a00000, 0x00000000c8b00000|  0%| F|  |TAMS 0x00000000c8a00000, 0x00000000c8a00000| Untracked 
| 139|0x00000000c8b00000, 0x00000000c8b00000, 0x00000000c8c00000|  0%| F|  |TAMS 0x00000000c8b00000, 0x00000000c8b00000| Untracked 
| 140|0x00000000c8c00000, 0x00000000c8c00000, 0x00000000c8d00000|  0%| F|  |TAMS 0x00000000c8c00000, 0x00000000c8c00000| Untracked 
| 141|0x00000000c8d00000, 0x00000000c8d00000, 0x00000000c8e00000|  0%| F|  |TAMS 0x00000000c8d00000, 0x00000000c8d00000| Untracked 
| 142|0x00000000c8e00000, 0x00000000c8e00000, 0x00000000c8f00000|  0%| F|  |TAMS 0x00000000c8e00000, 0x00000000c8e00000| Untracked 
| 143|0x00000000c8f00000, 0x00000000c8f00000, 0x00000000c9000000|  0%| F|  |TAMS 0x00000000c8f00000, 0x00000000c8f00000| Untracked 
| 144|0x00000000c9000000, 0x00000000c9000000, 0x00000000c9100000|  0%| F|  |TAMS 0x00000000c9000000, 0x00000000c9000000| Untracked 
| 145|0x00000000c9100000, 0x00000000c9100000, 0x00000000c9200000|  0%| F|  |TAMS 0x00000000c9100000, 0x00000000c9100000| Untracked 
| 146|0x00000000c9200000, 0x00000000c9200000, 0x00000000c9300000|  0%| F|  |TAMS 0x00000000c9200000, 0x00000000c9200000| Untracked 
| 147|0x00000000c9300000, 0x00000000c9300000, 0x00000000c9400000|  0%| F|  |TAMS 0x00000000c9300000, 0x00000000c9300000| Untracked 
| 148|0x00000000c9400000, 0x00000000c9400000, 0x00000000c9500000|  0%| F|  |TAMS 0x00000000c9400000, 0x00000000c9400000| Untracked 
| 149|0x00000000c9500000, 0x00000000c9500000, 0x00000000c9600000|  0%| F|  |TAMS 0x00000000c9500000, 0x00000000c9500000| Untracked 
| 150|0x00000000c9600000, 0x00000000c9600000, 0x00000000c9700000|  0%| F|  |TAMS 0x00000000c9600000, 0x00000000c9600000| Untracked 
| 151|0x00000000c9700000, 0x00000000c9700000, 0x00000000c9800000|  0%| F|  |TAMS 0x00000000c9700000, 0x00000000c9700000| Untracked 
| 152|0x00000000c9800000, 0x00000000c9800000, 0x00000000c9900000|  0%| F|  |TAMS 0x00000000c9800000, 0x00000000c9800000| Untracked 
| 153|0x00000000c9900000, 0x00000000c9900000, 0x00000000c9a00000|  0%| F|  |TAMS 0x00000000c9900000, 0x00000000c9900000| Untracked 
| 154|0x00000000c9a00000, 0x00000000c9a00000, 0x00000000c9b00000|  0%| F|  |TAMS 0x00000000c9a00000, 0x00000000c9a00000| Untracked 
| 155|0x00000000c9b00000, 0x00000000c9b00000, 0x00000000c9c00000|  0%| F|  |TAMS 0x00000000c9b00000, 0x00000000c9b00000| Untracked 
| 156|0x00000000c9c00000, 0x00000000c9c00000, 0x00000000c9d00000|  0%| F|  |TAMS 0x00000000c9c00000, 0x00000000c9c00000| Untracked 
| 157|0x00000000c9d00000, 0x00000000c9d00000, 0x00000000c9e00000|  0%| F|  |TAMS 0x00000000c9d00000, 0x00000000c9d00000| Untracked 
| 158|0x00000000c9e00000, 0x00000000c9e00000, 0x00000000c9f00000|  0%| F|  |TAMS 0x00000000c9e00000, 0x00000000c9e00000| Untracked 
| 159|0x00000000c9f00000, 0x00000000c9f00000, 0x00000000ca000000|  0%| F|  |TAMS 0x00000000c9f00000, 0x00000000c9f00000| Untracked 
| 160|0x00000000ca000000, 0x00000000ca000000, 0x00000000ca100000|  0%| F|  |TAMS 0x00000000ca000000, 0x00000000ca000000| Untracked 
| 161|0x00000000ca100000, 0x00000000ca100000, 0x00000000ca200000|  0%| F|  |TAMS 0x00000000ca100000, 0x00000000ca100000| Untracked 
| 162|0x00000000ca200000, 0x00000000ca200000, 0x00000000ca300000|  0%| F|  |TAMS 0x00000000ca200000, 0x00000000ca200000| Untracked 
| 163|0x00000000ca300000, 0x00000000ca300000, 0x00000000ca400000|  0%| F|  |TAMS 0x00000000ca300000, 0x00000000ca300000| Untracked 
| 164|0x00000000ca400000, 0x00000000ca400000, 0x00000000ca500000|  0%| F|  |TAMS 0x00000000ca400000, 0x00000000ca400000| Untracked 
| 165|0x00000000ca500000, 0x00000000ca500000, 0x00000000ca600000|  0%| F|  |TAMS 0x00000000ca500000, 0x00000000ca500000| Untracked 
| 166|0x00000000ca600000, 0x00000000ca600000, 0x00000000ca700000|  0%| F|  |TAMS 0x00000000ca600000, 0x00000000ca600000| Untracked 
| 167|0x00000000ca700000, 0x00000000ca700000, 0x00000000ca800000|  0%| F|  |TAMS 0x00000000ca700000, 0x00000000ca700000| Untracked 
| 168|0x00000000ca800000, 0x00000000ca800000, 0x00000000ca900000|  0%| F|  |TAMS 0x00000000ca800000, 0x00000000ca800000| Untracked 
| 169|0x00000000ca900000, 0x00000000ca900000, 0x00000000caa00000|  0%| F|  |TAMS 0x00000000ca900000, 0x00000000ca900000| Untracked 
| 170|0x00000000caa00000, 0x00000000caa00000, 0x00000000cab00000|  0%| F|  |TAMS 0x00000000caa00000, 0x00000000caa00000| Untracked 
| 171|0x00000000cab00000, 0x00000000cab00000, 0x00000000cac00000|  0%| F|  |TAMS 0x00000000cab00000, 0x00000000cab00000| Untracked 
| 172|0x00000000cac00000, 0x00000000cac00000, 0x00000000cad00000|  0%| F|  |TAMS 0x00000000cac00000, 0x00000000cac00000| Untracked 
| 173|0x00000000cad00000, 0x00000000cad00000, 0x00000000cae00000|  0%| F|  |TAMS 0x00000000cad00000, 0x00000000cad00000| Untracked 
| 174|0x00000000cae00000, 0x00000000cae80000, 0x00000000caf00000| 50%| S|CS|TAMS 0x00000000cae00000, 0x00000000cae00000| Complete 
| 175|0x00000000caf00000, 0x00000000cb000000, 0x00000000cb000000|100%| S|CS|TAMS 0x00000000caf00000, 0x00000000caf00000| Complete 
| 176|0x00000000cb000000, 0x00000000cb100000, 0x00000000cb100000|100%| S|CS|TAMS 0x00000000cb000000, 0x00000000cb000000| Complete 
| 177|0x00000000cb100000, 0x00000000cb200000, 0x00000000cb200000|100%| S|CS|TAMS 0x00000000cb100000, 0x00000000cb100000| Complete 
| 178|0x00000000cb200000, 0x00000000cb300000, 0x00000000cb300000|100%| S|CS|TAMS 0x00000000cb200000, 0x00000000cb200000| Complete 
| 179|0x00000000cb300000, 0x00000000cb400000, 0x00000000cb400000|100%| S|CS|TAMS 0x00000000cb300000, 0x00000000cb300000| Complete 
| 180|0x00000000cb400000, 0x00000000cb500000, 0x00000000cb500000|100%| S|CS|TAMS 0x00000000cb400000, 0x00000000cb400000| Complete 
| 181|0x00000000cb500000, 0x00000000cb600000, 0x00000000cb600000|100%| S|CS|TAMS 0x00000000cb500000, 0x00000000cb500000| Complete 
| 182|0x00000000cb600000, 0x00000000cb700000, 0x00000000cb700000|100%| S|CS|TAMS 0x00000000cb600000, 0x00000000cb600000| Complete 
| 183|0x00000000cb700000, 0x00000000cb800000, 0x00000000cb800000|100%| S|CS|TAMS 0x00000000cb700000, 0x00000000cb700000| Complete 
| 184|0x00000000cb800000, 0x00000000cb900000, 0x00000000cb900000|100%| S|CS|TAMS 0x00000000cb800000, 0x00000000cb800000| Complete 
| 185|0x00000000cb900000, 0x00000000cba00000, 0x00000000cba00000|100%| S|CS|TAMS 0x00000000cb900000, 0x00000000cb900000| Complete 
| 186|0x00000000cba00000, 0x00000000cbb00000, 0x00000000cbb00000|100%| S|CS|TAMS 0x00000000cba00000, 0x00000000cba00000| Complete 
| 187|0x00000000cbb00000, 0x00000000cbc00000, 0x00000000cbc00000|100%| S|CS|TAMS 0x00000000cbb00000, 0x00000000cbb00000| Complete 
| 188|0x00000000cbc00000, 0x00000000cbd00000, 0x00000000cbd00000|100%| S|CS|TAMS 0x00000000cbc00000, 0x00000000cbc00000| Complete 
| 189|0x00000000cbd00000, 0x00000000cbd00000, 0x00000000cbe00000|  0%| F|  |TAMS 0x00000000cbd00000, 0x00000000cbd00000| Untracked 
| 190|0x00000000cbe00000, 0x00000000cbe00000, 0x00000000cbf00000|  0%| F|  |TAMS 0x00000000cbe00000, 0x00000000cbe00000| Untracked 
| 191|0x00000000cbf00000, 0x00000000cbf00000, 0x00000000cc000000|  0%| F|  |TAMS 0x00000000cbf00000, 0x00000000cbf00000| Untracked 
| 192|0x00000000cc000000, 0x00000000cc000000, 0x00000000cc100000|  0%| F|  |TAMS 0x00000000cc000000, 0x00000000cc000000| Untracked 
| 193|0x00000000cc100000, 0x00000000cc100000, 0x00000000cc200000|  0%| F|  |TAMS 0x00000000cc100000, 0x00000000cc100000| Untracked 
| 194|0x00000000cc200000, 0x00000000cc200000, 0x00000000cc300000|  0%| F|  |TAMS 0x00000000cc200000, 0x00000000cc200000| Untracked 
| 195|0x00000000cc300000, 0x00000000cc300000, 0x00000000cc400000|  0%| F|  |TAMS 0x00000000cc300000, 0x00000000cc300000| Untracked 
| 196|0x00000000cc400000, 0x00000000cc400000, 0x00000000cc500000|  0%| F|  |TAMS 0x00000000cc400000, 0x00000000cc400000| Untracked 
| 197|0x00000000cc500000, 0x00000000cc500000, 0x00000000cc600000|  0%| F|  |TAMS 0x00000000cc500000, 0x00000000cc500000| Untracked 
| 198|0x00000000cc600000, 0x00000000cc600000, 0x00000000cc700000|  0%| F|  |TAMS 0x00000000cc600000, 0x00000000cc600000| Untracked 
| 199|0x00000000cc700000, 0x00000000cc700000, 0x00000000cc800000|  0%| F|  |TAMS 0x00000000cc700000, 0x00000000cc700000| Untracked 
| 200|0x00000000cc800000, 0x00000000cc800000, 0x00000000cc900000|  0%| F|  |TAMS 0x00000000cc800000, 0x00000000cc800000| Untracked 
| 201|0x00000000cc900000, 0x00000000cc900000, 0x00000000cca00000|  0%| F|  |TAMS 0x00000000cc900000, 0x00000000cc900000| Untracked 
| 202|0x00000000cca00000, 0x00000000cca00000, 0x00000000ccb00000|  0%| F|  |TAMS 0x00000000cca00000, 0x00000000cca00000| Untracked 
| 203|0x00000000ccb00000, 0x00000000ccb00000, 0x00000000ccc00000|  0%| F|  |TAMS 0x00000000ccb00000, 0x00000000ccb00000| Untracked 
| 204|0x00000000ccc00000, 0x00000000ccc00000, 0x00000000ccd00000|  0%| F|  |TAMS 0x00000000ccc00000, 0x00000000ccc00000| Untracked 
| 205|0x00000000ccd00000, 0x00000000ccd00000, 0x00000000cce00000|  0%| F|  |TAMS 0x00000000ccd00000, 0x00000000ccd00000| Untracked 
| 206|0x00000000cce00000, 0x00000000cce00000, 0x00000000ccf00000|  0%| F|  |TAMS 0x00000000cce00000, 0x00000000cce00000| Untracked 
| 207|0x00000000ccf00000, 0x00000000ccf00000, 0x00000000cd000000|  0%| F|  |TAMS 0x00000000ccf00000, 0x00000000ccf00000| Untracked 
| 208|0x00000000cd000000, 0x00000000cd000000, 0x00000000cd100000|  0%| F|  |TAMS 0x00000000cd000000, 0x00000000cd000000| Untracked 
| 209|0x00000000cd100000, 0x00000000cd100000, 0x00000000cd200000|  0%| F|  |TAMS 0x00000000cd100000, 0x00000000cd100000| Untracked 
| 210|0x00000000cd200000, 0x00000000cd200000, 0x00000000cd300000|  0%| F|  |TAMS 0x00000000cd200000, 0x00000000cd200000| Untracked 
| 211|0x00000000cd300000, 0x00000000cd300000, 0x00000000cd400000|  0%| F|  |TAMS 0x00000000cd300000, 0x00000000cd300000| Untracked 
| 212|0x00000000cd400000, 0x00000000cd400000, 0x00000000cd500000|  0%| F|  |TAMS 0x00000000cd400000, 0x00000000cd400000| Untracked 
| 213|0x00000000cd500000, 0x00000000cd500000, 0x00000000cd600000|  0%| F|  |TAMS 0x00000000cd500000, 0x00000000cd500000| Untracked 
| 214|0x00000000cd600000, 0x00000000cd600000, 0x00000000cd700000|  0%| F|  |TAMS 0x00000000cd600000, 0x00000000cd600000| Untracked 
| 215|0x00000000cd700000, 0x00000000cd700000, 0x00000000cd800000|  0%| F|  |TAMS 0x00000000cd700000, 0x00000000cd700000| Untracked 
| 216|0x00000000cd800000, 0x00000000cd800000, 0x00000000cd900000|  0%| F|  |TAMS 0x00000000cd800000, 0x00000000cd800000| Untracked 
| 217|0x00000000cd900000, 0x00000000cd900000, 0x00000000cda00000|  0%| F|  |TAMS 0x00000000cd900000, 0x00000000cd900000| Untracked 
| 218|0x00000000cda00000, 0x00000000cda00000, 0x00000000cdb00000|  0%| F|  |TAMS 0x00000000cda00000, 0x00000000cda00000| Untracked 
| 219|0x00000000cdb00000, 0x00000000cdb00000, 0x00000000cdc00000|  0%| F|  |TAMS 0x00000000cdb00000, 0x00000000cdb00000| Untracked 
| 220|0x00000000cdc00000, 0x00000000cdc00000, 0x00000000cdd00000|  0%| F|  |TAMS 0x00000000cdc00000, 0x00000000cdc00000| Untracked 
| 221|0x00000000cdd00000, 0x00000000cdd00000, 0x00000000cde00000|  0%| F|  |TAMS 0x00000000cdd00000, 0x00000000cdd00000| Untracked 
| 222|0x00000000cde00000, 0x00000000cde00000, 0x00000000cdf00000|  0%| F|  |TAMS 0x00000000cde00000, 0x00000000cde00000| Untracked 
| 223|0x00000000cdf00000, 0x00000000cdf00000, 0x00000000ce000000|  0%| F|  |TAMS 0x00000000cdf00000, 0x00000000cdf00000| Untracked 
| 224|0x00000000ce000000, 0x00000000ce000000, 0x00000000ce100000|  0%| F|  |TAMS 0x00000000ce000000, 0x00000000ce000000| Untracked 
| 225|0x00000000ce100000, 0x00000000ce100000, 0x00000000ce200000|  0%| F|  |TAMS 0x00000000ce100000, 0x00000000ce100000| Untracked 
| 226|0x00000000ce200000, 0x00000000ce200000, 0x00000000ce300000|  0%| F|  |TAMS 0x00000000ce200000, 0x00000000ce200000| Untracked 
| 227|0x00000000ce300000, 0x00000000ce300000, 0x00000000ce400000|  0%| F|  |TAMS 0x00000000ce300000, 0x00000000ce300000| Untracked 
| 228|0x00000000ce400000, 0x00000000ce400000, 0x00000000ce500000|  0%| F|  |TAMS 0x00000000ce400000, 0x00000000ce400000| Untracked 
| 229|0x00000000ce500000, 0x00000000ce500000, 0x00000000ce600000|  0%| F|  |TAMS 0x00000000ce500000, 0x00000000ce500000| Untracked 
| 230|0x00000000ce600000, 0x00000000ce600000, 0x00000000ce700000|  0%| F|  |TAMS 0x00000000ce600000, 0x00000000ce600000| Untracked 
| 231|0x00000000ce700000, 0x00000000ce700000, 0x00000000ce800000|  0%| F|  |TAMS 0x00000000ce700000, 0x00000000ce700000| Untracked 
| 232|0x00000000ce800000, 0x00000000ce880800, 0x00000000ce900000| 50%| E|  |TAMS 0x00000000ce800000, 0x00000000ce800000| Complete 
| 233|0x00000000ce900000, 0x00000000cea00000, 0x00000000cea00000|100%| E|CS|TAMS 0x00000000ce900000, 0x00000000ce900000| Complete 
| 234|0x00000000cea00000, 0x00000000ceb00000, 0x00000000ceb00000|100%| E|CS|TAMS 0x00000000cea00000, 0x00000000cea00000| Complete 
| 235|0x00000000ceb00000, 0x00000000cec00000, 0x00000000cec00000|100%| E|CS|TAMS 0x00000000ceb00000, 0x00000000ceb00000| Complete 
| 236|0x00000000cec00000, 0x00000000ced00000, 0x00000000ced00000|100%| E|CS|TAMS 0x00000000cec00000, 0x00000000cec00000| Complete 
| 237|0x00000000ced00000, 0x00000000cee00000, 0x00000000cee00000|100%| E|CS|TAMS 0x00000000ced00000, 0x00000000ced00000| Complete 
| 238|0x00000000cee00000, 0x00000000cef00000, 0x00000000cef00000|100%| E|CS|TAMS 0x00000000cee00000, 0x00000000cee00000| Complete 
| 239|0x00000000cef00000, 0x00000000cf000000, 0x00000000cf000000|100%| E|CS|TAMS 0x00000000cef00000, 0x00000000cef00000| Complete 
| 240|0x00000000cf000000, 0x00000000cf100000, 0x00000000cf100000|100%| E|CS|TAMS 0x00000000cf000000, 0x00000000cf000000| Complete 
| 241|0x00000000cf100000, 0x00000000cf200000, 0x00000000cf200000|100%| E|CS|TAMS 0x00000000cf100000, 0x00000000cf100000| Complete 
| 242|0x00000000cf200000, 0x00000000cf300000, 0x00000000cf300000|100%| E|CS|TAMS 0x00000000cf200000, 0x00000000cf200000| Complete 
| 243|0x00000000cf300000, 0x00000000cf400000, 0x00000000cf400000|100%| E|CS|TAMS 0x00000000cf300000, 0x00000000cf300000| Complete 
| 244|0x00000000cf400000, 0x00000000cf500000, 0x00000000cf500000|100%| E|CS|TAMS 0x00000000cf400000, 0x00000000cf400000| Complete 
| 245|0x00000000cf500000, 0x00000000cf600000, 0x00000000cf600000|100%| E|CS|TAMS 0x00000000cf500000, 0x00000000cf500000| Complete 
| 246|0x00000000cf600000, 0x00000000cf700000, 0x00000000cf700000|100%| E|CS|TAMS 0x00000000cf600000, 0x00000000cf600000| Complete 
| 247|0x00000000cf700000, 0x00000000cf800000, 0x00000000cf800000|100%| E|CS|TAMS 0x00000000cf700000, 0x00000000cf700000| Complete 
| 248|0x00000000cf800000, 0x00000000cf900000, 0x00000000cf900000|100%| E|CS|TAMS 0x00000000cf800000, 0x00000000cf800000| Complete 
| 249|0x00000000cf900000, 0x00000000cfa00000, 0x00000000cfa00000|100%| E|CS|TAMS 0x00000000cf900000, 0x00000000cf900000| Complete 
| 250|0x00000000cfa00000, 0x00000000cfb00000, 0x00000000cfb00000|100%| E|CS|TAMS 0x00000000cfa00000, 0x00000000cfa00000| Complete 
| 251|0x00000000cfb00000, 0x00000000cfc00000, 0x00000000cfc00000|100%| E|CS|TAMS 0x00000000cfb00000, 0x00000000cfb00000| Complete 
| 252|0x00000000cfc00000, 0x00000000cfd00000, 0x00000000cfd00000|100%| E|CS|TAMS 0x00000000cfc00000, 0x00000000cfc00000| Complete 
| 253|0x00000000cfd00000, 0x00000000cfe00000, 0x00000000cfe00000|100%| E|CS|TAMS 0x00000000cfd00000, 0x00000000cfd00000| Complete 
| 254|0x00000000cfe00000, 0x00000000cff00000, 0x00000000cff00000|100%| E|CS|TAMS 0x00000000cfe00000, 0x00000000cfe00000| Complete 
| 255|0x00000000cff00000, 0x00000000d0000000, 0x00000000d0000000|100%| E|CS|TAMS 0x00000000cff00000, 0x00000000cff00000| Complete 
| 256|0x00000000d0000000, 0x00000000d0100000, 0x00000000d0100000|100%| E|CS|TAMS 0x00000000d0000000, 0x00000000d0000000| Complete 
| 257|0x00000000d0100000, 0x00000000d0200000, 0x00000000d0200000|100%| E|CS|TAMS 0x00000000d0100000, 0x00000000d0100000| Complete 
| 258|0x00000000d0200000, 0x00000000d0300000, 0x00000000d0300000|100%| E|CS|TAMS 0x00000000d0200000, 0x00000000d0200000| Complete 
| 259|0x00000000d0300000, 0x00000000d0400000, 0x00000000d0400000|100%| E|CS|TAMS 0x00000000d0300000, 0x00000000d0300000| Complete 
| 260|0x00000000d0400000, 0x00000000d0500000, 0x00000000d0500000|100%| E|CS|TAMS 0x00000000d0400000, 0x00000000d0400000| Complete 
| 261|0x00000000d0500000, 0x00000000d0600000, 0x00000000d0600000|100%| E|CS|TAMS 0x00000000d0500000, 0x00000000d0500000| Complete 
| 262|0x00000000d0600000, 0x00000000d0700000, 0x00000000d0700000|100%| E|CS|TAMS 0x00000000d0600000, 0x00000000d0600000| Complete 
| 263|0x00000000d0700000, 0x00000000d0800000, 0x00000000d0800000|100%| E|CS|TAMS 0x00000000d0700000, 0x00000000d0700000| Complete 
| 264|0x00000000d0800000, 0x00000000d0900000, 0x00000000d0900000|100%| E|CS|TAMS 0x00000000d0800000, 0x00000000d0800000| Complete 
| 265|0x00000000d0900000, 0x00000000d0a00000, 0x00000000d0a00000|100%| E|CS|TAMS 0x00000000d0900000, 0x00000000d0900000| Complete 
| 266|0x00000000d0a00000, 0x00000000d0b00000, 0x00000000d0b00000|100%| E|CS|TAMS 0x00000000d0a00000, 0x00000000d0a00000| Complete 
| 267|0x00000000d0b00000, 0x00000000d0c00000, 0x00000000d0c00000|100%| E|CS|TAMS 0x00000000d0b00000, 0x00000000d0b00000| Complete 
| 268|0x00000000d0c00000, 0x00000000d0d00000, 0x00000000d0d00000|100%| E|CS|TAMS 0x00000000d0c00000, 0x00000000d0c00000| Complete 
| 269|0x00000000d0d00000, 0x00000000d0e00000, 0x00000000d0e00000|100%| E|CS|TAMS 0x00000000d0d00000, 0x00000000d0d00000| Complete 
| 270|0x00000000d0e00000, 0x00000000d0f00000, 0x00000000d0f00000|100%| E|CS|TAMS 0x00000000d0e00000, 0x00000000d0e00000| Complete 
| 271|0x00000000d0f00000, 0x00000000d1000000, 0x00000000d1000000|100%| E|CS|TAMS 0x00000000d0f00000, 0x00000000d0f00000| Complete 
| 272|0x00000000d1000000, 0x00000000d1100000, 0x00000000d1100000|100%| E|CS|TAMS 0x00000000d1000000, 0x00000000d1000000| Complete 
| 273|0x00000000d1100000, 0x00000000d1200000, 0x00000000d1200000|100%| E|CS|TAMS 0x00000000d1100000, 0x00000000d1100000| Complete 
| 274|0x00000000d1200000, 0x00000000d1300000, 0x00000000d1300000|100%| E|CS|TAMS 0x00000000d1200000, 0x00000000d1200000| Complete 
| 275|0x00000000d1300000, 0x00000000d1400000, 0x00000000d1400000|100%| E|CS|TAMS 0x00000000d1300000, 0x00000000d1300000| Complete 
| 276|0x00000000d1400000, 0x00000000d1500000, 0x00000000d1500000|100%| E|CS|TAMS 0x00000000d1400000, 0x00000000d1400000| Complete 
| 277|0x00000000d1500000, 0x00000000d1600000, 0x00000000d1600000|100%| E|CS|TAMS 0x00000000d1500000, 0x00000000d1500000| Complete 
| 278|0x00000000d1600000, 0x00000000d1700000, 0x00000000d1700000|100%| E|CS|TAMS 0x00000000d1600000, 0x00000000d1600000| Complete 
| 279|0x00000000d1700000, 0x00000000d1800000, 0x00000000d1800000|100%| E|CS|TAMS 0x00000000d1700000, 0x00000000d1700000| Complete 
| 280|0x00000000d1800000, 0x00000000d1900000, 0x00000000d1900000|100%| E|CS|TAMS 0x00000000d1800000, 0x00000000d1800000| Complete 
| 281|0x00000000d1900000, 0x00000000d1a00000, 0x00000000d1a00000|100%| E|CS|TAMS 0x00000000d1900000, 0x00000000d1900000| Complete 
| 282|0x00000000d1a00000, 0x00000000d1b00000, 0x00000000d1b00000|100%| E|CS|TAMS 0x00000000d1a00000, 0x00000000d1a00000| Complete 
| 283|0x00000000d1b00000, 0x00000000d1c00000, 0x00000000d1c00000|100%| E|CS|TAMS 0x00000000d1b00000, 0x00000000d1b00000| Complete 
| 284|0x00000000d1c00000, 0x00000000d1d00000, 0x00000000d1d00000|100%| E|CS|TAMS 0x00000000d1c00000, 0x00000000d1c00000| Complete 
| 285|0x00000000d1d00000, 0x00000000d1e00000, 0x00000000d1e00000|100%| E|CS|TAMS 0x00000000d1d00000, 0x00000000d1d00000| Complete 
| 286|0x00000000d1e00000, 0x00000000d1f00000, 0x00000000d1f00000|100%| E|CS|TAMS 0x00000000d1e00000, 0x00000000d1e00000| Complete 
| 287|0x00000000d1f00000, 0x00000000d2000000, 0x00000000d2000000|100%| E|CS|TAMS 0x00000000d1f00000, 0x00000000d1f00000| Complete 
| 288|0x00000000d2000000, 0x00000000d2100000, 0x00000000d2100000|100%| E|CS|TAMS 0x00000000d2000000, 0x00000000d2000000| Complete 
| 289|0x00000000d2100000, 0x00000000d2200000, 0x00000000d2200000|100%| E|CS|TAMS 0x00000000d2100000, 0x00000000d2100000| Complete 
| 290|0x00000000d2200000, 0x00000000d2300000, 0x00000000d2300000|100%| E|CS|TAMS 0x00000000d2200000, 0x00000000d2200000| Complete 
| 291|0x00000000d2300000, 0x00000000d2400000, 0x00000000d2400000|100%| E|CS|TAMS 0x00000000d2300000, 0x00000000d2300000| Complete 
| 292|0x00000000d2400000, 0x00000000d2500000, 0x00000000d2500000|100%| E|CS|TAMS 0x00000000d2400000, 0x00000000d2400000| Complete 
| 293|0x00000000d2500000, 0x00000000d2600000, 0x00000000d2600000|100%| E|CS|TAMS 0x00000000d2500000, 0x00000000d2500000| Complete 
| 294|0x00000000d2600000, 0x00000000d2700000, 0x00000000d2700000|100%| E|CS|TAMS 0x00000000d2600000, 0x00000000d2600000| Complete 
| 295|0x00000000d2700000, 0x00000000d2800000, 0x00000000d2800000|100%| E|CS|TAMS 0x00000000d2700000, 0x00000000d2700000| Complete 
| 296|0x00000000d2800000, 0x00000000d2900000, 0x00000000d2900000|100%| E|CS|TAMS 0x00000000d2800000, 0x00000000d2800000| Complete 
| 297|0x00000000d2900000, 0x00000000d2a00000, 0x00000000d2a00000|100%| E|CS|TAMS 0x00000000d2900000, 0x00000000d2900000| Complete 
| 298|0x00000000d2a00000, 0x00000000d2b00000, 0x00000000d2b00000|100%| E|CS|TAMS 0x00000000d2a00000, 0x00000000d2a00000| Complete 
| 299|0x00000000d2b00000, 0x00000000d2c00000, 0x00000000d2c00000|100%| E|CS|TAMS 0x00000000d2b00000, 0x00000000d2b00000| Complete 
| 300|0x00000000d2c00000, 0x00000000d2d00000, 0x00000000d2d00000|100%| E|CS|TAMS 0x00000000d2c00000, 0x00000000d2c00000| Complete 
| 301|0x00000000d2d00000, 0x00000000d2e00000, 0x00000000d2e00000|100%| E|CS|TAMS 0x00000000d2d00000, 0x00000000d2d00000| Complete 
| 302|0x00000000d2e00000, 0x00000000d2f00000, 0x00000000d2f00000|100%| E|CS|TAMS 0x00000000d2e00000, 0x00000000d2e00000| Complete 
| 303|0x00000000d2f00000, 0x00000000d3000000, 0x00000000d3000000|100%| E|CS|TAMS 0x00000000d2f00000, 0x00000000d2f00000| Complete 
| 304|0x00000000d3000000, 0x00000000d3100000, 0x00000000d3100000|100%| E|CS|TAMS 0x00000000d3000000, 0x00000000d3000000| Complete 
| 305|0x00000000d3100000, 0x00000000d3200000, 0x00000000d3200000|100%| E|CS|TAMS 0x00000000d3100000, 0x00000000d3100000| Complete 
| 306|0x00000000d3200000, 0x00000000d3300000, 0x00000000d3300000|100%| E|CS|TAMS 0x00000000d3200000, 0x00000000d3200000| Complete 
| 307|0x00000000d3300000, 0x00000000d3400000, 0x00000000d3400000|100%| E|CS|TAMS 0x00000000d3300000, 0x00000000d3300000| Complete 
| 308|0x00000000d3400000, 0x00000000d3500000, 0x00000000d3500000|100%| E|CS|TAMS 0x00000000d3400000, 0x00000000d3400000| Complete 
| 309|0x00000000d3500000, 0x00000000d3600000, 0x00000000d3600000|100%| E|CS|TAMS 0x00000000d3500000, 0x00000000d3500000| Complete 
| 310|0x00000000d3600000, 0x00000000d3700000, 0x00000000d3700000|100%| E|CS|TAMS 0x00000000d3600000, 0x00000000d3600000| Complete 
| 311|0x00000000d3700000, 0x00000000d3800000, 0x00000000d3800000|100%| E|CS|TAMS 0x00000000d3700000, 0x00000000d3700000| Complete 
| 312|0x00000000d3800000, 0x00000000d3900000, 0x00000000d3900000|100%| E|CS|TAMS 0x00000000d3800000, 0x00000000d3800000| Complete 
| 313|0x00000000d3900000, 0x00000000d3a00000, 0x00000000d3a00000|100%| E|CS|TAMS 0x00000000d3900000, 0x00000000d3900000| Complete 
| 314|0x00000000d3a00000, 0x00000000d3b00000, 0x00000000d3b00000|100%| E|CS|TAMS 0x00000000d3a00000, 0x00000000d3a00000| Complete 
| 315|0x00000000d3b00000, 0x00000000d3c00000, 0x00000000d3c00000|100%| E|CS|TAMS 0x00000000d3b00000, 0x00000000d3b00000| Complete 
| 316|0x00000000d3c00000, 0x00000000d3d00000, 0x00000000d3d00000|100%| E|CS|TAMS 0x00000000d3c00000, 0x00000000d3c00000| Complete 
| 317|0x00000000d3d00000, 0x00000000d3e00000, 0x00000000d3e00000|100%| E|CS|TAMS 0x00000000d3d00000, 0x00000000d3d00000| Complete 
| 318|0x00000000d3e00000, 0x00000000d3f00000, 0x00000000d3f00000|100%| E|CS|TAMS 0x00000000d3e00000, 0x00000000d3e00000| Complete 
| 319|0x00000000d3f00000, 0x00000000d4000000, 0x00000000d4000000|100%| E|CS|TAMS 0x00000000d3f00000, 0x00000000d3f00000| Complete 
| 320|0x00000000d4000000, 0x00000000d4100000, 0x00000000d4100000|100%| E|CS|TAMS 0x00000000d4000000, 0x00000000d4000000| Complete 
| 321|0x00000000d4100000, 0x00000000d4200000, 0x00000000d4200000|100%| E|CS|TAMS 0x00000000d4100000, 0x00000000d4100000| Complete 

Card table byte_map: [0x0000024a12de0000,0x0000024a12fe0000] _byte_map_base: 0x0000024a127e0000

Marking Bits (Prev, Next): (CMBitMap*) 0x000002495c5af620, (CMBitMap*) 0x000002495c5af5e8
 Prev Bits: [0x0000024a141e0000, 0x0000024a151e0000)
 Next Bits: [0x0000024a131e0000, 0x0000024a141e0000)

Polling page: 0x000002493a3c0000

Metaspace:

Usage:
  Non-class:     14.76 MB capacity,    14.53 MB ( 98%) used,   200.16 KB (  1%) free+waste,    41.56 KB ( <1%) overhead. 
      Class:      2.32 MB capacity,     2.16 MB ( 93%) used,   145.63 KB (  6%) free+waste,    20.75 KB ( <1%) overhead. 
       Both:     17.08 MB capacity,    16.68 MB ( 98%) used,   345.80 KB (  2%) free+waste,    62.31 KB ( <1%) overhead. 

Virtual space:
  Non-class space:       16.00 MB reserved,      15.00 MB ( 94%) committed 
      Class space:        1.00 GB reserved,       2.38 MB ( <1%) committed 
             Both:        1.02 GB reserved,      17.38 MB (  2%) committed 

Chunk freelists:
   Non-Class:  6.50 KB
       Class:  0 bytes
        Both:  6.50 KB

CodeHeap 'non-profiled nmethods': size=120064Kb used=1854Kb max_used=1854Kb free=118209Kb
 bounds [0x0000024a0b6a0000, 0x0000024a0b910000, 0x0000024a12be0000]
CodeHeap 'profiled nmethods': size=120000Kb used=5876Kb max_used=5876Kb free=114123Kb
 bounds [0x0000024a04170000, 0x0000024a04730000, 0x0000024a0b6a0000]
CodeHeap 'non-nmethods': size=5696Kb used=1100Kb max_used=1193Kb free=4595Kb
 bounds [0x0000024a03be0000, 0x0000024a03e50000, 0x0000024a04170000]
 total_blobs=4745 nmethods=3168 adapters=315
 compilation: enabled
              stopped_count=0, restarted_count=0
 full_count=0

Compilation events (10 events):
Event: 3.314 Thread 0x000002495c225000 nmethod 3122 0x0000024a0b862b10 code [0x0000024a0b862f80, 0x0000024a0b865bc8]
Event: 3.314 Thread 0x000002495c225000 3132       4       org.openkoreantext.processor.tokenizer.ParsedChunk$$Lambda$104/0x0000000100215840::apply (9 bytes)
Event: 3.317 Thread 0x000002495c225000 nmethod 3132 0x0000024a0b868a10 code [0x0000024a0b868be0, 0x0000024a0b868eb8]
Event: 3.317 Thread 0x000002495c225000 3156       4       org.openkoreantext.processor.tokenizer.ParsedChunk::$anonfun$getUnknownCoverage$1 (86 bytes)
Event: 3.318 Thread 0x000002495c225000 nmethod 3156 0x0000024a0b869210 code [0x0000024a0b8693c0, 0x0000024a0b869558]
Event: 3.318 Thread 0x000002495c225000 3127       4       scala.collection.generic.GenericCompanion::empty (13 bytes)
Event: 3.322 Thread 0x000002495c225000 nmethod 3127 0x0000024a0b869790 code [0x0000024a0b869960, 0x0000024a0b869cf8]
Event: 3.322 Thread 0x000002495c225000 3133       4       org.openkoreantext.processor.util.CharArrayMap::containsKey (33 bytes)
Event: 3.323 Thread 0x000002494eb9e000 nmethod 3123 0x0000024a0b869f10 code [0x0000024a0b86a2a0, 0x0000024a0b86cdd0]
Event: 3.327 Thread 0x000002495c225000 nmethod 3133 0x0000024a0b86f190 code [0x0000024a0b86f340, 0x0000024a0b86f758]

GC Heap History (10 events):
Event: 2.043 GC heap before
{Heap before GC invocations=16 (full 1):
 garbage-first heap   total 257024K, used 134460K [0x00000000c0000000, 0x0000000100000000)
  region size 1024K, 110 young (112640K), 3 survivors (3072K)
 Metaspace       used 14634K, capacity 14885K, committed 15104K, reserved 1062912K
  class space    used 1836K, capacity 1944K, committed 2048K, reserved 1048576K
}
Event: 2.052 GC heap after
{Heap after GC invocations=17 (full 1):
 garbage-first heap   total 257024K, used 33393K [0x00000000c0000000, 0x0000000100000000)
  region size 1024K, 12 young (12288K), 12 survivors (12288K)
 Metaspace       used 14634K, capacity 14885K, committed 15104K, reserved 1062912K
  class space    used 1836K, capacity 1944K, committed 2048K, reserved 1048576K
}
Event: 2.282 GC heap before
{Heap before GC invocations=17 (full 1):
 garbage-first heap   total 257024K, used 89713K [0x00000000c0000000, 0x0000000100000000)
  region size 1024K, 55 young (56320K), 12 survivors (12288K)
 Metaspace       used 14843K, capacity 15177K, committed 15360K, reserved 1062912K
  class space    used 1893K, capacity 2025K, committed 2048K, reserved 1048576K
}
Event: 2.294 GC heap after
{Heap after GC invocations=18 (full 1):
 garbage-first heap   total 257024K, used 45185K [0x00000000c0000000, 0x0000000100000000)
  region size 1024K, 7 young (7168K), 7 survivors (7168K)
 Metaspace       used 14843K, capacity 15177K, committed 15360K, reserved 1062912K
  class space    used 1893K, capacity 2025K, committed 2048K, reserved 1048576K
}
Event: 2.730 GC heap before
{Heap before GC invocations=18 (full 1):
 garbage-first heap   total 257024K, used 164993K [0x00000000c0000000, 0x0000000100000000)
  region size 1024K, 123 young (125952K), 7 survivors (7168K)
 Metaspace       used 16717K, capacity 17124K, committed 17280K, reserved 1064960K
  class space    used 2150K, capacity 2332K, committed 2432K, reserved 1048576K
}
Event: 2.747 GC heap after
{Heap after GC invocations=19 (full 1):
 garbage-first heap   total 257024K, used 61559K [0x00000000c0000000, 0x0000000100000000)
  region size 1024K, 16 young (16384K), 16 survivors (16384K)
 Metaspace       used 16717K, capacity 17124K, committed 17280K, reserved 1064960K
  class space    used 2150K, capacity 2332K, committed 2432K, reserved 1048576K
}
Event: 2.883 GC heap before
{Heap before GC invocations=19 (full 1):
 garbage-first heap   total 257024K, used 179319K [0x00000000c0000000, 0x0000000100000000)
  region size 1024K, 131 young (134144K), 16 survivors (16384K)
 Metaspace       used 16812K, capacity 17227K, committed 17536K, reserved 1064960K
  class space    used 2192K, capacity 2367K, committed 2432K, reserved 1048576K
}
Event: 2.903 GC heap after
{Heap after GC invocations=20 (full 1):
 garbage-first heap   total 329728K, used 73308K [0x00000000c0000000, 0x0000000100000000)
  region size 1024K, 12 young (12288K), 12 survivors (12288K)
 Metaspace       used 16812K, capacity 17227K, committed 17536K, reserved 1064960K
  class space    used 2192K, capacity 2367K, committed 2432K, reserved 1048576K
}
Event: 3.080 GC heap before
{Heap before GC invocations=20 (full 1):
 garbage-first heap   total 329728K, used 209500K [0x00000000c0000000, 0x0000000100000000)
  region size 1024K, 145 young (148480K), 12 survivors (12288K)
 Metaspace       used 16815K, capacity 17228K, committed 17536K, reserved 1064960K
  class space    used 2192K, capacity 2367K, committed 2432K, reserved 1048576K
}
Event: 3.098 GC heap after
{Heap after GC invocations=21 (full 1):
 garbage-first heap   total 329728K, used 87893K [0x00000000c0000000, 0x0000000100000000)
  region size 1024K, 15 young (15360K), 15 survivors (15360K)
 Metaspace       used 16815K, capacity 17228K, committed 17536K, reserved 1064960K
  class space    used 2192K, capacity 2367K, committed 2432K, reserved 1048576K
}

Deoptimization events (10 events):
Event: 3.115 Thread 0x0000024954147800 Uncommon trap: reason=class_check action=maybe_recompile pc=0x0000024a0b800274 method=scala.collection.mutable.MapBuilder.$plus$eq(Lscala/Tuple2;)Lscala/collection/mutable/MapBuilder; @ 6 c2
Event: 3.115 Thread 0x0000024954147800 Uncommon trap: reason=class_check action=maybe_recompile pc=0x0000024a0b800274 method=scala.collection.mutable.MapBuilder.$plus$eq(Lscala/Tuple2;)Lscala/collection/mutable/MapBuilder; @ 6 c2
Event: 3.115 Thread 0x0000024954147800 Uncommon trap: reason=class_check action=maybe_recompile pc=0x0000024a0b800274 method=scala.collection.mutable.MapBuilder.$plus$eq(Lscala/Tuple2;)Lscala/collection/mutable/MapBuilder; @ 6 c2
Event: 3.115 Thread 0x0000024954147800 Uncommon trap: reason=class_check action=maybe_recompile pc=0x0000024a0b7ff2f8 method=scala.collection.mutable.MapBuilder.$plus$eq(Lscala/Tuple2;)Lscala/collection/mutable/MapBuilder; @ 6 c2
Event: 3.170 Thread 0x0000024954147800 Uncommon trap: reason=unstable_if action=reinterpret pc=0x0000024a0b763378 method=scala.collection.immutable.HashMap$HashTrieMap.get0(Ljava/lang/Object;II)Lscala/Option; @ 13 c2
Event: 3.182 Thread 0x0000024954147800 Uncommon trap: reason=unstable_if action=reinterpret pc=0x0000024a0b80758c method=scala.collection.immutable.Set$Set3.contains(Ljava/lang/Object;)Z @ 30 c2
Event: 3.221 Thread 0x0000024954147800 Uncommon trap: reason=class_check action=maybe_recompile pc=0x0000024a0b7949a4 method=scala.collection.TraversableLike.builder$1(Lscala/collection/generic/CanBuildFrom;)Lscala/collection/mutable/Builder; @ 7 c2
Event: 3.262 Thread 0x0000024954147800 Uncommon trap: reason=class_check action=maybe_recompile pc=0x0000024a0b7949a4 method=scala.collection.TraversableLike.builder$1(Lscala/collection/generic/CanBuildFrom;)Lscala/collection/mutable/Builder; @ 7 c2
Event: 3.262 Thread 0x0000024954147800 Uncommon trap: reason=class_check action=maybe_recompile pc=0x0000024a0b7949a4 method=scala.collection.TraversableLike.builder$1(Lscala/collection/generic/CanBuildFrom;)Lscala/collection/mutable/Builder; @ 7 c2
Event: 3.262 Thread 0x0000024954147800 Uncommon trap: reason=class_check action=maybe_recompile pc=0x0000024a0b7949a4 method=scala.collection.TraversableLike.builder$1(Lscala/collection/generic/CanBuildFrom;)Lscala/collection/mutable/Builder; @ 7 c2

Classes redefined (0 events):
No events

Internal exceptions (10 events):
Event: 1.372 Thread 0x0000024954147800 Exception <a 'java/lang/NoSuchMethodError'{0x00000000c6d172e8}: java.lang.invoke.Invokers$Holder.linkToTargetMethod(Ljava/lang/Object;ILjava/lang/Object;Ljava/lang/Object;)Ljava/lang/Object;> (0x00000000c6d172e8) thrown at [t:/workspace/open/src/hotspot/s
Event: 1.395 Thread 0x0000024954147800 Exception <a 'java/lang/NoSuchMethodError'{0x00000000c6c3e9e0}: java.lang.invoke.DirectMethodHandle$Holder.invokeStaticInit(Ljava/lang/Object;Ljava/lang/Object;Ljava/lang/Object;Ljava/lang/Object;)Ljava/lang/Object;> (0x00000000c6c3e9e0) thrown at [t:/wor
Event: 1.587 Thread 0x0000024954147800 Exception <a 'java/lang/NoSuchMethodError'{0x00000000c8613de8}: java.lang.invoke.Invokers$Holder.linkToTargetMethod(Ljava/lang/Object;ILjava/lang/Object;)Ljava/lang/Object;> (0x00000000c8613de8) thrown at [t:/workspace/open/src/hotspot/share/interpreter/l
Event: 1.594 Thread 0x0000024954147800 Exception <a 'java/lang/NoSuchMethodError'{0x00000000c864f528}: java.lang.invoke.DirectMethodHandle$Holder.invokeStatic(Ljava/lang/Object;IILjava/lang/Object;)Ljava/lang/Object;> (0x00000000c864f528) thrown at [t:/workspace/open/src/hotspot/share/interpre
Event: 2.338 Thread 0x0000024954147800 Exception <a 'java/lang/NoSuchMethodError'{0x00000000cfaba0d0}: java.lang.invoke.DirectMethodHandle$Holder.invokeStatic(Ljava/lang/Object;Ljava/lang/Object;Ljava/lang/Object;Ljava/lang/Object;ILjava/lang/Object;)Ljava/lang/Object;> (0x00000000cfaba0d0) th
Event: 2.339 Thread 0x0000024954147800 Exception <a 'java/lang/NoSuchMethodError'{0x00000000cfabdc48}: java.lang.invoke.DirectMethodHandle$Holder.invokeSpecial(Ljava/lang/Object;Ljava/lang/Object;Ljava/lang/Object;Ljava/lang/Object;Ljava/lang/Object;ILjava/lang/Object;)Ljava/lang/Object;> (0x0
Event: 2.339 Thread 0x0000024954147800 Exception <a 'java/lang/NoSuchMethodError'{0x00000000cfac0fb8}: java.lang.invoke.Invokers$Holder.linkToTargetMethod(Ljava/lang/Object;Ljava/lang/Object;Ljava/lang/Object;ILjava/lang/Object;Ljava/lang/Object;)Ljava/lang/Object;> (0x00000000cfac0fb8) thrown
Event: 2.506 Thread 0x0000024954147800 Exception <a 'java/lang/NoSuchMethodError'{0x00000000cd531df0}: java.lang.invoke.DirectMethodHandle$Holder.invokeStaticInit(Ljava/lang/Object;Ljava/lang/Object;Ljava/lang/Object;Ljava/lang/Object;Ljava/lang/Object;)Ljava/lang/Object;> (0x00000000cd531df0)
Event: 2.510 Thread 0x0000024954147800 Exception <a 'java/lang/NoSuchMethodError'{0x00000000cd5414b0}: java.lang.invoke.Invokers$Holder.invoker(Ljava/lang/Object;Ljava/lang/Object;Ljava/lang/Object;)Ljava/lang/Object;> (0x00000000cd5414b0) thrown at [t:/workspace/open/src/hotspot/share/interpr
Event: 2.512 Thread 0x0000024954147800 Exception <a 'java/lang/NoSuchMethodError'{0x00000000cd551750}: java.lang.invoke.DelegatingMethodHandle$Holder.delegate(Ljava/lang/Object;Ljava/lang/Object;ILjava/lang/Object;)V> (0x00000000cd551750) thrown at [t:/workspace/open/src/hotspot/share/interpre

Events (10 events):
Event: 3.262 Thread 0x0000024954147800 Uncommon trap: trap_request=0xffffffde fr.pc=0x0000024a0b7949a4 relative=0x00000000000003a4
Event: 3.262 Thread 0x0000024954147800 DEOPT PACKING pc=0x0000024a0b7949a4 sp=0x00000091235ed2f0
Event: 3.262 Thread 0x0000024954147800 DEOPT UNPACKING pc=0x0000024a03c08f2f sp=0x00000091235ed148 mode 2
Event: 3.262 Thread 0x0000024954147800 Uncommon trap: trap_request=0xffffffde fr.pc=0x0000024a0b7949a4 relative=0x00000000000003a4
Event: 3.262 Thread 0x0000024954147800 DEOPT PACKING pc=0x0000024a0b7949a4 sp=0x00000091235ed2f0
Event: 3.262 Thread 0x0000024954147800 DEOPT UNPACKING pc=0x0000024a03c08f2f sp=0x00000091235ed148 mode 2
Event: 3.262 Thread 0x0000024954147800 Uncommon trap: trap_request=0xffffffde fr.pc=0x0000024a0b7949a4 relative=0x00000000000003a4
Event: 3.262 Thread 0x0000024954147800 DEOPT PACKING pc=0x0000024a0b7949a4 sp=0x00000091235ed2f0
Event: 3.262 Thread 0x0000024954147800 DEOPT UNPACKING pc=0x0000024a03c08f2f sp=0x00000091235ed148 mode 2
Event: 8.328 Thread 0x000002495c225000 Thread exited: 0x000002495c225000


Dynamic libraries:
0x000000001c780000 - 0x000000001c79c000 	C:\Users\woqls\PycharmProjects\StockNews\venv\Scripts\python.exe
0x00007ffa6f1c0000 - 0x00007ffa6f3b0000 	C:\Windows\SYSTEM32\ntdll.dll
0x00007ffa6d5e0000 - 0x00007ffa6d692000 	C:\Windows\System32\KERNEL32.DLL
0x00007ffa6c150000 - 0x00007ffa6c3f5000 	C:\Windows\System32\KERNELBASE.dll
0x00007ffa6cb80000 - 0x00007ffa6cc7a000 	C:\Windows\System32\ucrtbase.dll
0x0000000056990000 - 0x0000000056d30000 	C:\Users\woqls\PycharmProjects\StockNews\venv\Scripts\python36.dll
0x00007ffa6d7c0000 - 0x00007ffa6d812000 	C:\Windows\System32\SHLWAPI.dll
0x00007ffa6df20000 - 0x00007ffa6dfbe000 	C:\Windows\System32\msvcrt.dll
0x00007ffa6d2a0000 - 0x00007ffa6d5d5000 	C:\Windows\System32\combase.dll
0x00007ffa6e280000 - 0x00007ffa6e3a0000 	C:\Windows\System32\RPCRT4.dll
0x00007ffa6d190000 - 0x00007ffa6d210000 	C:\Windows\System32\bcryptPrimitives.dll
0x00007ffa6d270000 - 0x00007ffa6d296000 	C:\Windows\System32\GDI32.dll
0x00007ffa6d160000 - 0x00007ffa6d181000 	C:\Windows\System32\win32u.dll
0x00007ffa6cfa0000 - 0x00007ffa6d136000 	C:\Windows\System32\gdi32full.dll
0x00007ffa6cf00000 - 0x00007ffa6cf9e000 	C:\Windows\System32\msvcp_win.dll
0x00007ffa6ee80000 - 0x00007ffa6f015000 	C:\Windows\System32\USER32.dll
0x00007ffa6e8c0000 - 0x00007ffa6e92f000 	C:\Windows\System32\WS2_32.dll
0x00007ffa6d710000 - 0x00007ffa6d7b3000 	C:\Windows\System32\ADVAPI32.dll
0x00007ffa6e820000 - 0x00007ffa6e8b7000 	C:\Windows\System32\sechost.dll
0x00007ffa519c0000 - 0x00007ffa519d7000 	C:\Users\woqls\PycharmProjects\StockNews\venv\Scripts\VCRUNTIME140.dll
0x00007ffa67380000 - 0x00007ffa6738a000 	C:\Windows\SYSTEM32\VERSION.dll
0x00007ffa6e180000 - 0x00007ffa6e1ae000 	C:\Windows\System32\IMM32.DLL
0x00007ffa6d140000 - 0x00007ffa6d157000 	C:\Windows\System32\CRYPTSP.dll
0x00007ffa6b440000 - 0x00007ffa6b473000 	C:\Windows\system32\rsaenh.dll
0x00007ffa6ce20000 - 0x00007ffa6ce46000 	C:\Windows\System32\bcrypt.dll
0x00007ffa6baa0000 - 0x00007ffa6baac000 	C:\Windows\SYSTEM32\CRYPTBASE.dll
0x00007ffa56e10000 - 0x00007ffa56e1f000 	C:\Users\woqls\PycharmProjects\StockNews\venv\Scripts\python3.dll
0x00000000577a0000 - 0x00000000577ba000 	C:\Users\woqls\AppData\Local\Programs\Python\Python36\DLLs\_bz2.pyd
0x00007ffa51970000 - 0x00007ffa519b2000 	C:\Users\woqls\AppData\Local\Programs\Python\Python36\DLLs\_lzma.pyd
0x00007ffa50440000 - 0x00007ffa505dc000 	C:\Users\woqls\AppData\Local\Programs\Python\Python36\DLLs\_hashlib.pyd
0x0000000057780000 - 0x0000000057795000 	C:\Users\woqls\AppData\Local\Programs\Python\Python36\DLLs\_socket.pyd
0x0000000057770000 - 0x000000005777a000 	C:\Users\woqls\AppData\Local\Programs\Python\Python36\DLLs\select.pyd
0x00007ffa4dee0000 - 0x00007ffa4e0dd000 	C:\Users\woqls\AppData\Local\Programs\Python\Python36\DLLs\_ssl.pyd
0x00007ffa6ccd0000 - 0x00007ffa6ce19000 	C:\Windows\System32\CRYPT32.dll
0x00007ffa6c0e0000 - 0x00007ffa6c0f2000 	C:\Windows\System32\MSASN1.dll
0x00007ffa6b8d0000 - 0x00007ffa6b937000 	C:\Windows\system32\mswsock.dll
0x0000000057740000 - 0x0000000057763000 	C:\Users\woqls\AppData\Local\Programs\Python\Python36\DLLs\_ctypes.pyd
0x00007ffa6f020000 - 0x00007ffa6f177000 	C:\Windows\System32\ole32.dll
0x00007ffa6e0a0000 - 0x00007ffa6e165000 	C:\Windows\System32\OLEAUT32.dll
0x000000006df40000 - 0x000000006fbc8000 	C:\Users\woqls\PycharmProjects\StockNews\venv\lib\site-packages\numpy\.libs\libopenblas.PYQHXLVVQ7VESDPUVUADXEVJOBGHJPAY.gfortran-win_amd64.dll
0x00007ffa4dad0000 - 0x00007ffa4dd87000 	C:\Users\woqls\PycharmProjects\StockNews\venv\lib\site-packages\numpy\core\_multiarray_umath.cp36-win_amd64.pyd
0x00007ffa51950000 - 0x00007ffa5196f000 	C:\Users\woqls\PycharmProjects\StockNews\venv\lib\site-packages\numpy\core\_multiarray_tests.cp36-win_amd64.pyd
0x00007ffa52dc0000 - 0x00007ffa52dcb000 	C:\Users\woqls\PycharmProjects\StockNews\venv\lib\site-packages\numpy\linalg\lapack_lite.cp36-win_amd64.pyd
0x00007ffa51920000 - 0x00007ffa51946000 	C:\Users\woqls\PycharmProjects\StockNews\venv\lib\site-packages\numpy\linalg\_umath_linalg.cp36-win_amd64.pyd
0x0000000056940000 - 0x0000000056985000 	C:\Users\woqls\AppData\Local\Programs\Python\Python36\DLLs\_decimal.pyd
0x00007ffa51900000 - 0x00007ffa51920000 	C:\Users\woqls\PycharmProjects\StockNews\venv\lib\site-packages\numpy\fft\_pocketfft_internal.cp36-win_amd64.pyd
0x00007ffa50e40000 - 0x00007ffa50ecd000 	C:\Users\woqls\PycharmProjects\StockNews\venv\lib\site-packages\numpy\random\mtrand.cp36-win_amd64.pyd
0x00007ffa518d0000 - 0x00007ffa518f9000 	C:\Users\woqls\PycharmProjects\StockNews\venv\lib\site-packages\numpy\random\_bit_generator.cp36-win_amd64.pyd
0x00007ffa512d0000 - 0x00007ffa512fd000 	C:\Users\woqls\PycharmProjects\StockNews\venv\lib\site-packages\numpy\random\_common.cp36-win_amd64.pyd
0x00007ffa51280000 - 0x00007ffa512c6000 	C:\Users\woqls\PycharmProjects\StockNews\venv\lib\site-packages\numpy\random\_bounded_integers.cp36-win_amd64.pyd
0x00007ffa518b0000 - 0x00007ffa518cc000 	C:\Users\woqls\PycharmProjects\StockNews\venv\lib\site-packages\numpy\random\_mt19937.cp36-win_amd64.pyd
0x00007ffa50e20000 - 0x00007ffa50e37000 	C:\Users\woqls\PycharmProjects\StockNews\venv\lib\site-packages\numpy\random\_philox.cp36-win_amd64.pyd
0x00007ffa50e00000 - 0x00007ffa50e15000 	C:\Users\woqls\PycharmProjects\StockNews\venv\lib\site-packages\numpy\random\_pcg64.cp36-win_amd64.pyd
0x00007ffa50de0000 - 0x00007ffa50df2000 	C:\Users\woqls\PycharmProjects\StockNews\venv\lib\site-packages\numpy\random\_sfc64.cp36-win_amd64.pyd
0x00007ffa50be0000 - 0x00007ffa50c7f000 	C:\Users\woqls\PycharmProjects\StockNews\venv\lib\site-packages\numpy\random\_generator.cp36-win_amd64.pyd
0x00007ffa4d7e0000 - 0x00007ffa4d902000 	C:\Users\woqls\PycharmProjects\StockNews\venv\lib\site-packages\pandas\_libs\interval.cp36-win_amd64.pyd
0x00007ffa503b0000 - 0x00007ffa5043a000 	C:\Users\woqls\PycharmProjects\StockNews\venv\lib\site-packages\pandas\_libs\hashtable.cp36-win_amd64.pyd
0x00007ffa50db0000 - 0x00007ffa50dde000 	C:\Users\woqls\PycharmProjects\StockNews\venv\lib\site-packages\pandas\_libs\missing.cp36-win_amd64.pyd
0x00007ffa50d90000 - 0x00007ffa50db0000 	C:\Users\woqls\PycharmProjects\StockNews\venv\lib\site-packages\pandas\_libs\tslibs\dtypes.cp36-win_amd64.pyd
0x00007ffa50370000 - 0x00007ffa503b0000 	C:\Users\woqls\PycharmProjects\StockNews\venv\lib\site-packages\pandas\_libs\tslibs\conversion.cp36-win_amd64.pyd
0x00007ffa52690000 - 0x00007ffa526a0000 	C:\Users\woqls\PycharmProjects\StockNews\venv\lib\site-packages\pandas\_libs\tslibs\base.cp36-win_amd64.pyd
0x00007ffa50330000 - 0x00007ffa50363000 	C:\Users\woqls\PycharmProjects\StockNews\venv\lib\site-packages\pandas\_libs\tslibs\nattype.cp36-win_amd64.pyd
0x00007ffa52310000 - 0x00007ffa52320000 	C:\Users\woqls\PycharmProjects\StockNews\venv\lib\site-packages\pandas\_libs\tslibs\np_datetime.cp36-win_amd64.pyd
0x00007ffa50220000 - 0x00007ffa50257000 	C:\Users\woqls\PycharmProjects\StockNews\venv\lib\site-packages\pandas\_libs\tslibs\timezones.cp36-win_amd64.pyd
0x00007ffa501e0000 - 0x00007ffa5021e000 	C:\Users\woqls\PycharmProjects\StockNews\venv\lib\site-packages\pandas\_libs\tslibs\tzconversion.cp36-win_amd64.pyd
0x00007ffa50d70000 - 0x00007ffa50d83000 	C:\Users\woqls\PycharmProjects\StockNews\venv\lib\site-packages\pandas\_libs\tslibs\ccalendar.cp36-win_amd64.pyd
0x00007ffa50180000 - 0x00007ffa501d7000 	C:\Users\woqls\PycharmProjects\StockNews\venv\lib\site-packages\pandas\_libs\tslibs\parsing.cp36-win_amd64.pyd
0x00007ffa477c0000 - 0x00007ffa47897000 	C:\Users\woqls\PycharmProjects\StockNews\venv\lib\site-packages\pandas\_libs\tslibs\offsets.cp36-win_amd64.pyd
0x00007ffa4ff30000 - 0x00007ffa4ff94000 	C:\Users\woqls\PycharmProjects\StockNews\venv\lib\site-packages\pandas\_libs\tslibs\timedeltas.cp36-win_amd64.pyd
0x00007ffa4ddc0000 - 0x00007ffa4de27000 	C:\Users\woqls\PycharmProjects\StockNews\venv\lib\site-packages\pandas\_libs\tslibs\timestamps.cp36-win_amd64.pyd
0x00007ffa4e390000 - 0x00007ffa4e3cf000 	C:\Users\woqls\PycharmProjects\StockNews\venv\lib\site-packages\pandas\_libs\tslibs\fields.cp36-win_amd64.pyd
0x00007ffa4da70000 - 0x00007ffa4dac2000 	C:\Users\woqls\PycharmProjects\StockNews\venv\lib\site-packages\pandas\_libs\tslibs\strptime.cp36-win_amd64.pyd
0x00007ffa509f0000 - 0x00007ffa50a04000 	C:\Users\woqls\PycharmProjects\StockNews\venv\lib\site-packages\pandas\_libs\properties.cp36-win_amd64.pyd
0x00007ffa4d980000 - 0x00007ffa4d9df000 	C:\Users\woqls\PycharmProjects\StockNews\venv\lib\site-packages\pandas\_libs\tslibs\period.cp36-win_amd64.pyd
0x00007ffa4da30000 - 0x00007ffa4da67000 	C:\Users\woqls\PycharmProjects\StockNews\venv\lib\site-packages\pandas\_libs\tslibs\vectorized.cp36-win_amd64.pyd
0x00007ffa50160000 - 0x00007ffa50172000 	C:\Users\woqls\PycharmProjects\StockNews\venv\lib\site-packages\pandas\_libs\ops_dispatch.cp36-win_amd64.pyd
0x00007ffa47100000 - 0x00007ffa47245000 	C:\Users\woqls\PycharmProjects\StockNews\venv\lib\site-packages\pandas\_libs\algos.cp36-win_amd64.pyd
0x00007ffa47740000 - 0x00007ffa477b8000 	C:\Users\woqls\PycharmProjects\StockNews\venv\lib\site-packages\pandas\_libs\lib.cp36-win_amd64.pyd
0x00007ffa4ff00000 - 0x00007ffa4ff28000 	C:\Users\woqls\PycharmProjects\StockNews\venv\lib\site-packages\pandas\_libs\tslib.cp36-win_amd64.pyd
0x00007ffa47710000 - 0x00007ffa4773d000 	C:\Users\woqls\PycharmProjects\StockNews\venv\lib\site-packages\pandas\_libs\hashing.cp36-win_amd64.pyd
0x00007ffa470c0000 - 0x00007ffa470f4000 	C:\Users\woqls\PycharmProjects\StockNews\venv\lib\site-packages\pandas\_libs\ops.cp36-win_amd64.pyd
0x00007ffa47040000 - 0x00007ffa470bc000 	C:\Users\woqls\PycharmProjects\StockNews\venv\lib\site-packages\pandas\_libs\index.cp36-win_amd64.pyd
0x00007ffa34b40000 - 0x00007ffa34d3a000 	C:\Users\woqls\PycharmProjects\StockNews\venv\lib\site-packages\pandas\_libs\join.cp36-win_amd64.pyd
0x00007ffa35050000 - 0x00007ffa35123000 	C:\Users\woqls\PycharmProjects\StockNews\venv\lib\site-packages\pandas\_libs\sparse.cp36-win_amd64.pyd
0x00007ffa455a0000 - 0x00007ffa455df000 	C:\Users\woqls\PycharmProjects\StockNews\venv\lib\site-packages\pandas\_libs\reshape.cp36-win_amd64.pyd
0x00007ffa509e0000 - 0x00007ffa509f0000 	C:\Users\woqls\PycharmProjects\StockNews\venv\lib\site-packages\pandas\_libs\indexing.cp36-win_amd64.pyd
0x00007ffa45560000 - 0x00007ffa45593000 	C:\Users\woqls\PycharmProjects\StockNews\venv\lib\site-packages\pandas\_libs\writers.cp36-win_amd64.pyd
0x00007ffa3a690000 - 0x00007ffa3a6cb000 	C:\Users\woqls\PycharmProjects\StockNews\venv\lib\site-packages\pandas\_libs\internals.cp36-win_amd64.pyd
0x0000000056860000 - 0x0000000056940000 	C:\Users\woqls\AppData\Local\Programs\Python\Python36\DLLs\unicodedata.pyd
0x00007ffa34ff0000 - 0x00007ffa3504c000 	C:\Users\woqls\PycharmProjects\StockNews\venv\lib\site-packages\pandas\_libs\window\aggregations.cp36-win_amd64.pyd
0x00007ffa34ed0000 - 0x00007ffa34f6b000 	C:\Users\woqls\PycharmProjects\StockNews\venv\lib\site-packages\pandas\_libs\window\MSVCP140.dll
0x00007ffa36430000 - 0x00007ffa3645b000 	C:\Users\woqls\PycharmProjects\StockNews\venv\lib\site-packages\pandas\_libs\window\indexers.cp36-win_amd64.pyd
0x00007ffa34a40000 - 0x00007ffa34b33000 	C:\Users\woqls\PycharmProjects\StockNews\venv\lib\site-packages\pandas\_libs\groupby.cp36-win_amd64.pyd
0x00007ffa34e80000 - 0x00007ffa34ec8000 	C:\Users\woqls\PycharmProjects\StockNews\venv\lib\site-packages\pandas\_libs\reduction.cp36-win_amd64.pyd
0x00007ffa349c0000 - 0x00007ffa34a31000 	C:\Users\woqls\PycharmProjects\StockNews\venv\lib\site-packages\pandas\_libs\parsers.cp36-win_amd64.pyd
0x00007ffa4ffe0000 - 0x00007ffa4fff5000 	C:\Users\woqls\PycharmProjects\StockNews\venv\lib\site-packages\pandas\_libs\json.cp36-win_amd64.pyd
0x00007ffa4d2c0000 - 0x00007ffa4d2d7000 	C:\Users\woqls\PycharmProjects\StockNews\venv\lib\site-packages\pandas\_libs\testing.cp36-win_amd64.pyd
0x00007ffa34900000 - 0x00007ffa349b2000 	C:\Users\woqls\PycharmProjects\StockNews\venv\lib\site-packages\matplotlib\ft2font.cp36-win_amd64.pyd
0x00007ffa34e50000 - 0x00007ffa34e78000 	C:\Users\woqls\PycharmProjects\StockNews\venv\lib\site-packages\kiwisolver.cp36-win_amd64.pyd
0x00007ffa34e20000 - 0x00007ffa34e4d000 	C:\Users\woqls\PycharmProjects\StockNews\venv\lib\site-packages\matplotlib\_path.cp36-win_amd64.pyd
0x0000000056830000 - 0x000000005685d000 	C:\Users\woqls\AppData\Local\Programs\Python\Python36\DLLs\_elementtree.pyd
0x00007ffa348c0000 - 0x00007ffa348f4000 	C:\Users\woqls\AppData\Local\Programs\Python\Python36\DLLs\pyexpat.pyd
0x00007ffa26870000 - 0x00007ffa26adf000 	C:\Users\woqls\PycharmProjects\StockNews\venv\lib\site-packages\PIL\_imaging.cp36-win_amd64.pyd
0x00007ffa34890000 - 0x00007ffa348be000 	C:\Users\woqls\PycharmProjects\StockNews\venv\lib\site-packages\matplotlib\_image.cp36-win_amd64.pyd
0x00007ffa4c0d0000 - 0x00007ffa4c0e4000 	C:\Users\woqls\AppData\Local\Programs\Python\Python36\DLLs\_tkinter.pyd
0x00000000564a0000 - 0x000000005663d000 	C:\Users\woqls\AppData\Local\Programs\Python\Python36\DLLs\tcl86t.dll
0x0000000056640000 - 0x0000000056826000 	C:\Users\woqls\AppData\Local\Programs\Python\Python36\DLLs\tk86t.dll
0x00007ffa6d830000 - 0x00007ffa6df17000 	C:\Windows\System32\SHELL32.dll
0x00007ffa6cc80000 - 0x00007ffa6ccca000 	C:\Windows\System32\cfgmgr32.dll
0x00007ffa6ea10000 - 0x00007ffa6eab9000 	C:\Windows\System32\shcore.dll
0x00007ffa5ac90000 - 0x00007ffa5aca7000 	C:\Windows\SYSTEM32\NETAPI32.dll
0x00007ffa6c400000 - 0x00007ffa6cb80000 	C:\Windows\System32\windows.storage.dll
0x00007ffa6c120000 - 0x00007ffa6c143000 	C:\Windows\System32\profapi.dll
0x00007ffa6c090000 - 0x00007ffa6c0da000 	C:\Windows\System32\powrprof.dll
0x00007ffa6c080000 - 0x00007ffa6c090000 	C:\Windows\System32\UMPDC.dll
0x00007ffa6bf60000 - 0x00007ffa6bf85000 	C:\Windows\SYSTEM32\USERENV.dll
0x00007ffa6c100000 - 0x00007ffa6c111000 	C:\Windows\System32\kernel.appcore.dll
0x00007ffa6e1b0000 - 0x00007ffa6e280000 	C:\Windows\System32\COMDLG32.dll
0x00007ffa5e230000 - 0x00007ffa5e4b4000 	C:\Windows\WinSxS\amd64_microsoft.windows.common-controls_6595b64144ccf1df_6.0.18362.1082_none_9e8193e1e45b25c1\COMCTL32.dll
0x00007ffa675a0000 - 0x00007ffa675b8000 	C:\Windows\SYSTEM32\SAMCLI.DLL
0x00007ffa6b6f0000 - 0x00007ffa6b6fc000 	C:\Windows\SYSTEM32\NETUTILS.DLL
0x00007ffa6b700000 - 0x00007ffa6b742000 	C:\Windows\SYSTEM32\LOGONCLI.DLL
0x00007ffa4fc70000 - 0x00007ffa4fc7d000 	C:\Users\woqls\PycharmProjects\StockNews\venv\lib\site-packages\matplotlib\backends\_tkagg.cp36-win_amd64.pyd
0x00007ffa6d820000 - 0x00007ffa6d828000 	C:\Windows\System32\PSAPI.DLL
0x00007ffa34850000 - 0x00007ffa34887000 	C:\Users\woqls\PycharmProjects\StockNews\venv\lib\site-packages\matplotlib\backends\_backend_agg.cp36-win_amd64.pyd
0x00007ffa20bf0000 - 0x00007ffa21cd7000 	C:\Windows\SYSTEM32\nvcuda.dll
0x00007ffa34750000 - 0x00007ffa347bd000 	C:\Program Files\NVIDIA GPU Computing Toolkit\CUDA\v10.0\bin\cudart64_100.dll
0x00007ffa06dc0000 - 0x00007ffa1ddb3000 	C:\Program Files\NVIDIA GPU Computing Toolkit\CUDA\v10.0\bin\cudnn64_7.dll

dbghelp: loaded successfully - version: 4.0.5 - missing functions: none
symbol engine: initialized successfully - sym options: 0x614 - pdb path: .;C:\Users\woqls\PycharmProjects\StockNews\venv\Scripts;C:\Windows\SYSTEM32;C:\Users\woqls\AppData\Local\Programs\Python\Python36\DLLs;C:\Users\woqls\PycharmProjects\StockNews\venv\lib\site-packages\numpy\.libs;C:\Users\woqls\PycharmProjects\StockNews\venv\lib\site-packages\numpy\core;C:\Users\woqls\PycharmProjects\StockNews\venv\lib\site-packages\numpy\linalg;C:\Users\woqls\PycharmProjects\StockNews\venv\lib\site-packages\numpy\fft;C:\Users\woqls\PycharmProjects\StockNews\venv\lib\site-packages\numpy\random;C:\Users\woqls\PycharmProjects\StockNews\venv\lib\site-packages\pandas\_libs;C:\Users\woqls\PycharmProjects\StockNews\venv\lib\site-packages\pandas\_libs\tslibs;C:\Users\woqls\PycharmProjects\StockNews\venv\lib\site-packages\pandas\_libs\window;C:\Users\woqls\PycharmProjects\StockNews\venv\lib\site-packages\matplotlib;C:\Users\woqls\PycharmProjects\StockNews\venv\lib\site-packages;C:\Users\woqls\PycharmProjects\StockNews\venv\lib\site-packages\PIL;C:\Windows\WinSxS\amd64_microsoft.windows.common-controls_6595b64144ccf1df_6.0.18362.1082_none_9e8193e1e45b25c1;C:\Users\woqls\PycharmProjects\StockNews\venv\lib\site-packages\matplotlib\backends;C:\Program Files\NVIDIA GPU Computing Toolkit\CUDA\v10.0\bin;C:\Users\woqls\PycharmProjects\StockNews\venv\lib\site-packages\tensorflow\python;C:\Users\woqls\PycharmProjects\StockNews\venv\lib\site-packages\google\protobuf\internal;C:\Users\woqls\PycharmProjects\StockNews\venv\lib\site-packages\google\protobuf\pyext;C:\Users\woqls\PycharmProjects\StockNews\venv\lib\site-packages\wrapt;C:\Users\woqls\PycharmProjects\StockNews\venv\lib\site-packages\h5py;C:\Users\woqls\PycharmProjects\StockNews\venv\lib\site-packages\scipy\_lib;C:\Users\woqls\PycharmProjects\StockNews\venv\lib\site-packages\scipy\_lib\_uarray;C:\Users\woqls\PycharmProjects\StockNews\venv\lib\site-packages\scipy\fft\_pocketfft;C:\Users\woqls\PycharmProjects\StockNews\venv\lib\site-packages\scipy\sparse;C:\Users\woqls\PycharmProjects\StockNews\venv\lib\site-packages\scipy\sparse\csgraph;C:\Users\woqls\PycharmProjects\StockNews\venv\lib\site-packages\scipy\ndimage;C:\Users\woqls\PycharmProjects\StockNews\venv\lib\site-packages\scipy\linalg;C:\Users\woqls\PycharmProjects\StockNews\venv\lib\site-packages\scipy\.libs;C:\Users\woqls\PycharmProjects\StockNews\venv\lib\site-packages\lxml;C:\Users\woqls\AppData\Local\Programs\Python\Python36\tcl\reg1.3;C:\Program Files\Java\jdk-11.0.1\bin\server;C:\Program Files\Java\jdk-11.0.1\bin

VM Arguments:
jvm_args: -Dfile.encoding=UTF8 -ea -Xmx1024m 
java_command: <unknown>
java_class_path (initial): C:\Users\woqls\PycharmProjects\StockNews\venv\lib\site-packages\konlpy\java;C:\Users\woqls\PycharmProjects\StockNews\venv\lib\site-packages\konlpy\java\bin;C:\Users\woqls\PycharmProjects\StockNews\venv\lib\site-packages\konlpy\java\*;C:\Users\woqls\PycharmProjects\StockNews\venv\lib\site-packages\konlpy\java\jhannanum-0.8.4.jar;C:\Users\woqls\PycharmProjects\StockNews\venv\lib\site-packages\konlpy\java\kkma-2.0.jar;C:\Users\woqls\PycharmProjects\StockNews\venv\lib\site-packages\konlpy\java\aho-corasick.jar;C:\Users\woqls\PycharmProjects\StockNews\venv\lib\site-packages\konlpy\java\shineware-common-1.0.jar;C:\Users\woqls\PycharmProjects\StockNews\venv\lib\site-packages\konlpy\java\shineware-ds-1.0.jar;C:\Users\woqls\PycharmProjects\StockNews\venv\lib\site-packages\konlpy\java\komoran-3.0.jar;C:\Users\woqls\PycharmProjects\StockNews\venv\lib\site-packages\konlpy\java\snakeyaml-1.12.jar;C:\Users\woqls\PycharmProjects\StockNews\venv\lib\site-packages\konlpy\java\scala-library-2.12.3.jar;C:\Users\woqls\PycharmProjects\StockNews\venv\lib\site-packages\konlpy\java\open-korean-text-2.1.0.jar;C:\Users\woqls\PycharmProjects\StockNews\venv\lib\site-packages\konlpy\java\twitter-text-1.14.7.jar;C:\Users\woqls\PycharmProjects\StockNews\venv\lib\site-packages\konlpy\java\*
Launcher Type: generic

[Global flags]
     intx CICompilerCount                          = 3                                         {product} {ergonomic}
     uint ConcGCThreads                            = 1                                         {product} {ergonomic}
     uint G1ConcRefinementThreads                  = 4                                         {product} {ergonomic}
   size_t G1HeapRegionSize                         = 1048576                                   {product} {ergonomic}
    uintx GCDrainStackTargetSize                   = 64                                        {product} {ergonomic}
   size_t InitialHeapSize                          = 268435456                                 {product} {ergonomic}
   size_t MarkStackSize                            = 4194304                                   {product} {ergonomic}
   size_t MaxHeapSize                              = 1073741824                                {product} {command line}
   size_t MaxNewSize                               = 643825664                                 {product} {ergonomic}
   size_t MinHeapDeltaBytes                        = 1048576                                   {product} {ergonomic}
    uintx NonNMethodCodeHeapSize                   = 5830092                                {pd product} {ergonomic}
    uintx NonProfiledCodeHeapSize                  = 122914074                              {pd product} {ergonomic}
    uintx ProfiledCodeHeapSize                     = 122914074                              {pd product} {ergonomic}
    uintx ReservedCodeCacheSize                    = 251658240                              {pd product} {ergonomic}
     bool SegmentedCodeCache                       = true                                      {product} {ergonomic}
     bool UseCompressedClassPointers               = true                                 {lp64_product} {ergonomic}
     bool UseCompressedOops                        = true                                 {lp64_product} {ergonomic}
     bool UseG1GC                                  = true                                      {product} {ergonomic}
     bool UseLargePagesIndividualAllocation        = false                                  {pd product} {ergonomic}

Logging:
Log output configuration:
 #0: stdout all=warning uptime,level,tags
 #1: stderr all=off uptime,level,tags

Environment Variables:
JAVA_HOME=C:\Program Files\Java\jdk-11.0.1
PATH=C:\Users\woqls\PycharmProjects\StockNews\venv\Scripts;C:\Program Files\Java\jdk-11.0.1\bin\;C:\Program Files (x86)\Common Files\Oracle\Java\javapath;C:\Python35\Lib\site-packages\PyQt5;C:\Program Files (x86)\NetSarang\Xshell 6\;D:\app\woqls\product\11.2.0\dbhome_2\bin;C:\Program Files\NVIDIA GPU Computing Toolkit\CUDA\v10.0\bin;C:\Program Files\NVIDIA GPU Computing Toolkit\CUDA\v10.0\libnvvp;C:\Program Files\Python38\Scripts\;C:\Program Files\Python38\;C:\Windows\system32;C:\Windows;C:\Windows\System32\Wbem;C:\Windows\System32\WindowsPowerShell\v1.0\;C:\Windows\System32\OpenSSH\;C:\Program Files\dotnet\;C:\Program Files\Microsoft SQL Server\130\Tools\Binn\;C:\Program Files\Microsoft SQL Server\Client SDK\ODBC\170\Tools\Binn\;C:\Program Files (x86)\NVIDIA Corporation\PhysX\Common;C:\Program Files\NVIDIA Corporation\NVIDIA NvDLISR;C:\Program Files\NVIDIA GPU Computing Toolkit\CUDA\v10.0\extras\CUPTI\libx64;C:\Program Files\NVIDIA GPU Computing Toolkit\CUDA\v10.0\bin;C:\Program Files\NVIDIA Corporation\Nsight Compute 2019.4.0\;D:\ProgramFiles\Git\cmd;D:\ProgramFiles\Java\jdk-14;D:\ProgramFiles\Java;C:\Program Files\Tesseract-OCR\;C:\Program Files\PuTTY\;c:\users\woqls\appdata\local\programs\python\python36\lib\site-packages;C:\Program Files\nodejs\;C:\opencv\build\x64\vc14\bin;C:\Program Files\NVIDIA GPU Computing Toolkit\CUDA\v10.0\lib;C:\Program Files\NVIDIA GPU Computing Toolkit\CUDA\v10.0\include;C:\Program Files\NVIDIA GPU Computing Toolkit\CUDA\v10.0\include\bin;C:\Users\woqls\anaconda3;C:\Users\woqls\anaconda3\Library\mingw-w64\bin;C:\Users\woqls\anaconda3\Library\usr\bin;C:\Users\woqls\anaconda3\Library\bin;C:\Users\woqls\anaconda3\Scripts;C:\Users\woqls\AppData\Local\Programs\Python\Python36\Scripts\;C:\Users\woqls\AppData\Local\Programs\Python\Python36\;C:\Users\woqls\AppData\Local\Microsoft\WindowsApps;C:\Program Files\JetBrains\PyCharm 2019.3.4\bin;;C:\Users\woqls\AppData\Local\Programs\Microsoft VS Code\bin;C:\Program Files\JetBrains\PyCharm Community Ed
USERNAME=woqls
OS=Windows_NT
PROCESSOR_IDENTIFIER=Intel64 Family 6 Model 158 Stepping 11, GenuineIntel



---------------  S Y S T E M  ---------------

OS: Windows 10 , 64 bit Build 18362 (10.0.18362.1082)

CPU:total 4 (initial active 4) (4 cores per cpu, 1 threads per core) family 6 model 158 stepping 11, cmov, cx8, fxsr, mmx, sse, sse2, sse3, ssse3, sse4.1, sse4.2, popcnt, avx, avx2, aes, clmul, erms, 3dnowpref, lzcnt, tsc, tscinvbit, bmi1, bmi2, adx, fma

Memory: 4k page, system-wide physical 16346M (8663M free)
TotalPageFile size 19817M (AvailPageFile size 2845M)
current process WorkingSet (physical memory assigned to process): 1463M, peak: 1516M
current process commit charge ("private bytes"): 5967M, peak: 6013M

vm_info: OpenJDK 64-Bit Server VM (11.0.1+13) for windows-amd64 JRE (11.0.1+13), built on Oct  6 2018 13:18:13 by "mach5one" with MS VC++ 15.5 (VS2017)

END.
