#
# A fatal error has been detected by the Java Runtime Environment:
#
#  Internal Error (t:/workspace/open/src/hotspot/os_cpu/windows_x86/os_windows_x86.cpp:145), pid=14440, tid=7096
#  guarantee(result == EXCEPTION_CONTINUE_EXECUTION) failed: Unexpected result from topLevelExceptionFilter
#
# JRE version: OpenJDK Runtime Environment (11.0.1+13) (build 11.0.1+13)
# Java VM: OpenJDK 64-Bit Server VM (11.0.1+13, mixed mode, tiered, compressed oops, g1 gc, windows-amd64)
# No core dump will be written. Minidumps are not enabled by default on client versions of Windows
#
# If you would like to submit a bug report, please visit:
#   http://bugreport.java.com/bugreport/crash.jsp
# The crash happened outside the Java Virtual Machine in native code.
# See problematic frame for where to report the bug.
#

---------------  S U M M A R Y ------------

Command Line: -Dfile.encoding=UTF8 -ea -Xmx1024m 

Host: Intel(R) Core(TM) i3-9100F CPU @ 3.60GHz, 4 cores, 15G,  Windows 10 , 64 bit Build 18362 (10.0.18362.1082)
Time: Mon Sep 14 01:22:24 2020 ¢¥eCN©öI¡¾©ö C¡ÍA¨ª¨öA elapsed time: 11 seconds (0d 0h 0m 11s)

---------------  T H R E A D  ---------------

Current thread (0x00000109ac212000):  JavaThread "Python Reference Queue" daemon [_thread_in_native, id=7096, stack(0x00000001a5940000,0x00000001a5b30000)]

Stack: [0x00000001a5940000,0x00000001a5b30000]
Native frames: (J=compiled Java code, j=interpreted, Vv=VM code, C=native code)
C  0x00007ffa91b3ad9a
C  0x00007ffa91c7851f
C  0x00007ffa91c79b08
C  0x00007ffa91c7a177
C  0x00007ffa9176241c
C  0x00007ffa91b3a88c
C  [ntdll.dll+0xa11cf]
C  [ntdll.dll+0x6a209]
C  [ntdll.dll+0x9fe3e]
C  [tcl86t.dll+0xe0dcb]
C  [tcl86t.dll+0xe0e0b]
C  [tcl86t.dll+0x121b3]
C  [tcl86t.dll+0x1439c]
C  [_tkinter.pyd+0x443c]
C  [python36.dll+0xd790]
C  [python36.dll+0xd381]
C  [python36.dll+0xd7a5]
C  [python36.dll+0x8dfad]
C  [python36.dll+0xb54b]
C  [python36.dll+0x1a88]
C  [python36.dll+0x16a8]
C  [python36.dll+0x1031]
C  0x00007ffaf102bee0  Java_jpype_ref_JPypeReferenceQueue_wake+0x40  (jp_reference_queue.cpp:60)
C  0x0000010a81c5f037

Java frames: (J=compiled Java code, j=interpreted, Vv=VM code)
j  org.jpype.ref.JPypeReferenceQueue.wake(J)V+0
j  org.jpype.ref.JPypeReferenceQueue$Worker.run()V+49
j  java.lang.Thread.run()V+11 java.base@11.0.1
v  ~StubRoutines::call_stub

---------------  P R O C E S S  ---------------

Threads class SMR info:
_java_thread_list=0x00000109f65b1290, length=11, elements={
0x0000010998aa3000, 0x00000109f6cf2800, 0x00000109a3563000, 0x00000109a07cb800,
0x00000109986e8000, 0x00000109a5e12000, 0x00000109ac20d000, 0x000001099fbcd000,
0x00000109ac20f800, 0x00000109ac20a800, 0x00000109ac212000
}

Java Threads: ( => current thread )
  0x0000010998aa3000 JavaThread "main" [_thread_in_native, id=4616, stack(0x00000001a0400000,0x00000001a05f0000)]
  0x00000109f6cf2800 JavaThread "Reference Handler" daemon [_thread_blocked, id=18152, stack(0x00000001a43f0000,0x00000001a45e0000)]
  0x00000109a3563000 JavaThread "Finalizer" daemon [_thread_blocked, id=18156, stack(0x00000001a45e0000,0x00000001a47d0000)]
  0x00000109a07cb800 JavaThread "Signal Dispatcher" daemon [_thread_blocked, id=18132, stack(0x00000001a47d0000,0x00000001a49c0000)]
  0x00000109986e8000 JavaThread "Attach Listener" daemon [_thread_blocked, id=18128, stack(0x00000001a49c0000,0x00000001a4bb0000)]
  0x00000109a5e12000 JavaThread "C2 CompilerThread0" daemon [_thread_blocked, id=18096, stack(0x00000001a4bb0000,0x00000001a4da0000)]
  0x00000109ac20d000 JavaThread "C1 CompilerThread0" daemon [_thread_blocked, id=18108, stack(0x00000001a4da0000,0x00000001a4f90000)]
  0x000001099fbcd000 JavaThread "Sweeper thread" daemon [_thread_blocked, id=18104, stack(0x00000001a4f90000,0x00000001a5180000)]
  0x00000109ac20f800 JavaThread "Service Thread" daemon [_thread_blocked, id=18100, stack(0x00000001a5180000,0x00000001a5370000)]
  0x00000109ac20a800 JavaThread "Common-Cleaner" daemon [_thread_blocked, id=18112, stack(0x00000001a5560000,0x00000001a5750000)]
=>0x00000109ac212000 JavaThread "Python Reference Queue" daemon [_thread_in_native, id=7096, stack(0x00000001a5940000,0x00000001a5b30000)]

Other Threads:
  0x00000109a52e7800 VMThread "VM Thread" [stack: 0x00000001a4200000,0x00000001a43f0000] [id=18144]
  0x00000109ad9c4800 WatcherThread [stack: 0x00000001a5370000,0x00000001a5560000] [id=18116]
  0x00000109aaf4a800 GCTaskThread "GC Thread#0" [stack: 0x00000001a3850000,0x00000001a3a40000] [id=15428]
  0x00000109a52eb800 GCTaskThread "GC Thread#1" [stack: 0x00000001a5b30000,0x00000001a5d20000] [id=17436]
  0x00000109a7dfa800 GCTaskThread "GC Thread#2" [stack: 0x00000001a5d20000,0x00000001a5f10000] [id=18020]
  0x00000109a7df4800 GCTaskThread "GC Thread#3" [stack: 0x00000001a5f10000,0x00000001a6100000] [id=18016]
  0x00000109aa5b5800 ConcurrentGCThread "G1 Main Marker" [stack: 0x00000001a3a40000,0x00000001a3c30000] [id=4940]
  0x00000109abfa0800 ConcurrentGCThread "G1 Conc#0" [stack: 0x00000001a3c30000,0x00000001a3e20000] [id=14436]
  0x00000109a55e1000 ConcurrentGCThread "G1 Refine#0" [stack: 0x00000001a3e20000,0x00000001a4010000] [id=15896]
  0x000001099c3da000 ConcurrentGCThread "G1 Refine#1" [stack: 0x00000001a6100000,0x00000001a62f0000] [id=18192]
  0x00000109f6f94800 ConcurrentGCThread "G1 Refine#2" [stack: 0x00000001a62f0000,0x00000001a64e0000] [id=15392]
  0x000001099da7d800 ConcurrentGCThread "G1 Young RemSet Sampling" [stack: 0x00000001a4010000,0x00000001a4200000] [id=18148]

Threads with active compile tasks:

VM state:not at safepoint (normal execution)

VM Mutex/Monitor currently owned by a thread: None

Heap address: 0x00000000c0000000, size: 1024 MB, Compressed Oops mode: 32-bit
Narrow klass base: 0x0000000000000000, Narrow klass shift: 3
Compressed class space size: 1073741824 Address: 0x0000000100000000

Heap:
 garbage-first heap   total 354304K, used 169301K [0x00000000c0000000, 0x0000000100000000)
  region size 1024K, 89 young (91136K), 13 survivors (13312K)
 Metaspace       used 17060K, capacity 17485K, committed 17792K, reserved 1064960K
  class space    used 2202K, capacity 2376K, committed 2432K, reserved 1048576K
Heap Regions: E=young(eden), S=young(survivor), O=old, HS=humongous(starts), HC=humongous(continues), CS=collection set, F=free, A=archive, TAMS=top-at-mark-start (previous, next)
|   0|0x00000000c0000000, 0x00000000c00410d8, 0x00000000c0100000| 25%| O|  |TAMS 0x00000000c0000000, 0x00000000c0000000| Untracked 
|   1|0x00000000c0100000, 0x00000000c0124758, 0x00000000c0200000| 14%| O|  |TAMS 0x00000000c0100000, 0x00000000c0100000| Untracked 
|   2|0x00000000c0200000, 0x00000000c02fbbd0, 0x00000000c0300000| 98%| O|  |TAMS 0x00000000c0200000, 0x00000000c0200000| Untracked 
|   3|0x00000000c0300000, 0x00000000c0374348, 0x00000000c0400000| 45%| O|  |TAMS 0x00000000c0300000, 0x00000000c0300000| Untracked 
|   4|0x00000000c0400000, 0x00000000c0500000, 0x00000000c0500000|100%| O|  |TAMS 0x00000000c0400000, 0x00000000c0400000| Untracked 
|   5|0x00000000c0500000, 0x00000000c0600000, 0x00000000c0600000|100%| O|  |TAMS 0x00000000c0500000, 0x00000000c0500000| Untracked 
|   6|0x00000000c0600000, 0x00000000c0700000, 0x00000000c0700000|100%|HS|  |TAMS 0x00000000c0600000, 0x00000000c0600000| Complete 
|   7|0x00000000c0700000, 0x00000000c0800000, 0x00000000c0800000|100%|HS|  |TAMS 0x00000000c0700000, 0x00000000c0700000| Complete 
|   8|0x00000000c0800000, 0x00000000c0900000, 0x00000000c0900000|100%|HS|  |TAMS 0x00000000c0800000, 0x00000000c0800000| Complete 
|   9|0x00000000c0900000, 0x00000000c0a00000, 0x00000000c0a00000|100%|HC|  |TAMS 0x00000000c0900000, 0x00000000c0900000| Complete 
|  10|0x00000000c0a00000, 0x00000000c0b00000, 0x00000000c0b00000|100%|HS|  |TAMS 0x00000000c0a00000, 0x00000000c0a00000| Complete 
|  11|0x00000000c0b00000, 0x00000000c0c00000, 0x00000000c0c00000|100%|HC|  |TAMS 0x00000000c0b00000, 0x00000000c0b00000| Complete 
|  12|0x00000000c0c00000, 0x00000000c0d00000, 0x00000000c0d00000|100%| O|  |TAMS 0x00000000c0c00000, 0x00000000c0c00000| Untracked 
|  13|0x00000000c0d00000, 0x00000000c0e00000, 0x00000000c0e00000|100%| O|  |TAMS 0x00000000c0d00000, 0x00000000c0d00000| Untracked 
|  14|0x00000000c0e00000, 0x00000000c0f00000, 0x00000000c0f00000|100%| O|  |TAMS 0x00000000c0e00000, 0x00000000c0e00000| Untracked 
|  15|0x00000000c0f00000, 0x00000000c1000000, 0x00000000c1000000|100%| O|  |TAMS 0x00000000c0f00000, 0x00000000c0f00000| Untracked 
|  16|0x00000000c1000000, 0x00000000c1100000, 0x00000000c1100000|100%| O|  |TAMS 0x00000000c1000000, 0x00000000c1000000| Untracked 
|  17|0x00000000c1100000, 0x00000000c1200000, 0x00000000c1200000|100%| O|  |TAMS 0x00000000c1100000, 0x00000000c1100000| Untracked 
|  18|0x00000000c1200000, 0x00000000c1300000, 0x00000000c1300000|100%|HS|  |TAMS 0x00000000c1200000, 0x00000000c1200000| Complete 
|  19|0x00000000c1300000, 0x00000000c1400000, 0x00000000c1400000|100%|HS|  |TAMS 0x00000000c1300000, 0x00000000c1300000| Complete 
|  20|0x00000000c1400000, 0x00000000c1500000, 0x00000000c1500000|100%| O|  |TAMS 0x00000000c1400000, 0x00000000c1400000| Untracked 
|  21|0x00000000c1500000, 0x00000000c1600000, 0x00000000c1600000|100%| O|  |TAMS 0x00000000c1500000, 0x00000000c1500000| Untracked 
|  22|0x00000000c1600000, 0x00000000c1700000, 0x00000000c1700000|100%| O|  |TAMS 0x00000000c1600000, 0x00000000c1600000| Untracked 
|  23|0x00000000c1700000, 0x00000000c1800000, 0x00000000c1800000|100%| O|  |TAMS 0x00000000c1700000, 0x00000000c1700000| Untracked 
|  24|0x00000000c1800000, 0x00000000c1900000, 0x00000000c1900000|100%| O|  |TAMS 0x00000000c1800000, 0x00000000c1800000| Untracked 
|  25|0x00000000c1900000, 0x00000000c1a00000, 0x00000000c1a00000|100%| O|  |TAMS 0x00000000c1900000, 0x00000000c1900000| Untracked 
|  26|0x00000000c1a00000, 0x00000000c1b00000, 0x00000000c1b00000|100%| O|  |TAMS 0x00000000c1a00000, 0x00000000c1a00000| Untracked 
|  27|0x00000000c1b00000, 0x00000000c1c00000, 0x00000000c1c00000|100%| O|  |TAMS 0x00000000c1b00000, 0x00000000c1b00000| Untracked 
|  28|0x00000000c1c00000, 0x00000000c1d00000, 0x00000000c1d00000|100%| O|  |TAMS 0x00000000c1c00000, 0x00000000c1c00000| Untracked 
|  29|0x00000000c1d00000, 0x00000000c1e00000, 0x00000000c1e00000|100%|HS|  |TAMS 0x00000000c1d00000, 0x00000000c1d00000| Complete 
|  30|0x00000000c1e00000, 0x00000000c1f00000, 0x00000000c1f00000|100%|HS|  |TAMS 0x00000000c1e00000, 0x00000000c1e00000| Complete 
|  31|0x00000000c1f00000, 0x00000000c2000000, 0x00000000c2000000|100%|HS|  |TAMS 0x00000000c1f00000, 0x00000000c1f00000| Complete 
|  32|0x00000000c2000000, 0x00000000c2100000, 0x00000000c2100000|100%|HC|  |TAMS 0x00000000c2000000, 0x00000000c2000000| Complete 
|  33|0x00000000c2100000, 0x00000000c2200000, 0x00000000c2200000|100%|HS|  |TAMS 0x00000000c2100000, 0x00000000c2100000| Complete 
|  34|0x00000000c2200000, 0x00000000c2300000, 0x00000000c2300000|100%|HC|  |TAMS 0x00000000c2200000, 0x00000000c2200000| Complete 
|  35|0x00000000c2300000, 0x00000000c2400000, 0x00000000c2400000|100%|HS|  |TAMS 0x00000000c2300000, 0x00000000c2300000| Complete 
|  36|0x00000000c2400000, 0x00000000c2500000, 0x00000000c2500000|100%|HS|  |TAMS 0x00000000c2400000, 0x00000000c2400000| Complete 
|  37|0x00000000c2500000, 0x00000000c2600000, 0x00000000c2600000|100%|HS|  |TAMS 0x00000000c2500000, 0x00000000c2500000| Complete 
|  38|0x00000000c2600000, 0x00000000c2700000, 0x00000000c2700000|100%|HC|  |TAMS 0x00000000c2600000, 0x00000000c2600000| Complete 
|  39|0x00000000c2700000, 0x00000000c2800000, 0x00000000c2800000|100%|HS|  |TAMS 0x00000000c2700000, 0x00000000c2700000| Complete 
|  40|0x00000000c2800000, 0x00000000c2900000, 0x00000000c2900000|100%|HC|  |TAMS 0x00000000c2800000, 0x00000000c2800000| Complete 
|  41|0x00000000c2900000, 0x00000000c2a00000, 0x00000000c2a00000|100%|HS|  |TAMS 0x00000000c2900000, 0x00000000c2900000| Complete 
|  42|0x00000000c2a00000, 0x00000000c2b00000, 0x00000000c2b00000|100%| O|  |TAMS 0x00000000c2a00000, 0x00000000c2a00000| Untracked 
|  43|0x00000000c2b00000, 0x00000000c2c00000, 0x00000000c2c00000|100%| O|  |TAMS 0x00000000c2b00000, 0x00000000c2b00000| Untracked 
|  44|0x00000000c2c00000, 0x00000000c2d00000, 0x00000000c2d00000|100%| O|  |TAMS 0x00000000c2c00000, 0x00000000c2c00000| Untracked 
|  45|0x00000000c2d00000, 0x00000000c2e00000, 0x00000000c2e00000|100%| O|  |TAMS 0x00000000c2d00000, 0x00000000c2d00000| Untracked 
|  46|0x00000000c2e00000, 0x00000000c2f00000, 0x00000000c2f00000|100%| O|  |TAMS 0x00000000c2e00000, 0x00000000c2e00000| Untracked 
|  47|0x00000000c2f00000, 0x00000000c3000000, 0x00000000c3000000|100%| O|  |TAMS 0x00000000c2f00000, 0x00000000c2f00000| Untracked 
|  48|0x00000000c3000000, 0x00000000c3100000, 0x00000000c3100000|100%| O|  |TAMS 0x00000000c3000000, 0x00000000c3000000| Untracked 
|  49|0x00000000c3100000, 0x00000000c3200000, 0x00000000c3200000|100%| O|  |TAMS 0x00000000c3100000, 0x00000000c3100000| Untracked 
|  50|0x00000000c3200000, 0x00000000c3300000, 0x00000000c3300000|100%| O|  |TAMS 0x00000000c3200000, 0x00000000c3200000| Untracked 
|  51|0x00000000c3300000, 0x00000000c3400000, 0x00000000c3400000|100%| O|  |TAMS 0x00000000c3300000, 0x00000000c3300000| Untracked 
|  52|0x00000000c3400000, 0x00000000c3500000, 0x00000000c3500000|100%| O|  |TAMS 0x00000000c3400000, 0x00000000c3400000| Untracked 
|  53|0x00000000c3500000, 0x00000000c3600000, 0x00000000c3600000|100%| O|  |TAMS 0x00000000c3500000, 0x00000000c3500000| Untracked 
|  54|0x00000000c3600000, 0x00000000c3700000, 0x00000000c3700000|100%| O|  |TAMS 0x00000000c3600000, 0x00000000c3600000| Untracked 
|  55|0x00000000c3700000, 0x00000000c3800000, 0x00000000c3800000|100%| O|  |TAMS 0x00000000c3700000, 0x00000000c3700000| Untracked 
|  56|0x00000000c3800000, 0x00000000c3900000, 0x00000000c3900000|100%| O|  |TAMS 0x00000000c3800000, 0x00000000c3800000| Untracked 
|  57|0x00000000c3900000, 0x00000000c3a00000, 0x00000000c3a00000|100%| O|  |TAMS 0x00000000c3900000, 0x00000000c3900000| Untracked 
|  58|0x00000000c3a00000, 0x00000000c3b00000, 0x00000000c3b00000|100%| O|  |TAMS 0x00000000c3a00000, 0x00000000c3a00000| Untracked 
|  59|0x00000000c3b00000, 0x00000000c3c00000, 0x00000000c3c00000|100%| O|  |TAMS 0x00000000c3b00000, 0x00000000c3b00000| Untracked 
|  60|0x00000000c3c00000, 0x00000000c3d00000, 0x00000000c3d00000|100%| O|  |TAMS 0x00000000c3c00000, 0x00000000c3c00000| Untracked 
|  61|0x00000000c3d00000, 0x00000000c3e00000, 0x00000000c3e00000|100%| O|  |TAMS 0x00000000c3d00000, 0x00000000c3d00000| Untracked 
|  62|0x00000000c3e00000, 0x00000000c3f00000, 0x00000000c3f00000|100%| O|  |TAMS 0x00000000c3e00000, 0x00000000c3e00000| Untracked 
|  63|0x00000000c3f00000, 0x00000000c4000000, 0x00000000c4000000|100%| O|  |TAMS 0x00000000c3f00000, 0x00000000c3f00000| Untracked 
|  64|0x00000000c4000000, 0x00000000c4100000, 0x00000000c4100000|100%| O|  |TAMS 0x00000000c4000000, 0x00000000c4000000| Untracked 
|  65|0x00000000c4100000, 0x00000000c4200000, 0x00000000c4200000|100%| O|  |TAMS 0x00000000c4100000, 0x00000000c4100000| Untracked 
|  66|0x00000000c4200000, 0x00000000c4300000, 0x00000000c4300000|100%| O|  |TAMS 0x00000000c4200000, 0x00000000c4200000| Untracked 
|  67|0x00000000c4300000, 0x00000000c4400000, 0x00000000c4400000|100%| O|  |TAMS 0x00000000c4300000, 0x00000000c4300000| Untracked 
|  68|0x00000000c4400000, 0x00000000c4500000, 0x00000000c4500000|100%| O|  |TAMS 0x00000000c4400000, 0x00000000c4400000| Untracked 
|  69|0x00000000c4500000, 0x00000000c4600000, 0x00000000c4600000|100%| O|  |TAMS 0x00000000c4500000, 0x00000000c4500000| Untracked 
|  70|0x00000000c4600000, 0x00000000c4700000, 0x00000000c4700000|100%| O|  |TAMS 0x00000000c4600000, 0x00000000c4600000| Untracked 
|  71|0x00000000c4700000, 0x00000000c4800000, 0x00000000c4800000|100%| O|  |TAMS 0x00000000c4700000, 0x00000000c4700000| Untracked 
|  72|0x00000000c4800000, 0x00000000c4900000, 0x00000000c4900000|100%| O|  |TAMS 0x00000000c4800000, 0x00000000c4800000| Untracked 
|  73|0x00000000c4900000, 0x00000000c4a00000, 0x00000000c4a00000|100%| O|  |TAMS 0x00000000c4900000, 0x00000000c4900000| Untracked 
|  74|0x00000000c4a00000, 0x00000000c4b00000, 0x00000000c4b00000|100%| O|  |TAMS 0x00000000c4a00000, 0x00000000c4a00000| Untracked 
|  75|0x00000000c4b00000, 0x00000000c4c00000, 0x00000000c4c00000|100%| O|  |TAMS 0x00000000c4b00000, 0x00000000c4b00000| Untracked 
|  76|0x00000000c4c00000, 0x00000000c4d00000, 0x00000000c4d00000|100%| O|  |TAMS 0x00000000c4c00000, 0x00000000c4c00000| Untracked 
|  77|0x00000000c4d00000, 0x00000000c4e00000, 0x00000000c4e00000|100%| O|  |TAMS 0x00000000c4d00000, 0x00000000c4d00000| Untracked 
|  78|0x00000000c4e00000, 0x00000000c4f00000, 0x00000000c4f00000|100%| O|  |TAMS 0x00000000c4e00000, 0x00000000c4e00000| Untracked 
|  79|0x00000000c4f00000, 0x00000000c4f80000, 0x00000000c5000000| 50%| O|  |TAMS 0x00000000c4f00000, 0x00000000c4f00000| Untracked 
|  80|0x00000000c5000000, 0x00000000c5000000, 0x00000000c5100000|  0%| F|  |TAMS 0x00000000c5000000, 0x00000000c5000000| Untracked 
|  81|0x00000000c5100000, 0x00000000c5100000, 0x00000000c5200000|  0%| F|  |TAMS 0x00000000c5100000, 0x00000000c5100000| Untracked 
|  82|0x00000000c5200000, 0x00000000c5200000, 0x00000000c5300000|  0%| F|  |TAMS 0x00000000c5200000, 0x00000000c5200000| Untracked 
|  83|0x00000000c5300000, 0x00000000c5300000, 0x00000000c5400000|  0%| F|  |TAMS 0x00000000c5300000, 0x00000000c5300000| Untracked 
|  84|0x00000000c5400000, 0x00000000c5400000, 0x00000000c5500000|  0%| F|  |TAMS 0x00000000c5400000, 0x00000000c5400000| Untracked 
|  85|0x00000000c5500000, 0x00000000c5500000, 0x00000000c5600000|  0%| F|  |TAMS 0x00000000c5500000, 0x00000000c5500000| Untracked 
|  86|0x00000000c5600000, 0x00000000c5600000, 0x00000000c5700000|  0%| F|  |TAMS 0x00000000c5600000, 0x00000000c5600000| Untracked 
|  87|0x00000000c5700000, 0x00000000c5700000, 0x00000000c5800000|  0%| F|  |TAMS 0x00000000c5700000, 0x00000000c5700000| Untracked 
|  88|0x00000000c5800000, 0x00000000c5800000, 0x00000000c5900000|  0%| F|  |TAMS 0x00000000c5800000, 0x00000000c5800000| Untracked 
|  89|0x00000000c5900000, 0x00000000c5900000, 0x00000000c5a00000|  0%| F|  |TAMS 0x00000000c5900000, 0x00000000c5900000| Untracked 
|  90|0x00000000c5a00000, 0x00000000c5a00000, 0x00000000c5b00000|  0%| F|  |TAMS 0x00000000c5a00000, 0x00000000c5a00000| Untracked 
|  91|0x00000000c5b00000, 0x00000000c5b00000, 0x00000000c5c00000|  0%| F|  |TAMS 0x00000000c5b00000, 0x00000000c5b00000| Untracked 
|  92|0x00000000c5c00000, 0x00000000c5c00000, 0x00000000c5d00000|  0%| F|  |TAMS 0x00000000c5c00000, 0x00000000c5c00000| Untracked 
|  93|0x00000000c5d00000, 0x00000000c5d00000, 0x00000000c5e00000|  0%| F|  |TAMS 0x00000000c5d00000, 0x00000000c5d00000| Untracked 
|  94|0x00000000c5e00000, 0x00000000c5e00000, 0x00000000c5f00000|  0%| F|  |TAMS 0x00000000c5e00000, 0x00000000c5e00000| Untracked 
|  95|0x00000000c5f00000, 0x00000000c5f00000, 0x00000000c6000000|  0%| F|  |TAMS 0x00000000c5f00000, 0x00000000c5f00000| Untracked 
|  96|0x00000000c6000000, 0x00000000c6000000, 0x00000000c6100000|  0%| F|  |TAMS 0x00000000c6000000, 0x00000000c6000000| Untracked 
|  97|0x00000000c6100000, 0x00000000c6100000, 0x00000000c6200000|  0%| F|  |TAMS 0x00000000c6100000, 0x00000000c6100000| Untracked 
|  98|0x00000000c6200000, 0x00000000c6200000, 0x00000000c6300000|  0%| F|  |TAMS 0x00000000c6200000, 0x00000000c6200000| Untracked 
|  99|0x00000000c6300000, 0x00000000c6300000, 0x00000000c6400000|  0%| F|  |TAMS 0x00000000c6300000, 0x00000000c6300000| Untracked 
| 100|0x00000000c6400000, 0x00000000c6400000, 0x00000000c6500000|  0%| F|  |TAMS 0x00000000c6400000, 0x00000000c6400000| Untracked 
| 101|0x00000000c6500000, 0x00000000c6500000, 0x00000000c6600000|  0%| F|  |TAMS 0x00000000c6500000, 0x00000000c6500000| Untracked 
| 102|0x00000000c6600000, 0x00000000c6600000, 0x00000000c6700000|  0%| F|  |TAMS 0x00000000c6600000, 0x00000000c6600000| Untracked 
| 103|0x00000000c6700000, 0x00000000c6700000, 0x00000000c6800000|  0%| F|  |TAMS 0x00000000c6700000, 0x00000000c6700000| Untracked 
| 104|0x00000000c6800000, 0x00000000c6800000, 0x00000000c6900000|  0%| F|  |TAMS 0x00000000c6800000, 0x00000000c6800000| Untracked 
| 105|0x00000000c6900000, 0x00000000c6900000, 0x00000000c6a00000|  0%| F|  |TAMS 0x00000000c6900000, 0x00000000c6900000| Untracked 
| 106|0x00000000c6a00000, 0x00000000c6a00000, 0x00000000c6b00000|  0%| F|  |TAMS 0x00000000c6a00000, 0x00000000c6a00000| Untracked 
| 107|0x00000000c6b00000, 0x00000000c6b00000, 0x00000000c6c00000|  0%| F|  |TAMS 0x00000000c6b00000, 0x00000000c6b00000| Untracked 
| 108|0x00000000c6c00000, 0x00000000c6c00000, 0x00000000c6d00000|  0%| F|  |TAMS 0x00000000c6c00000, 0x00000000c6c00000| Untracked 
| 109|0x00000000c6d00000, 0x00000000c6d00000, 0x00000000c6e00000|  0%| F|  |TAMS 0x00000000c6d00000, 0x00000000c6d00000| Untracked 
| 110|0x00000000c6e00000, 0x00000000c6e00000, 0x00000000c6f00000|  0%| F|  |TAMS 0x00000000c6e00000, 0x00000000c6e00000| Untracked 
| 111|0x00000000c6f00000, 0x00000000c6f00000, 0x00000000c7000000|  0%| F|  |TAMS 0x00000000c6f00000, 0x00000000c6f00000| Untracked 
| 112|0x00000000c7000000, 0x00000000c7000000, 0x00000000c7100000|  0%| F|  |TAMS 0x00000000c7000000, 0x00000000c7000000| Untracked 
| 113|0x00000000c7100000, 0x00000000c7100000, 0x00000000c7200000|  0%| F|  |TAMS 0x00000000c7100000, 0x00000000c7100000| Untracked 
| 114|0x00000000c7200000, 0x00000000c7200000, 0x00000000c7300000|  0%| F|  |TAMS 0x00000000c7200000, 0x00000000c7200000| Untracked 
| 115|0x00000000c7300000, 0x00000000c7300000, 0x00000000c7400000|  0%| F|  |TAMS 0x00000000c7300000, 0x00000000c7300000| Untracked 
| 116|0x00000000c7400000, 0x00000000c7400000, 0x00000000c7500000|  0%| F|  |TAMS 0x00000000c7400000, 0x00000000c7400000| Untracked 
| 117|0x00000000c7500000, 0x00000000c7600000, 0x00000000c7600000|100%| S|CS|TAMS 0x00000000c7500000, 0x00000000c7500000| Complete 
| 118|0x00000000c7600000, 0x00000000c7700000, 0x00000000c7700000|100%| S|CS|TAMS 0x00000000c7600000, 0x00000000c7600000| Complete 
| 119|0x00000000c7700000, 0x00000000c7800000, 0x00000000c7800000|100%| S|CS|TAMS 0x00000000c7700000, 0x00000000c7700000| Complete 
| 120|0x00000000c7800000, 0x00000000c7900000, 0x00000000c7900000|100%| S|CS|TAMS 0x00000000c7800000, 0x00000000c7800000| Complete 
| 121|0x00000000c7900000, 0x00000000c7a00000, 0x00000000c7a00000|100%| S|CS|TAMS 0x00000000c7900000, 0x00000000c7900000| Complete 
| 122|0x00000000c7a00000, 0x00000000c7b00000, 0x00000000c7b00000|100%| S|CS|TAMS 0x00000000c7a00000, 0x00000000c7a00000| Complete 
| 123|0x00000000c7b00000, 0x00000000c7c00000, 0x00000000c7c00000|100%| S|CS|TAMS 0x00000000c7b00000, 0x00000000c7b00000| Complete 
| 124|0x00000000c7c00000, 0x00000000c7d00000, 0x00000000c7d00000|100%| S|CS|TAMS 0x00000000c7c00000, 0x00000000c7c00000| Complete 
| 125|0x00000000c7d00000, 0x00000000c7e00000, 0x00000000c7e00000|100%| S|CS|TAMS 0x00000000c7d00000, 0x00000000c7d00000| Complete 
| 126|0x00000000c7e00000, 0x00000000c7e00000, 0x00000000c7f00000|  0%| F|  |TAMS 0x00000000c7e00000, 0x00000000c7e00000| Untracked 
| 127|0x00000000c7f00000, 0x00000000c7f00000, 0x00000000c8000000|  0%| F|  |TAMS 0x00000000c7f00000, 0x00000000c7f00000| Untracked 
| 128|0x00000000c8000000, 0x00000000c8000000, 0x00000000c8100000|  0%| F|  |TAMS 0x00000000c8000000, 0x00000000c8000000| Untracked 
| 129|0x00000000c8100000, 0x00000000c8100000, 0x00000000c8200000|  0%| F|  |TAMS 0x00000000c8100000, 0x00000000c8100000| Untracked 
| 130|0x00000000c8200000, 0x00000000c8200000, 0x00000000c8300000|  0%| F|  |TAMS 0x00000000c8200000, 0x00000000c8200000| Untracked 
| 131|0x00000000c8300000, 0x00000000c8300000, 0x00000000c8400000|  0%| F|  |TAMS 0x00000000c8300000, 0x00000000c8300000| Untracked 
| 132|0x00000000c8400000, 0x00000000c8400000, 0x00000000c8500000|  0%| F|  |TAMS 0x00000000c8400000, 0x00000000c8400000| Untracked 
| 133|0x00000000c8500000, 0x00000000c8500000, 0x00000000c8600000|  0%| F|  |TAMS 0x00000000c8500000, 0x00000000c8500000| Untracked 
| 134|0x00000000c8600000, 0x00000000c8600000, 0x00000000c8700000|  0%| F|  |TAMS 0x00000000c8600000, 0x00000000c8600000| Untracked 
| 135|0x00000000c8700000, 0x00000000c8700000, 0x00000000c8800000|  0%| F|  |TAMS 0x00000000c8700000, 0x00000000c8700000| Untracked 
| 136|0x00000000c8800000, 0x00000000c8800000, 0x00000000c8900000|  0%| F|  |TAMS 0x00000000c8800000, 0x00000000c8800000| Untracked 
| 137|0x00000000c8900000, 0x00000000c8900000, 0x00000000c8a00000|  0%| F|  |TAMS 0x00000000c8900000, 0x00000000c8900000| Untracked 
| 138|0x00000000c8a00000, 0x00000000c8a00000, 0x00000000c8b00000|  0%| F|  |TAMS 0x00000000c8a00000, 0x00000000c8a00000| Untracked 
| 139|0x00000000c8b00000, 0x00000000c8c00000, 0x00000000c8c00000|100%| S|CS|TAMS 0x00000000c8b00000, 0x00000000c8b00000| Complete 
| 140|0x00000000c8c00000, 0x00000000c8d00000, 0x00000000c8d00000|100%| S|CS|TAMS 0x00000000c8c00000, 0x00000000c8c00000| Complete 
| 141|0x00000000c8d00000, 0x00000000c8e00000, 0x00000000c8e00000|100%| S|CS|TAMS 0x00000000c8d00000, 0x00000000c8d00000| Complete 
| 142|0x00000000c8e00000, 0x00000000c8f00000, 0x00000000c8f00000|100%| S|CS|TAMS 0x00000000c8e00000, 0x00000000c8e00000| Complete 
| 143|0x00000000c8f00000, 0x00000000c8f00000, 0x00000000c9000000|  0%| F|  |TAMS 0x00000000c8f00000, 0x00000000c8f00000| Untracked 
| 144|0x00000000c9000000, 0x00000000c9000000, 0x00000000c9100000|  0%| F|  |TAMS 0x00000000c9000000, 0x00000000c9000000| Untracked 
| 145|0x00000000c9100000, 0x00000000c9100000, 0x00000000c9200000|  0%| F|  |TAMS 0x00000000c9100000, 0x00000000c9100000| Untracked 
| 146|0x00000000c9200000, 0x00000000c9200000, 0x00000000c9300000|  0%| F|  |TAMS 0x00000000c9200000, 0x00000000c9200000| Untracked 
| 147|0x00000000c9300000, 0x00000000c9300000, 0x00000000c9400000|  0%| F|  |TAMS 0x00000000c9300000, 0x00000000c9300000| Untracked 
| 148|0x00000000c9400000, 0x00000000c9400000, 0x00000000c9500000|  0%| F|  |TAMS 0x00000000c9400000, 0x00000000c9400000| Untracked 
| 149|0x00000000c9500000, 0x00000000c9500000, 0x00000000c9600000|  0%| F|  |TAMS 0x00000000c9500000, 0x00000000c9500000| Untracked 
| 150|0x00000000c9600000, 0x00000000c9600000, 0x00000000c9700000|  0%| F|  |TAMS 0x00000000c9600000, 0x00000000c9600000| Untracked 
| 151|0x00000000c9700000, 0x00000000c9700000, 0x00000000c9800000|  0%| F|  |TAMS 0x00000000c9700000, 0x00000000c9700000| Untracked 
| 152|0x00000000c9800000, 0x00000000c9800000, 0x00000000c9900000|  0%| F|  |TAMS 0x00000000c9800000, 0x00000000c9800000| Untracked 
| 153|0x00000000c9900000, 0x00000000c9900000, 0x00000000c9a00000|  0%| F|  |TAMS 0x00000000c9900000, 0x00000000c9900000| Untracked 
| 154|0x00000000c9a00000, 0x00000000c9a00000, 0x00000000c9b00000|  0%| F|  |TAMS 0x00000000c9a00000, 0x00000000c9a00000| Untracked 
| 155|0x00000000c9b00000, 0x00000000c9b00000, 0x00000000c9c00000|  0%| F|  |TAMS 0x00000000c9b00000, 0x00000000c9b00000| Untracked 
| 156|0x00000000c9c00000, 0x00000000c9c00000, 0x00000000c9d00000|  0%| F|  |TAMS 0x00000000c9c00000, 0x00000000c9c00000| Untracked 
| 157|0x00000000c9d00000, 0x00000000c9d00000, 0x00000000c9e00000|  0%| F|  |TAMS 0x00000000c9d00000, 0x00000000c9d00000| Untracked 
| 158|0x00000000c9e00000, 0x00000000c9e00000, 0x00000000c9f00000|  0%| F|  |TAMS 0x00000000c9e00000, 0x00000000c9e00000| Untracked 
| 159|0x00000000c9f00000, 0x00000000c9f00000, 0x00000000ca000000|  0%| F|  |TAMS 0x00000000c9f00000, 0x00000000c9f00000| Untracked 
| 160|0x00000000ca000000, 0x00000000ca000000, 0x00000000ca100000|  0%| F|  |TAMS 0x00000000ca000000, 0x00000000ca000000| Untracked 
| 161|0x00000000ca100000, 0x00000000ca100000, 0x00000000ca200000|  0%| F|  |TAMS 0x00000000ca100000, 0x00000000ca100000| Untracked 
| 162|0x00000000ca200000, 0x00000000ca200000, 0x00000000ca300000|  0%| F|  |TAMS 0x00000000ca200000, 0x00000000ca200000| Untracked 
| 163|0x00000000ca300000, 0x00000000ca300000, 0x00000000ca400000|  0%| F|  |TAMS 0x00000000ca300000, 0x00000000ca300000| Untracked 
| 164|0x00000000ca400000, 0x00000000ca400000, 0x00000000ca500000|  0%| F|  |TAMS 0x00000000ca400000, 0x00000000ca400000| Untracked 
| 165|0x00000000ca500000, 0x00000000ca500000, 0x00000000ca600000|  0%| F|  |TAMS 0x00000000ca500000, 0x00000000ca500000| Untracked 
| 166|0x00000000ca600000, 0x00000000ca600000, 0x00000000ca700000|  0%| F|  |TAMS 0x00000000ca600000, 0x00000000ca600000| Untracked 
| 167|0x00000000ca700000, 0x00000000ca700000, 0x00000000ca800000|  0%| F|  |TAMS 0x00000000ca700000, 0x00000000ca700000| Untracked 
| 168|0x00000000ca800000, 0x00000000ca800000, 0x00000000ca900000|  0%| F|  |TAMS 0x00000000ca800000, 0x00000000ca800000| Untracked 
| 169|0x00000000ca900000, 0x00000000ca900000, 0x00000000caa00000|  0%| F|  |TAMS 0x00000000ca900000, 0x00000000ca900000| Untracked 
| 170|0x00000000caa00000, 0x00000000caa00000, 0x00000000cab00000|  0%| F|  |TAMS 0x00000000caa00000, 0x00000000caa00000| Untracked 
| 171|0x00000000cab00000, 0x00000000cab00000, 0x00000000cac00000|  0%| F|  |TAMS 0x00000000cab00000, 0x00000000cab00000| Untracked 
| 172|0x00000000cac00000, 0x00000000cac00000, 0x00000000cad00000|  0%| F|  |TAMS 0x00000000cac00000, 0x00000000cac00000| Untracked 
| 173|0x00000000cad00000, 0x00000000cad00000, 0x00000000cae00000|  0%| F|  |TAMS 0x00000000cad00000, 0x00000000cad00000| Untracked 
| 174|0x00000000cae00000, 0x00000000cae00000, 0x00000000caf00000|  0%| F|  |TAMS 0x00000000cae00000, 0x00000000cae00000| Untracked 
| 175|0x00000000caf00000, 0x00000000caf00000, 0x00000000cb000000|  0%| F|  |TAMS 0x00000000caf00000, 0x00000000caf00000| Untracked 
| 176|0x00000000cb000000, 0x00000000cb000000, 0x00000000cb100000|  0%| F|  |TAMS 0x00000000cb000000, 0x00000000cb000000| Untracked 
| 177|0x00000000cb100000, 0x00000000cb100000, 0x00000000cb200000|  0%| F|  |TAMS 0x00000000cb100000, 0x00000000cb100000| Untracked 
| 178|0x00000000cb200000, 0x00000000cb200000, 0x00000000cb300000|  0%| F|  |TAMS 0x00000000cb200000, 0x00000000cb200000| Untracked 
| 179|0x00000000cb300000, 0x00000000cb300000, 0x00000000cb400000|  0%| F|  |TAMS 0x00000000cb300000, 0x00000000cb300000| Untracked 
| 180|0x00000000cb400000, 0x00000000cb400000, 0x00000000cb500000|  0%| F|  |TAMS 0x00000000cb400000, 0x00000000cb400000| Untracked 
| 181|0x00000000cb500000, 0x00000000cb500000, 0x00000000cb600000|  0%| F|  |TAMS 0x00000000cb500000, 0x00000000cb500000| Untracked 
| 182|0x00000000cb600000, 0x00000000cb600000, 0x00000000cb700000|  0%| F|  |TAMS 0x00000000cb600000, 0x00000000cb600000| Untracked 
| 183|0x00000000cb700000, 0x00000000cb700000, 0x00000000cb800000|  0%| F|  |TAMS 0x00000000cb700000, 0x00000000cb700000| Untracked 
| 184|0x00000000cb800000, 0x00000000cb800000, 0x00000000cb900000|  0%| F|  |TAMS 0x00000000cb800000, 0x00000000cb800000| Untracked 
| 185|0x00000000cb900000, 0x00000000cb900000, 0x00000000cba00000|  0%| F|  |TAMS 0x00000000cb900000, 0x00000000cb900000| Untracked 
| 186|0x00000000cba00000, 0x00000000cba00000, 0x00000000cbb00000|  0%| F|  |TAMS 0x00000000cba00000, 0x00000000cba00000| Untracked 
| 187|0x00000000cbb00000, 0x00000000cbb00000, 0x00000000cbc00000|  0%| F|  |TAMS 0x00000000cbb00000, 0x00000000cbb00000| Untracked 
| 188|0x00000000cbc00000, 0x00000000cbc00000, 0x00000000cbd00000|  0%| F|  |TAMS 0x00000000cbc00000, 0x00000000cbc00000| Untracked 
| 189|0x00000000cbd00000, 0x00000000cbd00000, 0x00000000cbe00000|  0%| F|  |TAMS 0x00000000cbd00000, 0x00000000cbd00000| Untracked 
| 190|0x00000000cbe00000, 0x00000000cbe00000, 0x00000000cbf00000|  0%| F|  |TAMS 0x00000000cbe00000, 0x00000000cbe00000| Untracked 
| 191|0x00000000cbf00000, 0x00000000cbf00000, 0x00000000cc000000|  0%| F|  |TAMS 0x00000000cbf00000, 0x00000000cbf00000| Untracked 
| 192|0x00000000cc000000, 0x00000000cc000000, 0x00000000cc100000|  0%| F|  |TAMS 0x00000000cc000000, 0x00000000cc000000| Untracked 
| 193|0x00000000cc100000, 0x00000000cc100000, 0x00000000cc200000|  0%| F|  |TAMS 0x00000000cc100000, 0x00000000cc100000| Untracked 
| 194|0x00000000cc200000, 0x00000000cc200000, 0x00000000cc300000|  0%| F|  |TAMS 0x00000000cc200000, 0x00000000cc200000| Untracked 
| 195|0x00000000cc300000, 0x00000000cc300000, 0x00000000cc400000|  0%| F|  |TAMS 0x00000000cc300000, 0x00000000cc300000| Untracked 
| 196|0x00000000cc400000, 0x00000000cc400000, 0x00000000cc500000|  0%| F|  |TAMS 0x00000000cc400000, 0x00000000cc400000| Untracked 
| 197|0x00000000cc500000, 0x00000000cc500000, 0x00000000cc600000|  0%| F|  |TAMS 0x00000000cc500000, 0x00000000cc500000| Untracked 
| 198|0x00000000cc600000, 0x00000000cc600000, 0x00000000cc700000|  0%| F|  |TAMS 0x00000000cc600000, 0x00000000cc600000| Untracked 
| 199|0x00000000cc700000, 0x00000000cc700000, 0x00000000cc800000|  0%| F|  |TAMS 0x00000000cc700000, 0x00000000cc700000| Untracked 
| 200|0x00000000cc800000, 0x00000000cc800000, 0x00000000cc900000|  0%| F|  |TAMS 0x00000000cc800000, 0x00000000cc800000| Untracked 
| 201|0x00000000cc900000, 0x00000000cc900000, 0x00000000cca00000|  0%| F|  |TAMS 0x00000000cc900000, 0x00000000cc900000| Untracked 
| 202|0x00000000cca00000, 0x00000000cca00000, 0x00000000ccb00000|  0%| F|  |TAMS 0x00000000cca00000, 0x00000000cca00000| Untracked 
| 203|0x00000000ccb00000, 0x00000000ccb00000, 0x00000000ccc00000|  0%| F|  |TAMS 0x00000000ccb00000, 0x00000000ccb00000| Untracked 
| 204|0x00000000ccc00000, 0x00000000ccc00000, 0x00000000ccd00000|  0%| F|  |TAMS 0x00000000ccc00000, 0x00000000ccc00000| Untracked 
| 205|0x00000000ccd00000, 0x00000000ccd00000, 0x00000000cce00000|  0%| F|  |TAMS 0x00000000ccd00000, 0x00000000ccd00000| Untracked 
| 206|0x00000000cce00000, 0x00000000cce00000, 0x00000000ccf00000|  0%| F|  |TAMS 0x00000000cce00000, 0x00000000cce00000| Untracked 
| 207|0x00000000ccf00000, 0x00000000ccf00000, 0x00000000cd000000|  0%| F|  |TAMS 0x00000000ccf00000, 0x00000000ccf00000| Untracked 
| 208|0x00000000cd000000, 0x00000000cd000000, 0x00000000cd100000|  0%| F|  |TAMS 0x00000000cd000000, 0x00000000cd000000| Untracked 
| 209|0x00000000cd100000, 0x00000000cd100000, 0x00000000cd200000|  0%| F|  |TAMS 0x00000000cd100000, 0x00000000cd100000| Untracked 
| 210|0x00000000cd200000, 0x00000000cd200000, 0x00000000cd300000|  0%| F|  |TAMS 0x00000000cd200000, 0x00000000cd200000| Untracked 
| 211|0x00000000cd300000, 0x00000000cd300000, 0x00000000cd400000|  0%| F|  |TAMS 0x00000000cd300000, 0x00000000cd300000| Untracked 
| 212|0x00000000cd400000, 0x00000000cd400000, 0x00000000cd500000|  0%| F|  |TAMS 0x00000000cd400000, 0x00000000cd400000| Untracked 
| 213|0x00000000cd500000, 0x00000000cd500000, 0x00000000cd600000|  0%| F|  |TAMS 0x00000000cd500000, 0x00000000cd500000| Untracked 
| 214|0x00000000cd600000, 0x00000000cd600000, 0x00000000cd700000|  0%| F|  |TAMS 0x00000000cd600000, 0x00000000cd600000| Untracked 
| 215|0x00000000cd700000, 0x00000000cd700000, 0x00000000cd800000|  0%| F|  |TAMS 0x00000000cd700000, 0x00000000cd700000| Untracked 
| 216|0x00000000cd800000, 0x00000000cd800000, 0x00000000cd900000|  0%| F|  |TAMS 0x00000000cd800000, 0x00000000cd800000| Untracked 
| 217|0x00000000cd900000, 0x00000000cd900000, 0x00000000cda00000|  0%| F|  |TAMS 0x00000000cd900000, 0x00000000cd900000| Untracked 
| 218|0x00000000cda00000, 0x00000000cda00000, 0x00000000cdb00000|  0%| F|  |TAMS 0x00000000cda00000, 0x00000000cda00000| Untracked 
| 219|0x00000000cdb00000, 0x00000000cdb00000, 0x00000000cdc00000|  0%| F|  |TAMS 0x00000000cdb00000, 0x00000000cdb00000| Untracked 
| 220|0x00000000cdc00000, 0x00000000cdc00000, 0x00000000cdd00000|  0%| F|  |TAMS 0x00000000cdc00000, 0x00000000cdc00000| Untracked 
| 221|0x00000000cdd00000, 0x00000000cdd00000, 0x00000000cde00000|  0%| F|  |TAMS 0x00000000cdd00000, 0x00000000cdd00000| Untracked 
| 222|0x00000000cde00000, 0x00000000cde00000, 0x00000000cdf00000|  0%| F|  |TAMS 0x00000000cde00000, 0x00000000cde00000| Untracked 
| 223|0x00000000cdf00000, 0x00000000cdf00000, 0x00000000ce000000|  0%| F|  |TAMS 0x00000000cdf00000, 0x00000000cdf00000| Untracked 
| 224|0x00000000ce000000, 0x00000000ce000000, 0x00000000ce100000|  0%| F|  |TAMS 0x00000000ce000000, 0x00000000ce000000| Untracked 
| 225|0x00000000ce100000, 0x00000000ce100000, 0x00000000ce200000|  0%| F|  |TAMS 0x00000000ce100000, 0x00000000ce100000| Untracked 
| 226|0x00000000ce200000, 0x00000000ce200000, 0x00000000ce300000|  0%| F|  |TAMS 0x00000000ce200000, 0x00000000ce200000| Untracked 
| 227|0x00000000ce300000, 0x00000000ce300000, 0x00000000ce400000|  0%| F|  |TAMS 0x00000000ce300000, 0x00000000ce300000| Untracked 
| 228|0x00000000ce400000, 0x00000000ce400000, 0x00000000ce500000|  0%| F|  |TAMS 0x00000000ce400000, 0x00000000ce400000| Untracked 
| 229|0x00000000ce500000, 0x00000000ce500000, 0x00000000ce600000|  0%| F|  |TAMS 0x00000000ce500000, 0x00000000ce500000| Untracked 
| 230|0x00000000ce600000, 0x00000000ce600000, 0x00000000ce700000|  0%| F|  |TAMS 0x00000000ce600000, 0x00000000ce600000| Untracked 
| 231|0x00000000ce700000, 0x00000000ce700000, 0x00000000ce800000|  0%| F|  |TAMS 0x00000000ce700000, 0x00000000ce700000| Untracked 
| 232|0x00000000ce800000, 0x00000000ce800000, 0x00000000ce900000|  0%| F|  |TAMS 0x00000000ce800000, 0x00000000ce800000| Untracked 
| 233|0x00000000ce900000, 0x00000000ce900000, 0x00000000cea00000|  0%| F|  |TAMS 0x00000000ce900000, 0x00000000ce900000| Untracked 
| 234|0x00000000cea00000, 0x00000000cea00000, 0x00000000ceb00000|  0%| F|  |TAMS 0x00000000cea00000, 0x00000000cea00000| Untracked 
| 235|0x00000000ceb00000, 0x00000000ceb00000, 0x00000000cec00000|  0%| F|  |TAMS 0x00000000ceb00000, 0x00000000ceb00000| Untracked 
| 236|0x00000000cec00000, 0x00000000cec00000, 0x00000000ced00000|  0%| F|  |TAMS 0x00000000cec00000, 0x00000000cec00000| Untracked 
| 237|0x00000000ced00000, 0x00000000ced00000, 0x00000000cee00000|  0%| F|  |TAMS 0x00000000ced00000, 0x00000000ced00000| Untracked 
| 238|0x00000000cee00000, 0x00000000cee00000, 0x00000000cef00000|  0%| F|  |TAMS 0x00000000cee00000, 0x00000000cee00000| Untracked 
| 239|0x00000000cef00000, 0x00000000cef00000, 0x00000000cf000000|  0%| F|  |TAMS 0x00000000cef00000, 0x00000000cef00000| Untracked 
| 240|0x00000000cf000000, 0x00000000cf000000, 0x00000000cf100000|  0%| F|  |TAMS 0x00000000cf000000, 0x00000000cf000000| Untracked 
| 241|0x00000000cf100000, 0x00000000cf100000, 0x00000000cf200000|  0%| F|  |TAMS 0x00000000cf100000, 0x00000000cf100000| Untracked 
| 242|0x00000000cf200000, 0x00000000cf200000, 0x00000000cf300000|  0%| F|  |TAMS 0x00000000cf200000, 0x00000000cf200000| Untracked 
| 243|0x00000000cf300000, 0x00000000cf300000, 0x00000000cf400000|  0%| F|  |TAMS 0x00000000cf300000, 0x00000000cf300000| Untracked 
| 244|0x00000000cf400000, 0x00000000cf400000, 0x00000000cf500000|  0%| F|  |TAMS 0x00000000cf400000, 0x00000000cf400000| Untracked 
| 245|0x00000000cf500000, 0x00000000cf500000, 0x00000000cf600000|  0%| F|  |TAMS 0x00000000cf500000, 0x00000000cf500000| Untracked 
| 246|0x00000000cf600000, 0x00000000cf600000, 0x00000000cf700000|  0%| F|  |TAMS 0x00000000cf600000, 0x00000000cf600000| Untracked 
| 247|0x00000000cf700000, 0x00000000cf700000, 0x00000000cf800000|  0%| F|  |TAMS 0x00000000cf700000, 0x00000000cf700000| Untracked 
| 248|0x00000000cf800000, 0x00000000cf800000, 0x00000000cf900000|  0%| F|  |TAMS 0x00000000cf800000, 0x00000000cf800000| Untracked 
| 249|0x00000000cf900000, 0x00000000cf900000, 0x00000000cfa00000|  0%| F|  |TAMS 0x00000000cf900000, 0x00000000cf900000| Untracked 
| 250|0x00000000cfa00000, 0x00000000cfa00000, 0x00000000cfb00000|  0%| F|  |TAMS 0x00000000cfa00000, 0x00000000cfa00000| Untracked 
| 251|0x00000000cfb00000, 0x00000000cfb00000, 0x00000000cfc00000|  0%| F|  |TAMS 0x00000000cfb00000, 0x00000000cfb00000| Untracked 
| 252|0x00000000cfc00000, 0x00000000cfc00000, 0x00000000cfd00000|  0%| F|  |TAMS 0x00000000cfc00000, 0x00000000cfc00000| Untracked 
| 253|0x00000000cfd00000, 0x00000000cfd00000, 0x00000000cfe00000|  0%| F|  |TAMS 0x00000000cfd00000, 0x00000000cfd00000| Untracked 
| 254|0x00000000cfe00000, 0x00000000cfe00000, 0x00000000cff00000|  0%| F|  |TAMS 0x00000000cfe00000, 0x00000000cfe00000| Untracked 
| 255|0x00000000cff00000, 0x00000000cff00000, 0x00000000d0000000|  0%| F|  |TAMS 0x00000000cff00000, 0x00000000cff00000| Untracked 
| 256|0x00000000d0000000, 0x00000000d0000000, 0x00000000d0100000|  0%| F|  |TAMS 0x00000000d0000000, 0x00000000d0000000| Untracked 
| 257|0x00000000d0100000, 0x00000000d0100000, 0x00000000d0200000|  0%| F|  |TAMS 0x00000000d0100000, 0x00000000d0100000| Untracked 
| 258|0x00000000d0200000, 0x00000000d0200000, 0x00000000d0300000|  0%| F|  |TAMS 0x00000000d0200000, 0x00000000d0200000| Untracked 
| 259|0x00000000d0300000, 0x00000000d0300000, 0x00000000d0400000|  0%| F|  |TAMS 0x00000000d0300000, 0x00000000d0300000| Untracked 
| 260|0x00000000d0400000, 0x00000000d0400000, 0x00000000d0500000|  0%| F|  |TAMS 0x00000000d0400000, 0x00000000d0400000| Untracked 
| 261|0x00000000d0500000, 0x00000000d0500000, 0x00000000d0600000|  0%| F|  |TAMS 0x00000000d0500000, 0x00000000d0500000| Untracked 
| 262|0x00000000d0600000, 0x00000000d0600000, 0x00000000d0700000|  0%| F|  |TAMS 0x00000000d0600000, 0x00000000d0600000| Untracked 
| 263|0x00000000d0700000, 0x00000000d0700000, 0x00000000d0800000|  0%| F|  |TAMS 0x00000000d0700000, 0x00000000d0700000| Untracked 
| 264|0x00000000d0800000, 0x00000000d0800000, 0x00000000d0900000|  0%| F|  |TAMS 0x00000000d0800000, 0x00000000d0800000| Untracked 
| 265|0x00000000d0900000, 0x00000000d0900000, 0x00000000d0a00000|  0%| F|  |TAMS 0x00000000d0900000, 0x00000000d0900000| Untracked 
| 266|0x00000000d0a00000, 0x00000000d0a00000, 0x00000000d0b00000|  0%| F|  |TAMS 0x00000000d0a00000, 0x00000000d0a00000| Untracked 
| 267|0x00000000d0b00000, 0x00000000d0b00000, 0x00000000d0c00000|  0%| F|  |TAMS 0x00000000d0b00000, 0x00000000d0b00000| Untracked 
| 268|0x00000000d0c00000, 0x00000000d0c00000, 0x00000000d0d00000|  0%| F|  |TAMS 0x00000000d0c00000, 0x00000000d0c00000| Untracked 
| 269|0x00000000d0d00000, 0x00000000d0d00000, 0x00000000d0e00000|  0%| F|  |TAMS 0x00000000d0d00000, 0x00000000d0d00000| Untracked 
| 270|0x00000000d0e00000, 0x00000000d0f00000, 0x00000000d0f00000|100%| E|  |TAMS 0x00000000d0e00000, 0x00000000d0e00000| Complete 
| 271|0x00000000d0f00000, 0x00000000d1000000, 0x00000000d1000000|100%| E|CS|TAMS 0x00000000d0f00000, 0x00000000d0f00000| Complete 
| 272|0x00000000d1000000, 0x00000000d1100000, 0x00000000d1100000|100%| E|CS|TAMS 0x00000000d1000000, 0x00000000d1000000| Complete 
| 273|0x00000000d1100000, 0x00000000d1200000, 0x00000000d1200000|100%| E|CS|TAMS 0x00000000d1100000, 0x00000000d1100000| Complete 
| 274|0x00000000d1200000, 0x00000000d1300000, 0x00000000d1300000|100%| E|CS|TAMS 0x00000000d1200000, 0x00000000d1200000| Complete 
| 275|0x00000000d1300000, 0x00000000d1400000, 0x00000000d1400000|100%| E|CS|TAMS 0x00000000d1300000, 0x00000000d1300000| Complete 
| 276|0x00000000d1400000, 0x00000000d1500000, 0x00000000d1500000|100%| E|CS|TAMS 0x00000000d1400000, 0x00000000d1400000| Complete 
| 277|0x00000000d1500000, 0x00000000d1600000, 0x00000000d1600000|100%| E|CS|TAMS 0x00000000d1500000, 0x00000000d1500000| Complete 
| 278|0x00000000d1600000, 0x00000000d1700000, 0x00000000d1700000|100%| E|CS|TAMS 0x00000000d1600000, 0x00000000d1600000| Complete 
| 279|0x00000000d1700000, 0x00000000d1800000, 0x00000000d1800000|100%| E|CS|TAMS 0x00000000d1700000, 0x00000000d1700000| Complete 
| 280|0x00000000d1800000, 0x00000000d1900000, 0x00000000d1900000|100%| E|CS|TAMS 0x00000000d1800000, 0x00000000d1800000| Complete 
| 281|0x00000000d1900000, 0x00000000d1a00000, 0x00000000d1a00000|100%| E|CS|TAMS 0x00000000d1900000, 0x00000000d1900000| Complete 
| 282|0x00000000d1a00000, 0x00000000d1b00000, 0x00000000d1b00000|100%| E|CS|TAMS 0x00000000d1a00000, 0x00000000d1a00000| Complete 
| 283|0x00000000d1b00000, 0x00000000d1c00000, 0x00000000d1c00000|100%| E|CS|TAMS 0x00000000d1b00000, 0x00000000d1b00000| Complete 
| 284|0x00000000d1c00000, 0x00000000d1d00000, 0x00000000d1d00000|100%| E|CS|TAMS 0x00000000d1c00000, 0x00000000d1c00000| Complete 
| 285|0x00000000d1d00000, 0x00000000d1e00000, 0x00000000d1e00000|100%| E|CS|TAMS 0x00000000d1d00000, 0x00000000d1d00000| Complete 
| 286|0x00000000d1e00000, 0x00000000d1f00000, 0x00000000d1f00000|100%| E|CS|TAMS 0x00000000d1e00000, 0x00000000d1e00000| Complete 
| 287|0x00000000d1f00000, 0x00000000d2000000, 0x00000000d2000000|100%| E|CS|TAMS 0x00000000d1f00000, 0x00000000d1f00000| Complete 
| 288|0x00000000d2000000, 0x00000000d2100000, 0x00000000d2100000|100%| E|CS|TAMS 0x00000000d2000000, 0x00000000d2000000| Complete 
| 289|0x00000000d2100000, 0x00000000d2200000, 0x00000000d2200000|100%| E|CS|TAMS 0x00000000d2100000, 0x00000000d2100000| Complete 
| 290|0x00000000d2200000, 0x00000000d2300000, 0x00000000d2300000|100%| E|CS|TAMS 0x00000000d2200000, 0x00000000d2200000| Complete 
| 291|0x00000000d2300000, 0x00000000d2400000, 0x00000000d2400000|100%| E|CS|TAMS 0x00000000d2300000, 0x00000000d2300000| Complete 
| 292|0x00000000d2400000, 0x00000000d2500000, 0x00000000d2500000|100%| E|CS|TAMS 0x00000000d2400000, 0x00000000d2400000| Complete 
| 293|0x00000000d2500000, 0x00000000d2600000, 0x00000000d2600000|100%| E|CS|TAMS 0x00000000d2500000, 0x00000000d2500000| Complete 
| 294|0x00000000d2600000, 0x00000000d2700000, 0x00000000d2700000|100%| E|CS|TAMS 0x00000000d2600000, 0x00000000d2600000| Complete 
| 295|0x00000000d2700000, 0x00000000d2800000, 0x00000000d2800000|100%| E|CS|TAMS 0x00000000d2700000, 0x00000000d2700000| Complete 
| 296|0x00000000d2800000, 0x00000000d2900000, 0x00000000d2900000|100%| E|CS|TAMS 0x00000000d2800000, 0x00000000d2800000| Complete 
| 297|0x00000000d2900000, 0x00000000d2a00000, 0x00000000d2a00000|100%| E|CS|TAMS 0x00000000d2900000, 0x00000000d2900000| Complete 
| 298|0x00000000d2a00000, 0x00000000d2b00000, 0x00000000d2b00000|100%| E|CS|TAMS 0x00000000d2a00000, 0x00000000d2a00000| Complete 
| 299|0x00000000d2b00000, 0x00000000d2c00000, 0x00000000d2c00000|100%| E|CS|TAMS 0x00000000d2b00000, 0x00000000d2b00000| Complete 
| 300|0x00000000d2c00000, 0x00000000d2d00000, 0x00000000d2d00000|100%| E|CS|TAMS 0x00000000d2c00000, 0x00000000d2c00000| Complete 
| 301|0x00000000d2d00000, 0x00000000d2e00000, 0x00000000d2e00000|100%| E|CS|TAMS 0x00000000d2d00000, 0x00000000d2d00000| Complete 
| 302|0x00000000d2e00000, 0x00000000d2f00000, 0x00000000d2f00000|100%| E|CS|TAMS 0x00000000d2e00000, 0x00000000d2e00000| Complete 
| 303|0x00000000d2f00000, 0x00000000d3000000, 0x00000000d3000000|100%| E|CS|TAMS 0x00000000d2f00000, 0x00000000d2f00000| Complete 
| 304|0x00000000d3000000, 0x00000000d3100000, 0x00000000d3100000|100%| E|CS|TAMS 0x00000000d3000000, 0x00000000d3000000| Complete 
| 305|0x00000000d3100000, 0x00000000d3200000, 0x00000000d3200000|100%| E|CS|TAMS 0x00000000d3100000, 0x00000000d3100000| Complete 
| 306|0x00000000d3200000, 0x00000000d3300000, 0x00000000d3300000|100%| E|CS|TAMS 0x00000000d3200000, 0x00000000d3200000| Complete 
| 307|0x00000000d3300000, 0x00000000d3400000, 0x00000000d3400000|100%| E|CS|TAMS 0x00000000d3300000, 0x00000000d3300000| Complete 
| 308|0x00000000d3400000, 0x00000000d3500000, 0x00000000d3500000|100%| E|CS|TAMS 0x00000000d3400000, 0x00000000d3400000| Complete 
| 309|0x00000000d3500000, 0x00000000d3600000, 0x00000000d3600000|100%| E|CS|TAMS 0x00000000d3500000, 0x00000000d3500000| Complete 
| 310|0x00000000d3600000, 0x00000000d3700000, 0x00000000d3700000|100%| E|CS|TAMS 0x00000000d3600000, 0x00000000d3600000| Complete 
| 311|0x00000000d3700000, 0x00000000d3800000, 0x00000000d3800000|100%| E|CS|TAMS 0x00000000d3700000, 0x00000000d3700000| Complete 
| 312|0x00000000d3800000, 0x00000000d3900000, 0x00000000d3900000|100%| E|CS|TAMS 0x00000000d3800000, 0x00000000d3800000| Complete 
| 313|0x00000000d3900000, 0x00000000d3a00000, 0x00000000d3a00000|100%| E|CS|TAMS 0x00000000d3900000, 0x00000000d3900000| Complete 
| 314|0x00000000d3a00000, 0x00000000d3b00000, 0x00000000d3b00000|100%| E|CS|TAMS 0x00000000d3a00000, 0x00000000d3a00000| Complete 
| 315|0x00000000d3b00000, 0x00000000d3c00000, 0x00000000d3c00000|100%| E|CS|TAMS 0x00000000d3b00000, 0x00000000d3b00000| Complete 
| 316|0x00000000d3c00000, 0x00000000d3d00000, 0x00000000d3d00000|100%| E|CS|TAMS 0x00000000d3c00000, 0x00000000d3c00000| Complete 
| 317|0x00000000d3d00000, 0x00000000d3e00000, 0x00000000d3e00000|100%| E|CS|TAMS 0x00000000d3d00000, 0x00000000d3d00000| Complete 
| 318|0x00000000d3e00000, 0x00000000d3f00000, 0x00000000d3f00000|100%| E|CS|TAMS 0x00000000d3e00000, 0x00000000d3e00000| Complete 
| 319|0x00000000d3f00000, 0x00000000d4000000, 0x00000000d4000000|100%| E|CS|TAMS 0x00000000d3f00000, 0x00000000d3f00000| Complete 
| 320|0x00000000d4000000, 0x00000000d4100000, 0x00000000d4100000|100%| E|CS|TAMS 0x00000000d4000000, 0x00000000d4000000| Complete 
| 321|0x00000000d4100000, 0x00000000d4200000, 0x00000000d4200000|100%| E|CS|TAMS 0x00000000d4100000, 0x00000000d4100000| Complete 
| 322|0x00000000d4200000, 0x00000000d4300000, 0x00000000d4300000|100%| E|CS|TAMS 0x00000000d4200000, 0x00000000d4200000| Complete 
| 323|0x00000000d4300000, 0x00000000d4400000, 0x00000000d4400000|100%| E|CS|TAMS 0x00000000d4300000, 0x00000000d4300000| Complete 
| 324|0x00000000d4400000, 0x00000000d4500000, 0x00000000d4500000|100%| E|CS|TAMS 0x00000000d4400000, 0x00000000d4400000| Complete 
| 325|0x00000000d4500000, 0x00000000d4600000, 0x00000000d4600000|100%| E|CS|TAMS 0x00000000d4500000, 0x00000000d4500000| Complete 
| 326|0x00000000d4600000, 0x00000000d4700000, 0x00000000d4700000|100%| E|CS|TAMS 0x00000000d4600000, 0x00000000d4600000| Complete 
| 327|0x00000000d4700000, 0x00000000d4800000, 0x00000000d4800000|100%| E|CS|TAMS 0x00000000d4700000, 0x00000000d4700000| Complete 
| 328|0x00000000d4800000, 0x00000000d4900000, 0x00000000d4900000|100%| E|CS|TAMS 0x00000000d4800000, 0x00000000d4800000| Complete 
| 329|0x00000000d4900000, 0x00000000d4a00000, 0x00000000d4a00000|100%| E|CS|TAMS 0x00000000d4900000, 0x00000000d4900000| Complete 
| 330|0x00000000d4a00000, 0x00000000d4b00000, 0x00000000d4b00000|100%| E|CS|TAMS 0x00000000d4a00000, 0x00000000d4a00000| Complete 
| 331|0x00000000d4b00000, 0x00000000d4c00000, 0x00000000d4c00000|100%| E|CS|TAMS 0x00000000d4b00000, 0x00000000d4b00000| Complete 
| 332|0x00000000d4c00000, 0x00000000d4d00000, 0x00000000d4d00000|100%| E|CS|TAMS 0x00000000d4c00000, 0x00000000d4c00000| Complete 
| 333|0x00000000d4d00000, 0x00000000d4e00000, 0x00000000d4e00000|100%| E|CS|TAMS 0x00000000d4d00000, 0x00000000d4d00000| Complete 
| 334|0x00000000d4e00000, 0x00000000d4f00000, 0x00000000d4f00000|100%| E|CS|TAMS 0x00000000d4e00000, 0x00000000d4e00000| Complete 
| 335|0x00000000d4f00000, 0x00000000d5000000, 0x00000000d5000000|100%| E|CS|TAMS 0x00000000d4f00000, 0x00000000d4f00000| Complete 
| 336|0x00000000d5000000, 0x00000000d5100000, 0x00000000d5100000|100%| E|CS|TAMS 0x00000000d5000000, 0x00000000d5000000| Complete 
| 337|0x00000000d5100000, 0x00000000d5200000, 0x00000000d5200000|100%| E|CS|TAMS 0x00000000d5100000, 0x00000000d5100000| Complete 
| 338|0x00000000d5200000, 0x00000000d5300000, 0x00000000d5300000|100%| E|CS|TAMS 0x00000000d5200000, 0x00000000d5200000| Complete 
| 339|0x00000000d5300000, 0x00000000d5400000, 0x00000000d5400000|100%| E|CS|TAMS 0x00000000d5300000, 0x00000000d5300000| Complete 
| 340|0x00000000d5400000, 0x00000000d5500000, 0x00000000d5500000|100%| E|CS|TAMS 0x00000000d5400000, 0x00000000d5400000| Complete 
| 341|0x00000000d5500000, 0x00000000d5600000, 0x00000000d5600000|100%| E|CS|TAMS 0x00000000d5500000, 0x00000000d5500000| Complete 
| 342|0x00000000d5600000, 0x00000000d5700000, 0x00000000d5700000|100%| E|CS|TAMS 0x00000000d5600000, 0x00000000d5600000| Complete 
| 343|0x00000000d5700000, 0x00000000d5800000, 0x00000000d5800000|100%| E|CS|TAMS 0x00000000d5700000, 0x00000000d5700000| Complete 
| 344|0x00000000d5800000, 0x00000000d5900000, 0x00000000d5900000|100%| E|CS|TAMS 0x00000000d5800000, 0x00000000d5800000| Complete 
| 345|0x00000000d5900000, 0x00000000d5a00000, 0x00000000d5a00000|100%| E|CS|TAMS 0x00000000d5900000, 0x00000000d5900000| Complete 

Card table byte_map: [0x00000109f7d30000,0x00000109f7f30000] _byte_map_base: 0x00000109f7730000

Marking Bits (Prev, Next): (CMBitMap*) 0x00000109abca9a88, (CMBitMap*) 0x00000109abca9ac0
 Prev Bits: [0x0000010a90c50000, 0x0000010a91c50000)
 Next Bits: [0x0000010a91c50000, 0x0000010a92c50000)

Polling page: 0x000001098b1c0000

Metaspace:

Usage:
  Non-class:     14.75 MB capacity,    14.51 MB ( 98%) used,   209.14 KB (  1%) free+waste,    41.31 KB ( <1%) overhead. 
      Class:      2.32 MB capacity,     2.15 MB ( 93%) used,   152.90 KB (  6%) free+waste,    20.75 KB ( <1%) overhead. 
       Both:     17.08 MB capacity,    16.66 MB ( 98%) used,   362.04 KB (  2%) free+waste,    62.06 KB ( <1%) overhead. 

Virtual space:
  Non-class space:       16.00 MB reserved,      15.00 MB ( 94%) committed 
      Class space:        1.00 GB reserved,       2.38 MB ( <1%) committed 
             Both:        1.02 GB reserved,      17.38 MB (  2%) committed 

Chunk freelists:
   Non-Class:  7.38 KB
       Class:  0 bytes
        Both:  7.38 KB

CodeHeap 'non-profiled nmethods': size=120064Kb used=1965Kb max_used=1965Kb free=118098Kb
 bounds [0x0000010a89710000, 0x0000010a89980000, 0x0000010a90c50000]
CodeHeap 'profiled nmethods': size=120000Kb used=5859Kb max_used=5859Kb free=114140Kb
 bounds [0x0000010a821e0000, 0x0000010a827a0000, 0x0000010a89710000]
CodeHeap 'non-nmethods': size=5696Kb used=1099Kb max_used=1196Kb free=4596Kb
 bounds [0x0000010a81c50000, 0x0000010a81ec0000, 0x0000010a821e0000]
 total_blobs=4743 nmethods=3158 adapters=315
 compilation: enabled
              stopped_count=0, restarted_count=0
 full_count=0

Compilation events (10 events):
Event: 3.400 Thread 0x00000109ac211000 nmethod 3140 0x0000010a898ebe90 code [0x0000010a898ec0c0, 0x0000010a898ecae8]
Event: 3.400 Thread 0x00000109ac211000 3124       4       scala.collection.AbstractTraversable::count (6 bytes)
Event: 3.402 Thread 0x00000109ac211000 nmethod 3124 0x0000010a898ed010 code [0x0000010a898ed1c0, 0x0000010a898ed4a8]
Event: 3.402 Thread 0x00000109ac211000 3120       4       scala.math.Ordering$Float$::compare (13 bytes)
Event: 3.403 Thread 0x00000109ac211000 nmethod 3120 0x0000010a898ed690 code [0x0000010a898ed840, 0x0000010a898ed998]
Event: 3.403 Thread 0x00000109ac211000 3153       4       scala.collection.generic.Growable::$plus$plus$eq$ (6 bytes)
Event: 3.406 Thread 0x00000109ac211000 nmethod 3153 0x0000010a898edb10 code [0x0000010a898edce0, 0x0000010a898ee078]
Event: 3.407 Thread 0x00000109ac211000 3146       4       java.lang.Integer::reverseBytes (26 bytes)
Event: 3.407 Thread 0x00000109ac211000 nmethod 3146 0x0000010a898ee390 code [0x0000010a898ee520, 0x0000010a898ee598]
Event: 3.459 Thread 0x00000109a5e12000 nmethod 3118 0x0000010a898ee610 code [0x0000010a898ef040, 0x0000010a898f5df8]

GC Heap History (10 events):
Event: 1.430 GC heap before
{Heap before GC invocations=9 (full 1):
 garbage-first heap   total 138240K, used 89208K [0x00000000c0000000, 0x0000000100000000)
  region size 1024K, 63 young (64512K), 7 survivors (7168K)
 Metaspace       used 14631K, capacity 14943K, committed 15104K, reserved 1062912K
  class space    used 1825K, capacity 1941K, committed 2048K, reserved 1048576K
}
Event: 1.439 GC heap after
{Heap after GC invocations=10 (full 1):
 garbage-first heap   total 265216K, used 32396K [0x00000000c0000000, 0x0000000100000000)
  region size 1024K, 6 young (6144K), 6 survivors (6144K)
 Metaspace       used 14631K, capacity 14943K, committed 15104K, reserved 1062912K
  class space    used 1825K, capacity 1941K, committed 2048K, reserved 1048576K
}
Event: 1.658 GC heap before
{Heap before GC invocations=10 (full 1):
 garbage-first heap   total 265216K, used 135820K [0x00000000c0000000, 0x0000000100000000)
  region size 1024K, 99 young (101376K), 6 survivors (6144K)
 Metaspace       used 14636K, capacity 14943K, committed 15104K, reserved 1062912K
  class space    used 1825K, capacity 1941K, committed 2048K, reserved 1048576K
}
Event: 1.667 GC heap after
{Heap after GC invocations=11 (full 1):
 garbage-first heap   total 265216K, used 42750K [0x00000000c0000000, 0x0000000100000000)
  region size 1024K, 8 young (8192K), 8 survivors (8192K)
 Metaspace       used 14636K, capacity 14943K, committed 15104K, reserved 1062912K
  class space    used 1825K, capacity 1941K, committed 2048K, reserved 1048576K
}
Event: 2.673 GC heap before
{Heap before GC invocations=11 (full 1):
 garbage-first heap   total 265216K, used 198398K [0x00000000c0000000, 0x0000000100000000)
  region size 1024K, 155 young (158720K), 8 survivors (8192K)
 Metaspace       used 16436K, capacity 16851K, committed 17024K, reserved 1064960K
  class space    used 2142K, capacity 2330K, committed 2432K, reserved 1048576K
}
Event: 2.699 GC heap after
{Heap after GC invocations=12 (full 1):
 garbage-first heap   total 265216K, used 67550K [0x00000000c0000000, 0x0000000100000000)
  region size 1024K, 20 young (20480K), 20 survivors (20480K)
 Metaspace       used 16436K, capacity 16851K, committed 17024K, reserved 1064960K
  class space    used 2142K, capacity 2330K, committed 2432K, reserved 1048576K
}
Event: 2.890 GC heap before
{Heap before GC invocations=12 (full 1):
 garbage-first heap   total 265216K, used 190430K [0x00000000c0000000, 0x0000000100000000)
  region size 1024K, 140 young (143360K), 20 survivors (20480K)
 Metaspace       used 16526K, capacity 16955K, committed 17024K, reserved 1064960K
  class space    used 2174K, capacity 2365K, committed 2432K, reserved 1048576K
}
Event: 2.915 GC heap after
{Heap after GC invocations=13 (full 1):
 garbage-first heap   total 265216K, used 79701K [0x00000000c0000000, 0x0000000100000000)
  region size 1024K, 13 young (13312K), 13 survivors (13312K)
 Metaspace       used 16526K, capacity 16955K, committed 17024K, reserved 1064960K
  class space    used 2174K, capacity 2365K, committed 2432K, reserved 1048576K
}
Event: 3.026 GC heap before
{Heap before GC invocations=13 (full 1):
 garbage-first heap   total 265216K, used 198485K [0x00000000c0000000, 0x0000000100000000)
  region size 1024K, 129 young (132096K), 13 survivors (13312K)
 Metaspace       used 16526K, capacity 16955K, committed 17024K, reserved 1064960K
  class space    used 2174K, capacity 2365K, committed 2432K, reserved 1048576K
}
Event: 3.044 GC heap after
{Heap after GC invocations=14 (full 1):
 garbage-first heap   total 354304K, used 92501K [0x00000000c0000000, 0x0000000100000000)
  region size 1024K, 13 young (13312K), 13 survivors (13312K)
 Metaspace       used 16526K, capacity 16955K, committed 17024K, reserved 1064960K
  class space    used 2174K, capacity 2365K, committed 2432K, reserved 1048576K
}

Deoptimization events (10 events):
Event: 3.051 Thread 0x0000010998aa3000 Uncommon trap: reason=bimorphic_or_optimized_type_check action=maybe_recompile pc=0x0000010a898ace70 method=scala.collection.immutable.HashMap$HashTrieMap.updated0(Ljava/lang/Object;IILjava/lang/Object;Lscala/Tuple2;Lscala/collection/immutable/HashMap$Mer
Event: 3.133 Thread 0x0000010998aa3000 Uncommon trap: reason=unstable_if action=reinterpret pc=0x0000010a897ce278 method=scala.collection.immutable.HashMap$HashTrieMap.get0(Ljava/lang/Object;II)Lscala/Option; @ 13 c2
Event: 3.159 Thread 0x0000010998aa3000 Uncommon trap: reason=bimorphic_or_optimized_type_check action=maybe_recompile pc=0x0000010a8982a8e0 method=java.util.HashMap.putVal(ILjava/lang/Object;Ljava/lang/Object;ZZ)Ljava/lang/Object; @ 91 c2
Event: 3.167 Thread 0x0000010998aa3000 Uncommon trap: reason=bimorphic_or_optimized_type_check action=maybe_recompile pc=0x0000010a897d1f04 method=scala.runtime.Statics.anyHash(Ljava/lang/Object;)I @ 61 c2
Event: 3.167 Thread 0x0000010998aa3000 Uncommon trap: reason=bimorphic_or_optimized_type_check action=maybe_recompile pc=0x0000010a897d3d04 method=scala.runtime.Statics.anyHash(Ljava/lang/Object;)I @ 61 c2
Event: 3.167 Thread 0x0000010998aa3000 Uncommon trap: reason=bimorphic_or_optimized_type_check action=maybe_recompile pc=0x0000010a897d466c method=scala.runtime.Statics.anyHash(Ljava/lang/Object;)I @ 61 c2
Event: 3.168 Thread 0x0000010998aa3000 Uncommon trap: reason=unstable_if action=reinterpret pc=0x0000010a898305cc method=java.lang.StringUTF16.indexOfLatin1Unsafe([BI[BII)I @ 165 c2
Event: 3.168 Thread 0x0000010998aa3000 Uncommon trap: reason=unstable_if action=reinterpret pc=0x0000010a89897de8 method=scala.collection.immutable.Set$Set3.contains(Ljava/lang/Object;)Z @ 8 c2
Event: 3.171 Thread 0x0000010998aa3000 Uncommon trap: reason=intrinsic_or_type_checked_inlining action=make_not_entrant pc=0x0000010a8988376c method=java.util.Arrays.copyOf([Ljava/lang/Object;ILjava/lang/Class;)[Ljava/lang/Object; @ 35 c2
Event: 3.206 Thread 0x0000010998aa3000 Uncommon trap: reason=unstable_if action=reinterpret pc=0x0000010a898b73e8 method=scala.collection.immutable.Set$Set4.contains(Ljava/lang/Object;)Z @ 30 c2

Classes redefined (0 events):
No events

Internal exceptions (10 events):
Event: 0.830 Thread 0x0000010998aa3000 Exception <a 'java/lang/NoSuchMethodError'{0x00000000c624b5e0}: java.lang.invoke.Invokers$Holder.linkToTargetMethod(Ljava/lang/Object;ILjava/lang/Object;Ljava/lang/Object;)Ljava/lang/Object;> (0x00000000c624b5e0) thrown at [t:/workspace/open/src/hotspot/s
Event: 0.853 Thread 0x0000010998aa3000 Exception <a 'java/lang/NoSuchMethodError'{0x00000000c6120a38}: java.lang.invoke.DirectMethodHandle$Holder.invokeStaticInit(Ljava/lang/Object;Ljava/lang/Object;Ljava/lang/Object;Ljava/lang/Object;)Ljava/lang/Object;> (0x00000000c6120a38) thrown at [t:/wor
Event: 1.024 Thread 0x0000010998aa3000 Exception <a 'java/lang/NoSuchMethodError'{0x00000000c7871180}: java.lang.invoke.Invokers$Holder.linkToTargetMethod(Ljava/lang/Object;ILjava/lang/Object;)Ljava/lang/Object;> (0x00000000c7871180) thrown at [t:/workspace/open/src/hotspot/share/interpreter/l
Event: 1.033 Thread 0x0000010998aa3000 Exception <a 'java/lang/NoSuchMethodError'{0x00000000c78ab170}: java.lang.invoke.DirectMethodHandle$Holder.invokeStatic(Ljava/lang/Object;IILjava/lang/Object;)Ljava/lang/Object;> (0x00000000c78ab170) thrown at [t:/workspace/open/src/hotspot/share/interpre
Event: 2.266 Thread 0x0000010998aa3000 Exception <a 'java/lang/NoSuchMethodError'{0x00000000cf975ec8}: java.lang.invoke.DirectMethodHandle$Holder.invokeStatic(Ljava/lang/Object;Ljava/lang/Object;Ljava/lang/Object;Ljava/lang/Object;ILjava/lang/Object;)Ljava/lang/Object;> (0x00000000cf975ec8) th
Event: 2.267 Thread 0x0000010998aa3000 Exception <a 'java/lang/NoSuchMethodError'{0x00000000cf979988}: java.lang.invoke.DirectMethodHandle$Holder.invokeSpecial(Ljava/lang/Object;Ljava/lang/Object;Ljava/lang/Object;Ljava/lang/Object;Ljava/lang/Object;ILjava/lang/Object;)Ljava/lang/Object;> (0x0
Event: 2.267 Thread 0x0000010998aa3000 Exception <a 'java/lang/NoSuchMethodError'{0x00000000cf97ccf8}: java.lang.invoke.Invokers$Holder.linkToTargetMethod(Ljava/lang/Object;Ljava/lang/Object;Ljava/lang/Object;ILjava/lang/Object;Ljava/lang/Object;)Ljava/lang/Object;> (0x00000000cf97ccf8) thrown
Event: 2.303 Thread 0x0000010998aa3000 Exception <a 'java/lang/NoSuchMethodError'{0x00000000cf9bedb0}: java.lang.invoke.DirectMethodHandle$Holder.invokeStaticInit(Ljava/lang/Object;Ljava/lang/Object;Ljava/lang/Object;Ljava/lang/Object;Ljava/lang/Object;)Ljava/lang/Object;> (0x00000000cf9bedb0)
Event: 2.306 Thread 0x0000010998aa3000 Exception <a 'java/lang/NoSuchMethodError'{0x00000000cf9ce470}: java.lang.invoke.Invokers$Holder.invoker(Ljava/lang/Object;Ljava/lang/Object;Ljava/lang/Object;)Ljava/lang/Object;> (0x00000000cf9ce470) thrown at [t:/workspace/open/src/hotspot/share/interpr
Event: 2.308 Thread 0x0000010998aa3000 Exception <a 'java/lang/NoSuchMethodError'{0x00000000cf9de710}: java.lang.invoke.DelegatingMethodHandle$Holder.delegate(Ljava/lang/Object;Ljava/lang/Object;ILjava/lang/Object;)V> (0x00000000cf9de710) thrown at [t:/workspace/open/src/hotspot/share/interpre

Events (10 events):
Event: 3.171 loading class scala/Symbol done
Event: 3.171 Thread 0x0000010998aa3000 Uncommon trap: trap_request=0xffffffcc fr.pc=0x0000010a8988376c relative=0x00000000000001ac
Event: 3.171 Thread 0x0000010998aa3000 DEOPT PACKING pc=0x0000010a8988376c sp=0x00000001a05ec030
Event: 3.171 Thread 0x0000010998aa3000 DEOPT UNPACKING pc=0x0000010a81c78f2f sp=0x00000001a05ebfd8 mode 2
Event: 3.206 Thread 0x0000010998aa3000 Uncommon trap: trap_request=0xffffff4d fr.pc=0x0000010a898b73e8 relative=0x0000000000000c68
Event: 3.206 Thread 0x0000010998aa3000 DEOPT PACKING pc=0x0000010a898b73e8 sp=0x00000001a05ed1f0
Event: 3.206 Thread 0x0000010998aa3000 DEOPT UNPACKING pc=0x0000010a81c78f2f sp=0x00000001a05ed1a0 mode 2
Event: 3.253 Executing VM operation: ICBufferFull
Event: 3.253 Executing VM operation: ICBufferFull done
Event: 8.407 Thread 0x00000109ac211000 Thread exited: 0x00000109ac211000


Dynamic libraries:
0x000000001c4f0000 - 0x000000001c50c000 	C:\Users\woqls\PycharmProjects\StockNews\venv\Scripts\python.exe
0x00007ffb36e80000 - 0x00007ffb37070000 	C:\Windows\SYSTEM32\ntdll.dll
0x00007ffb36640000 - 0x00007ffb366f2000 	C:\Windows\System32\KERNEL32.DLL
0x00007ffb33e10000 - 0x00007ffb340b5000 	C:\Windows\System32\KERNELBASE.dll
0x00007ffb348d0000 - 0x00007ffb349ca000 	C:\Windows\System32\ucrtbase.dll
0x0000000075a30000 - 0x0000000075dd0000 	C:\Users\woqls\PycharmProjects\StockNews\venv\Scripts\python36.dll
0x00007ffb36dd0000 - 0x00007ffb36e22000 	C:\Windows\System32\SHLWAPI.dll
0x00007ffb36700000 - 0x00007ffb3679e000 	C:\Windows\System32\msvcrt.dll
0x00007ffb367a0000 - 0x00007ffb36ad5000 	C:\Windows\System32\combase.dll
0x00007ffb363a0000 - 0x00007ffb364c0000 	C:\Windows\System32\RPCRT4.dll
0x00007ffb34eb0000 - 0x00007ffb34f30000 	C:\Windows\System32\bcryptPrimitives.dll
0x00007ffb36610000 - 0x00007ffb36636000 	C:\Windows\System32\GDI32.dll
0x00007ffb348a0000 - 0x00007ffb348c1000 	C:\Windows\System32\win32u.dll
0x00007ffb34ba0000 - 0x00007ffb34d36000 	C:\Windows\System32\gdi32full.dll
0x00007ffb34ad0000 - 0x00007ffb34b6e000 	C:\Windows\System32\msvcp_win.dll
0x00007ffb35900000 - 0x00007ffb35a95000 	C:\Windows\System32\USER32.dll
0x00007ffb36230000 - 0x00007ffb3629f000 	C:\Windows\System32\WS2_32.dll
0x00007ffb36ae0000 - 0x00007ffb36b83000 	C:\Windows\System32\ADVAPI32.dll
0x00007ffb36300000 - 0x00007ffb36397000 	C:\Windows\System32\sechost.dll
0x00007ffb238c0000 - 0x00007ffb238d7000 	C:\Users\woqls\PycharmProjects\StockNews\venv\Scripts\VCRUNTIME140.dll
0x00007ffb2e9b0000 - 0x00007ffb2e9ba000 	C:\Windows\SYSTEM32\VERSION.dll
0x00007ffb35d30000 - 0x00007ffb35d5e000 	C:\Windows\System32\IMM32.DLL
0x00007ffb34e90000 - 0x00007ffb34ea7000 	C:\Windows\System32\CRYPTSP.dll
0x00007ffb33100000 - 0x00007ffb33133000 	C:\Windows\system32\rsaenh.dll
0x00007ffb34b70000 - 0x00007ffb34b96000 	C:\Windows\System32\bcrypt.dll
0x00007ffb33760000 - 0x00007ffb3376c000 	C:\Windows\SYSTEM32\CRYPTBASE.dll
0x00007ffb23830000 - 0x00007ffb2383f000 	C:\Users\woqls\PycharmProjects\StockNews\venv\Scripts\python3.dll
0x0000000050030000 - 0x000000005004a000 	C:\Users\woqls\AppData\Local\Programs\Python\Python36\DLLs\_bz2.pyd
0x00007ffb19600000 - 0x00007ffb19642000 	C:\Users\woqls\AppData\Local\Programs\Python\Python36\DLLs\_lzma.pyd
0x00007ffb18e20000 - 0x00007ffb18fbc000 	C:\Users\woqls\AppData\Local\Programs\Python\Python36\DLLs\_hashlib.pyd
0x0000000050010000 - 0x0000000050025000 	C:\Users\woqls\AppData\Local\Programs\Python\Python36\DLLs\_socket.pyd
0x0000000050000000 - 0x000000005000a000 	C:\Users\woqls\AppData\Local\Programs\Python\Python36\DLLs\select.pyd
0x00007ffb18c20000 - 0x00007ffb18e1d000 	C:\Users\woqls\AppData\Local\Programs\Python\Python36\DLLs\_ssl.pyd
0x00007ffb34d40000 - 0x00007ffb34e89000 	C:\Windows\System32\CRYPT32.dll
0x00007ffb33dc0000 - 0x00007ffb33dd2000 	C:\Windows\System32\MSASN1.dll
0x00007ffb33590000 - 0x00007ffb335f7000 	C:\Windows\system32\mswsock.dll
0x0000000077b90000 - 0x0000000077bb3000 	C:\Users\woqls\AppData\Local\Programs\Python\Python36\DLLs\_ctypes.pyd
0x00007ffb357a0000 - 0x00007ffb358f7000 	C:\Windows\System32\ole32.dll
0x00007ffb34f30000 - 0x00007ffb34ff5000 	C:\Windows\System32\OLEAUT32.dll
0x000000006df40000 - 0x000000006fbc8000 	C:\Users\woqls\PycharmProjects\StockNews\venv\lib\site-packages\numpy\.libs\libopenblas.PYQHXLVVQ7VESDPUVUADXEVJOBGHJPAY.gfortran-win_amd64.dll
0x00007ffb180a0000 - 0x00007ffb18357000 	C:\Users\woqls\PycharmProjects\StockNews\venv\lib\site-packages\numpy\core\_multiarray_umath.cp36-win_amd64.pyd
0x00007ffb23880000 - 0x00007ffb2389f000 	C:\Users\woqls\PycharmProjects\StockNews\venv\lib\site-packages\numpy\core\_multiarray_tests.cp36-win_amd64.pyd
0x00007ffb30120000 - 0x00007ffb3012b000 	C:\Users\woqls\PycharmProjects\StockNews\venv\lib\site-packages\numpy\linalg\lapack_lite.cp36-win_amd64.pyd
0x00007ffb237e0000 - 0x00007ffb23806000 	C:\Users\woqls\PycharmProjects\StockNews\venv\lib\site-packages\numpy\linalg\_umath_linalg.cp36-win_amd64.pyd
0x0000000077b40000 - 0x0000000077b85000 	C:\Users\woqls\AppData\Local\Programs\Python\Python36\DLLs\_decimal.pyd
0x00007ffb1f4b0000 - 0x00007ffb1f4d0000 	C:\Users\woqls\PycharmProjects\StockNews\venv\lib\site-packages\numpy\fft\_pocketfft_internal.cp36-win_amd64.pyd
0x00007ffb18b90000 - 0x00007ffb18c1d000 	C:\Users\woqls\PycharmProjects\StockNews\venv\lib\site-packages\numpy\random\mtrand.cp36-win_amd64.pyd
0x00007ffb19920000 - 0x00007ffb19949000 	C:\Users\woqls\PycharmProjects\StockNews\venv\lib\site-packages\numpy\random\_bit_generator.cp36-win_amd64.pyd
0x00007ffb195d0000 - 0x00007ffb195fd000 	C:\Users\woqls\PycharmProjects\StockNews\venv\lib\site-packages\numpy\random\_common.cp36-win_amd64.pyd
0x00007ffb19370000 - 0x00007ffb193b6000 	C:\Users\woqls\PycharmProjects\StockNews\venv\lib\site-packages\numpy\random\_bounded_integers.cp36-win_amd64.pyd
0x00007ffb195b0000 - 0x00007ffb195cc000 	C:\Users\woqls\PycharmProjects\StockNews\venv\lib\site-packages\numpy\random\_mt19937.cp36-win_amd64.pyd
0x00007ffb19350000 - 0x00007ffb19367000 	C:\Users\woqls\PycharmProjects\StockNews\venv\lib\site-packages\numpy\random\_philox.cp36-win_amd64.pyd
0x00007ffb18080000 - 0x00007ffb18095000 	C:\Users\woqls\PycharmProjects\StockNews\venv\lib\site-packages\numpy\random\_pcg64.cp36-win_amd64.pyd
0x00007ffb18060000 - 0x00007ffb18072000 	C:\Users\woqls\PycharmProjects\StockNews\venv\lib\site-packages\numpy\random\_sfc64.cp36-win_amd64.pyd
0x00007ffb17fc0000 - 0x00007ffb1805f000 	C:\Users\woqls\PycharmProjects\StockNews\venv\lib\site-packages\numpy\random\_generator.cp36-win_amd64.pyd
0x00007ffafcff0000 - 0x00007ffafd112000 	C:\Users\woqls\PycharmProjects\StockNews\venv\lib\site-packages\pandas\_libs\interval.cp36-win_amd64.pyd
0x00007ffb17d60000 - 0x00007ffb17dea000 	C:\Users\woqls\PycharmProjects\StockNews\venv\lib\site-packages\pandas\_libs\hashtable.cp36-win_amd64.pyd
0x00007ffb17d30000 - 0x00007ffb17d5e000 	C:\Users\woqls\PycharmProjects\StockNews\venv\lib\site-packages\pandas\_libs\missing.cp36-win_amd64.pyd
0x00007ffb17d10000 - 0x00007ffb17d30000 	C:\Users\woqls\PycharmProjects\StockNews\venv\lib\site-packages\pandas\_libs\tslibs\dtypes.cp36-win_amd64.pyd
0x00007ffb17890000 - 0x00007ffb178d0000 	C:\Users\woqls\PycharmProjects\StockNews\venv\lib\site-packages\pandas\_libs\tslibs\conversion.cp36-win_amd64.pyd
0x00007ffb23870000 - 0x00007ffb23880000 	C:\Users\woqls\PycharmProjects\StockNews\venv\lib\site-packages\pandas\_libs\tslibs\base.cp36-win_amd64.pyd
0x00007ffb170d0000 - 0x00007ffb17103000 	C:\Users\woqls\PycharmProjects\StockNews\venv\lib\site-packages\pandas\_libs\tslibs\nattype.cp36-win_amd64.pyd
0x00007ffb237d0000 - 0x00007ffb237e0000 	C:\Users\woqls\PycharmProjects\StockNews\venv\lib\site-packages\pandas\_libs\tslibs\np_datetime.cp36-win_amd64.pyd
0x00007ffb17090000 - 0x00007ffb170c7000 	C:\Users\woqls\PycharmProjects\StockNews\venv\lib\site-packages\pandas\_libs\tslibs\timezones.cp36-win_amd64.pyd
0x00007ffb17050000 - 0x00007ffb1708e000 	C:\Users\woqls\PycharmProjects\StockNews\venv\lib\site-packages\pandas\_libs\tslibs\tzconversion.cp36-win_amd64.pyd
0x00007ffb17cf0000 - 0x00007ffb17d03000 	C:\Users\woqls\PycharmProjects\StockNews\venv\lib\site-packages\pandas\_libs\tslibs\ccalendar.cp36-win_amd64.pyd
0x00007ffb161f0000 - 0x00007ffb16247000 	C:\Users\woqls\PycharmProjects\StockNews\venv\lib\site-packages\pandas\_libs\tslibs\parsing.cp36-win_amd64.pyd
0x00007ffafcf10000 - 0x00007ffafcfe7000 	C:\Users\woqls\PycharmProjects\StockNews\venv\lib\site-packages\pandas\_libs\tslibs\offsets.cp36-win_amd64.pyd
0x00007ffb0e250000 - 0x00007ffb0e2b4000 	C:\Users\woqls\PycharmProjects\StockNews\venv\lib\site-packages\pandas\_libs\tslibs\timedeltas.cp36-win_amd64.pyd
0x00007ffb0ddc0000 - 0x00007ffb0de27000 	C:\Users\woqls\PycharmProjects\StockNews\venv\lib\site-packages\pandas\_libs\tslibs\timestamps.cp36-win_amd64.pyd
0x00007ffb17010000 - 0x00007ffb1704f000 	C:\Users\woqls\PycharmProjects\StockNews\venv\lib\site-packages\pandas\_libs\tslibs\fields.cp36-win_amd64.pyd
0x00007ffafdd40000 - 0x00007ffafdd92000 	C:\Users\woqls\PycharmProjects\StockNews\venv\lib\site-packages\pandas\_libs\tslibs\strptime.cp36-win_amd64.pyd
0x00007ffb13cd0000 - 0x00007ffb13ce4000 	C:\Users\woqls\PycharmProjects\StockNews\venv\lib\site-packages\pandas\_libs\properties.cp36-win_amd64.pyd
0x00007ffafdce0000 - 0x00007ffafdd3f000 	C:\Users\woqls\PycharmProjects\StockNews\venv\lib\site-packages\pandas\_libs\tslibs\period.cp36-win_amd64.pyd
0x00007ffafe110000 - 0x00007ffafe147000 	C:\Users\woqls\PycharmProjects\StockNews\venv\lib\site-packages\pandas\_libs\tslibs\vectorized.cp36-win_amd64.pyd
0x00007ffb12ab0000 - 0x00007ffb12ac2000 	C:\Users\woqls\PycharmProjects\StockNews\venv\lib\site-packages\pandas\_libs\ops_dispatch.cp36-win_amd64.pyd
0x00007ffaf6730000 - 0x00007ffaf6875000 	C:\Users\woqls\PycharmProjects\StockNews\venv\lib\site-packages\pandas\_libs\algos.cp36-win_amd64.pyd
0x00007ffafd800000 - 0x00007ffafd878000 	C:\Users\woqls\PycharmProjects\StockNews\venv\lib\site-packages\pandas\_libs\lib.cp36-win_amd64.pyd
0x00007ffb0f3b0000 - 0x00007ffb0f3d8000 	C:\Users\woqls\PycharmProjects\StockNews\venv\lib\site-packages\pandas\_libs\tslib.cp36-win_amd64.pyd
0x00007ffb0f130000 - 0x00007ffb0f15d000 	C:\Users\woqls\PycharmProjects\StockNews\venv\lib\site-packages\pandas\_libs\hashing.cp36-win_amd64.pyd
0x00007ffafdb10000 - 0x00007ffafdb44000 	C:\Users\woqls\PycharmProjects\StockNews\venv\lib\site-packages\pandas\_libs\ops.cp36-win_amd64.pyd
0x00007ffafb8e0000 - 0x00007ffafb95c000 	C:\Users\woqls\PycharmProjects\StockNews\venv\lib\site-packages\pandas\_libs\index.cp36-win_amd64.pyd
0x00007ffaf3a40000 - 0x00007ffaf3c3a000 	C:\Users\woqls\PycharmProjects\StockNews\venv\lib\site-packages\pandas\_libs\join.cp36-win_amd64.pyd
0x00007ffaf7c60000 - 0x00007ffaf7d33000 	C:\Users\woqls\PycharmProjects\StockNews\venv\lib\site-packages\pandas\_libs\sparse.cp36-win_amd64.pyd
0x00007ffafd890000 - 0x00007ffafd8cf000 	C:\Users\woqls\PycharmProjects\StockNews\venv\lib\site-packages\pandas\_libs\reshape.cp36-win_amd64.pyd
0x00007ffb21a30000 - 0x00007ffb21a40000 	C:\Users\woqls\PycharmProjects\StockNews\venv\lib\site-packages\pandas\_libs\indexing.cp36-win_amd64.pyd
0x00007ffafced0000 - 0x00007ffafcf03000 	C:\Users\woqls\PycharmProjects\StockNews\venv\lib\site-packages\pandas\_libs\writers.cp36-win_amd64.pyd
0x00007ffaf7c20000 - 0x00007ffaf7c5b000 	C:\Users\woqls\PycharmProjects\StockNews\venv\lib\site-packages\pandas\_libs\internals.cp36-win_amd64.pyd
0x0000000075950000 - 0x0000000075a30000 	C:\Users\woqls\AppData\Local\Programs\Python\Python36\DLLs\unicodedata.pyd
0x00007ffaf7ac0000 - 0x00007ffaf7b1c000 	C:\Users\woqls\PycharmProjects\StockNews\venv\lib\site-packages\pandas\_libs\window\aggregations.cp36-win_amd64.pyd
0x00007ffaf6e00000 - 0x00007ffaf6e9b000 	C:\Users\woqls\PycharmProjects\StockNews\venv\lib\site-packages\pandas\_libs\window\MSVCP140.dll
0x00007ffb0dd90000 - 0x00007ffb0ddbb000 	C:\Users\woqls\PycharmProjects\StockNews\venv\lib\site-packages\pandas\_libs\window\indexers.cp36-win_amd64.pyd
0x00007ffaf3940000 - 0x00007ffaf3a33000 	C:\Users\woqls\PycharmProjects\StockNews\venv\lib\site-packages\pandas\_libs\groupby.cp36-win_amd64.pyd
0x00007ffaf7450000 - 0x00007ffaf7498000 	C:\Users\woqls\PycharmProjects\StockNews\venv\lib\site-packages\pandas\_libs\reduction.cp36-win_amd64.pyd
0x00007ffaf38c0000 - 0x00007ffaf3931000 	C:\Users\woqls\PycharmProjects\StockNews\venv\lib\site-packages\pandas\_libs\parsers.cp36-win_amd64.pyd
0x00007ffb0fa50000 - 0x00007ffb0fa65000 	C:\Users\woqls\PycharmProjects\StockNews\venv\lib\site-packages\pandas\_libs\json.cp36-win_amd64.pyd
0x00007ffb0f400000 - 0x00007ffb0f417000 	C:\Users\woqls\PycharmProjects\StockNews\venv\lib\site-packages\pandas\_libs\testing.cp36-win_amd64.pyd
0x00007ffaf3800000 - 0x00007ffaf38b2000 	C:\Users\woqls\PycharmProjects\StockNews\venv\lib\site-packages\matplotlib\ft2font.cp36-win_amd64.pyd
0x00007ffaf7930000 - 0x00007ffaf7958000 	C:\Users\woqls\PycharmProjects\StockNews\venv\lib\site-packages\kiwisolver.cp36-win_amd64.pyd
0x00007ffaf7420000 - 0x00007ffaf744d000 	C:\Users\woqls\PycharmProjects\StockNews\venv\lib\site-packages\matplotlib\_path.cp36-win_amd64.pyd
0x00000000766b0000 - 0x00000000766dd000 	C:\Users\woqls\AppData\Local\Programs\Python\Python36\DLLs\_elementtree.pyd
0x00007ffaf6dc0000 - 0x00007ffaf6df4000 	C:\Users\woqls\AppData\Local\Programs\Python\Python36\DLLs\pyexpat.pyd
0x00007ffaf3590000 - 0x00007ffaf37ff000 	C:\Users\woqls\PycharmProjects\StockNews\venv\lib\site-packages\PIL\_imaging.cp36-win_amd64.pyd
0x00007ffaf68b0000 - 0x00007ffaf68de000 	C:\Users\woqls\PycharmProjects\StockNews\venv\lib\site-packages\matplotlib\_image.cp36-win_amd64.pyd
0x00007ffafde90000 - 0x00007ffafdea4000 	C:\Users\woqls\AppData\Local\Programs\Python\Python36\DLLs\_tkinter.pyd
0x0000000075760000 - 0x0000000075946000 	C:\Users\woqls\AppData\Local\Programs\Python\Python36\DLLs\tk86t.dll
0x00007ffb35000000 - 0x00007ffb356e7000 	C:\Windows\System32\SHELL32.dll
0x00000000755c0000 - 0x000000007575d000 	C:\Users\woqls\AppData\Local\Programs\Python\Python36\DLLs\tcl86t.dll
0x00007ffb34a80000 - 0x00007ffb34aca000 	C:\Windows\System32\cfgmgr32.dll
0x00007ffb35c80000 - 0x00007ffb35d29000 	C:\Windows\System32\shcore.dll
0x00007ffb34120000 - 0x00007ffb348a0000 	C:\Windows\System32\windows.storage.dll
0x00007ffb33de0000 - 0x00007ffb33e03000 	C:\Windows\System32\profapi.dll
0x00007ffb22680000 - 0x00007ffb22697000 	C:\Windows\SYSTEM32\NETAPI32.dll
0x00007ffb33d70000 - 0x00007ffb33dba000 	C:\Windows\System32\powrprof.dll
0x00007ffb33d40000 - 0x00007ffb33d50000 	C:\Windows\System32\UMPDC.dll
0x00007ffb33d50000 - 0x00007ffb33d61000 	C:\Windows\System32\kernel.appcore.dll
0x00007ffb35ac0000 - 0x00007ffb35b90000 	C:\Windows\System32\COMDLG32.dll
0x00007ffb33c60000 - 0x00007ffb33c85000 	C:\Windows\SYSTEM32\USERENV.dll
0x00007ffb261e0000 - 0x00007ffb26464000 	C:\Windows\WinSxS\amd64_microsoft.windows.common-controls_6595b64144ccf1df_6.0.18362.1082_none_9e8193e1e45b25c1\COMCTL32.dll
0x00007ffb2f210000 - 0x00007ffb2f228000 	C:\Windows\SYSTEM32\SAMCLI.DLL
0x00007ffb333b0000 - 0x00007ffb333bc000 	C:\Windows\SYSTEM32\NETUTILS.DLL
0x00007ffb333c0000 - 0x00007ffb33402000 	C:\Windows\SYSTEM32\LOGONCLI.DLL
0x00007ffb20e70000 - 0x00007ffb20e7d000 	C:\Users\woqls\PycharmProjects\StockNews\venv\lib\site-packages\matplotlib\backends\_tkagg.cp36-win_amd64.pyd
0x00007ffb364c0000 - 0x00007ffb364c8000 	C:\Windows\System32\PSAPI.DLL
0x00007ffaf66f0000 - 0x00007ffaf6727000 	C:\Users\woqls\PycharmProjects\StockNews\venv\lib\site-packages\matplotlib\backends\_backend_agg.cp36-win_amd64.pyd
0x00007ffaedd20000 - 0x00007ffaeee07000 	C:\Windows\SYSTEM32\nvcuda.dll
0x00007ffaf3520000 - 0x00007ffaf358d000 	C:\Program Files\NVIDIA GPU Computing Toolkit\CUDA\v10.0\bin\cudart64_100.dll
0x00007ffad6d20000 - 0x00007ffaedd13000 	C:\Program Files\NVIDIA GPU Computing Toolkit\CUDA\v10.0\bin\cudnn64_7.dll

dbghelp: loaded successfully - version: 4.0.5 - missing functions: none
symbol engine: initialized successfully - sym options: 0x614 - pdb path: .;C:\Users\woqls\PycharmProjects\StockNews\venv\Scripts;C:\Windows\SYSTEM32;C:\Users\woqls\AppData\Local\Programs\Python\Python36\DLLs;C:\Users\woqls\PycharmProjects\StockNews\venv\lib\site-packages\numpy\.libs;C:\Users\woqls\PycharmProjects\StockNews\venv\lib\site-packages\numpy\core;C:\Users\woqls\PycharmProjects\StockNews\venv\lib\site-packages\numpy\linalg;C:\Users\woqls\PycharmProjects\StockNews\venv\lib\site-packages\numpy\fft;C:\Users\woqls\PycharmProjects\StockNews\venv\lib\site-packages\numpy\random;C:\Users\woqls\PycharmProjects\StockNews\venv\lib\site-packages\pandas\_libs;C:\Users\woqls\PycharmProjects\StockNews\venv\lib\site-packages\pandas\_libs\tslibs;C:\Users\woqls\PycharmProjects\StockNews\venv\lib\site-packages\pandas\_libs\window;C:\Users\woqls\PycharmProjects\StockNews\venv\lib\site-packages\matplotlib;C:\Users\woqls\PycharmProjects\StockNews\venv\lib\site-packages;C:\Users\woqls\PycharmProjects\StockNews\venv\lib\site-packages\PIL;C:\Windows\WinSxS\amd64_microsoft.windows.common-controls_6595b64144ccf1df_6.0.18362.1082_none_9e8193e1e45b25c1;C:\Users\woqls\PycharmProjects\StockNews\venv\lib\site-packages\matplotlib\backends;C:\Program Files\NVIDIA GPU Computing Toolkit\CUDA\v10.0\bin;C:\Users\woqls\PycharmProjects\StockNews\venv\lib\site-packages\tensorflow\python;C:\Users\woqls\PycharmProjects\StockNews\venv\lib\site-packages\google\protobuf\internal;C:\Users\woqls\PycharmProjects\StockNews\venv\lib\site-packages\google\protobuf\pyext;C:\Users\woqls\PycharmProjects\StockNews\venv\lib\site-packages\wrapt;C:\Users\woqls\PycharmProjects\StockNews\venv\lib\site-packages\h5py;C:\Users\woqls\PycharmProjects\StockNews\venv\lib\site-packages\scipy\_lib;C:\Users\woqls\PycharmProjects\StockNews\venv\lib\site-packages\scipy\_lib\_uarray;C:\Users\woqls\PycharmProjects\StockNews\venv\lib\site-packages\scipy\fft\_pocketfft;C:\Users\woqls\PycharmProjects\StockNews\venv\lib\site-packages\scipy\sparse;C:\Users\woqls\PycharmProjects\StockNews\venv\lib\site-packages\scipy\sparse\csgraph;C:\Users\woqls\PycharmProjects\StockNews\venv\lib\site-packages\scipy\ndimage;C:\Users\woqls\PycharmProjects\StockNews\venv\lib\site-packages\scipy\linalg;C:\Users\woqls\PycharmProjects\StockNews\venv\lib\site-packages\scipy\.libs;C:\Users\woqls\PycharmProjects\StockNews\venv\lib\site-packages\lxml;C:\Users\woqls\AppData\Local\Programs\Python\Python36\tcl\reg1.3;C:\Program Files\Java\jdk-11.0.1\bin\server;C:\Program Files\Java\jdk-11.0.1\bin

VM Arguments:
jvm_args: -Dfile.encoding=UTF8 -ea -Xmx1024m 
java_command: <unknown>
java_class_path (initial): C:\Users\woqls\PycharmProjects\StockNews\venv\lib\site-packages\konlpy\java;C:\Users\woqls\PycharmProjects\StockNews\venv\lib\site-packages\konlpy\java\bin;C:\Users\woqls\PycharmProjects\StockNews\venv\lib\site-packages\konlpy\java\*;C:\Users\woqls\PycharmProjects\StockNews\venv\lib\site-packages\konlpy\java\jhannanum-0.8.4.jar;C:\Users\woqls\PycharmProjects\StockNews\venv\lib\site-packages\konlpy\java\kkma-2.0.jar;C:\Users\woqls\PycharmProjects\StockNews\venv\lib\site-packages\konlpy\java\aho-corasick.jar;C:\Users\woqls\PycharmProjects\StockNews\venv\lib\site-packages\konlpy\java\shineware-common-1.0.jar;C:\Users\woqls\PycharmProjects\StockNews\venv\lib\site-packages\konlpy\java\shineware-ds-1.0.jar;C:\Users\woqls\PycharmProjects\StockNews\venv\lib\site-packages\konlpy\java\komoran-3.0.jar;C:\Users\woqls\PycharmProjects\StockNews\venv\lib\site-packages\konlpy\java\snakeyaml-1.12.jar;C:\Users\woqls\PycharmProjects\StockNews\venv\lib\site-packages\konlpy\java\scala-library-2.12.3.jar;C:\Users\woqls\PycharmProjects\StockNews\venv\lib\site-packages\konlpy\java\open-korean-text-2.1.0.jar;C:\Users\woqls\PycharmProjects\StockNews\venv\lib\site-packages\konlpy\java\twitter-text-1.14.7.jar;C:\Users\woqls\PycharmProjects\StockNews\venv\lib\site-packages\konlpy\java\*
Launcher Type: generic

[Global flags]
     intx CICompilerCount                          = 3                                         {product} {ergonomic}
     uint ConcGCThreads                            = 1                                         {product} {ergonomic}
     uint G1ConcRefinementThreads                  = 4                                         {product} {ergonomic}
   size_t G1HeapRegionSize                         = 1048576                                   {product} {ergonomic}
    uintx GCDrainStackTargetSize                   = 64                                        {product} {ergonomic}
   size_t InitialHeapSize                          = 268435456                                 {product} {ergonomic}
   size_t MarkStackSize                            = 4194304                                   {product} {ergonomic}
   size_t MaxHeapSize                              = 1073741824                                {product} {command line}
   size_t MaxNewSize                               = 643825664                                 {product} {ergonomic}
   size_t MinHeapDeltaBytes                        = 1048576                                   {product} {ergonomic}
    uintx NonNMethodCodeHeapSize                   = 5830092                                {pd product} {ergonomic}
    uintx NonProfiledCodeHeapSize                  = 122914074                              {pd product} {ergonomic}
    uintx ProfiledCodeHeapSize                     = 122914074                              {pd product} {ergonomic}
    uintx ReservedCodeCacheSize                    = 251658240                              {pd product} {ergonomic}
     bool SegmentedCodeCache                       = true                                      {product} {ergonomic}
     bool UseCompressedClassPointers               = true                                 {lp64_product} {ergonomic}
     bool UseCompressedOops                        = true                                 {lp64_product} {ergonomic}
     bool UseG1GC                                  = true                                      {product} {ergonomic}
     bool UseLargePagesIndividualAllocation        = false                                  {pd product} {ergonomic}

Logging:
Log output configuration:
 #0: stdout all=warning uptime,level,tags
 #1: stderr all=off uptime,level,tags

Environment Variables:
JAVA_HOME=C:\Program Files\Java\jdk-11.0.1
PATH=C:\Users\woqls\PycharmProjects\StockNews\venv\Scripts;C:\Program Files\Java\jdk-11.0.1\bin\;C:\Program Files (x86)\Common Files\Oracle\Java\javapath;C:\Python35\Lib\site-packages\PyQt5;C:\Program Files (x86)\NetSarang\Xshell 6\;D:\app\woqls\product\11.2.0\dbhome_2\bin;C:\Program Files\NVIDIA GPU Computing Toolkit\CUDA\v10.0\bin;C:\Program Files\NVIDIA GPU Computing Toolkit\CUDA\v10.0\libnvvp;C:\Program Files\Python38\Scripts\;C:\Program Files\Python38\;C:\Windows\system32;C:\Windows;C:\Windows\System32\Wbem;C:\Windows\System32\WindowsPowerShell\v1.0\;C:\Windows\System32\OpenSSH\;C:\Program Files\dotnet\;C:\Program Files\Microsoft SQL Server\130\Tools\Binn\;C:\Program Files\Microsoft SQL Server\Client SDK\ODBC\170\Tools\Binn\;C:\Program Files (x86)\NVIDIA Corporation\PhysX\Common;C:\Program Files\NVIDIA Corporation\NVIDIA NvDLISR;C:\Program Files\NVIDIA GPU Computing Toolkit\CUDA\v10.0\extras\CUPTI\libx64;C:\Program Files\NVIDIA GPU Computing Toolkit\CUDA\v10.0\bin;C:\Program Files\NVIDIA Corporation\Nsight Compute 2019.4.0\;D:\ProgramFiles\Git\cmd;D:\ProgramFiles\Java\jdk-14;D:\ProgramFiles\Java;C:\Program Files\Tesseract-OCR\;C:\Program Files\PuTTY\;c:\users\woqls\appdata\local\programs\python\python36\lib\site-packages;C:\Program Files\nodejs\;C:\opencv\build\x64\vc14\bin;C:\Program Files\NVIDIA GPU Computing Toolkit\CUDA\v10.0\lib;C:\Program Files\NVIDIA GPU Computing Toolkit\CUDA\v10.0\include;C:\Program Files\NVIDIA GPU Computing Toolkit\CUDA\v10.0\include\bin;C:\Users\woqls\anaconda3;C:\Users\woqls\anaconda3\Library\mingw-w64\bin;C:\Users\woqls\anaconda3\Library\usr\bin;C:\Users\woqls\anaconda3\Library\bin;C:\Users\woqls\anaconda3\Scripts;C:\Users\woqls\AppData\Local\Programs\Python\Python36\Scripts\;C:\Users\woqls\AppData\Local\Programs\Python\Python36\;C:\Users\woqls\AppData\Local\Microsoft\WindowsApps;C:\Program Files\JetBrains\PyCharm 2019.3.4\bin;;C:\Users\woqls\AppData\Local\Programs\Microsoft VS Code\bin;C:\Program Files\JetBrains\PyCharm Community Ed
USERNAME=woqls
OS=Windows_NT
PROCESSOR_IDENTIFIER=Intel64 Family 6 Model 158 Stepping 11, GenuineIntel



---------------  S Y S T E M  ---------------

OS: Windows 10 , 64 bit Build 18362 (10.0.18362.1082)

CPU:total 4 (initial active 4) (4 cores per cpu, 1 threads per core) family 6 model 158 stepping 11, cmov, cx8, fxsr, mmx, sse, sse2, sse3, ssse3, sse4.1, sse4.2, popcnt, avx, avx2, aes, clmul, erms, 3dnowpref, lzcnt, tsc, tscinvbit, bmi1, bmi2, adx, fma

Memory: 4k page, system-wide physical 16346M (8163M free)
TotalPageFile size 20851M (AvailPageFile size 2767M)
current process WorkingSet (physical memory assigned to process): 1481M, peak: 1534M
current process commit charge ("private bytes"): 5991M, peak: 6041M

vm_info: OpenJDK 64-Bit Server VM (11.0.1+13) for windows-amd64 JRE (11.0.1+13), built on Oct  6 2018 13:18:13 by "mach5one" with MS VC++ 15.5 (VS2017)

END.
